<?xml version="1.0" encoding="UTF-8"?>
<testsuite xmlns:xsi="http://www.w3.org/2001/XMLSchema-instance" xsi:noNamespaceSchemaLocation="https://maven.apache.org/surefire/maven-surefire-plugin/xsd/surefire-test-report-3.0.xsd" version="3.0" name="io.github.bonigarcia.webdriver.jupiter.ch04.screenshots.ScreenshotBase64JupiterTest" time="0.855" tests="1" errors="0" skipped="0" failures="0">
  <properties>
    <property name="java.specification.version" value="17"/>
    <property name="webdriver.chrome.driver" value="/home/tiago/.cache/selenium/chromedriver/linux64/122.0.6261.111/chromedriver"/>
    <property name="sun.jnu.encoding" value="UTF-8"/>
    <property name="java.class.path" value="/home/tiago/UA/3 Ano/2 Semestre/TQS/TQS_108546/lab4/selenium-webdriver-junit5/target/test-classes:/home/tiago/UA/3 Ano/2 Semestre/TQS/TQS_108546/lab4/selenium-webdriver-junit5/target/classes:/home/tiago/.m2/repository/org/slf4j/slf4j-api/2.0.12/slf4j-api-2.0.12.jar:/home/tiago/.m2/repository/ch/qos/logback/logback-classic/1.5.3/logback-classic-1.5.3.jar:/home/tiago/.m2/repository/ch/qos/logback/logback-core/1.5.3/logback-core-1.5.3.jar:/home/tiago/.m2/repository/org/seleniumhq/selenium/htmlunit-driver/4.13.0/htmlunit-driver-4.13.0.jar:/home/tiago/.m2/repository/net/sourceforge/htmlunit/htmlunit/2.70.0/htmlunit-2.70.0.jar:/home/tiago/.m2/repository/net/sourceforge/htmlunit/htmlunit-core-js/2.70.0/htmlunit-core-js-2.70.0.jar:/home/tiago/.m2/repository/net/sourceforge/htmlunit/neko-htmlunit/2.70.0/neko-htmlunit-2.70.0.jar:/home/tiago/.m2/repository/net/sourceforge/htmlunit/htmlunit-cssparser/1.14.0/htmlunit-cssparser-1.14.0.jar:/home/tiago/.m2/repository/net/sourceforge/htmlunit/htmlunit-xpath/2.70.0/htmlunit-xpath-2.70.0.jar:/home/tiago/.m2/repository/org/apache/commons/commons-text/1.10.0/commons-text-1.10.0.jar:/home/tiago/.m2/repository/commons-logging/commons-logging/1.2/commons-logging-1.2.jar:/home/tiago/.m2/repository/commons-net/commons-net/3.9.0/commons-net-3.9.0.jar:/home/tiago/.m2/repository/commons-codec/commons-codec/1.15/commons-codec-1.15.jar:/home/tiago/.m2/repository/com/shapesecurity/salvation2/3.0.1/salvation2-3.0.1.jar:/home/tiago/.m2/repository/org/eclipse/jetty/websocket/websocket-client/9.4.50.v20221201/websocket-client-9.4.50.v20221201.jar:/home/tiago/.m2/repository/org/eclipse/jetty/jetty-client/9.4.50.v20221201/jetty-client-9.4.50.v20221201.jar:/home/tiago/.m2/repository/org/eclipse/jetty/jetty-http/9.4.50.v20221201/jetty-http-9.4.50.v20221201.jar:/home/tiago/.m2/repository/org/eclipse/jetty/jetty-util/9.4.50.v20221201/jetty-util-9.4.50.v20221201.jar:/home/tiago/.m2/repository/org/eclipse/jetty/jetty-io/9.4.50.v20221201/jetty-io-9.4.50.v20221201.jar:/home/tiago/.m2/repository/org/eclipse/jetty/websocket/websocket-common/9.4.50.v20221201/websocket-common-9.4.50.v20221201.jar:/home/tiago/.m2/repository/org/eclipse/jetty/websocket/websocket-api/9.4.50.v20221201/websocket-api-9.4.50.v20221201.jar:/home/tiago/.m2/repository/org/seleniumhq/selenium/selenium-java/4.18.1/selenium-java-4.18.1.jar:/home/tiago/.m2/repository/org/seleniumhq/selenium/selenium-api/4.18.1/selenium-api-4.18.1.jar:/home/tiago/.m2/repository/org/seleniumhq/selenium/selenium-chrome-driver/4.18.1/selenium-chrome-driver-4.18.1.jar:/home/tiago/.m2/repository/org/seleniumhq/selenium/selenium-chromium-driver/4.18.1/selenium-chromium-driver-4.18.1.jar:/home/tiago/.m2/repository/org/seleniumhq/selenium/selenium-devtools-v120/4.18.1/selenium-devtools-v120-4.18.1.jar:/home/tiago/.m2/repository/org/seleniumhq/selenium/selenium-devtools-v121/4.18.1/selenium-devtools-v121-4.18.1.jar:/home/tiago/.m2/repository/org/seleniumhq/selenium/selenium-devtools-v122/4.18.1/selenium-devtools-v122-4.18.1.jar:/home/tiago/.m2/repository/org/seleniumhq/selenium/selenium-devtools-v85/4.18.1/selenium-devtools-v85-4.18.1.jar:/home/tiago/.m2/repository/org/seleniumhq/selenium/selenium-edge-driver/4.18.1/selenium-edge-driver-4.18.1.jar:/home/tiago/.m2/repository/org/seleniumhq/selenium/selenium-firefox-driver/4.18.1/selenium-firefox-driver-4.18.1.jar:/home/tiago/.m2/repository/org/seleniumhq/selenium/selenium-ie-driver/4.18.1/selenium-ie-driver-4.18.1.jar:/home/tiago/.m2/repository/org/seleniumhq/selenium/selenium-remote-driver/4.18.1/selenium-remote-driver-4.18.1.jar:/home/tiago/.m2/repository/io/opentelemetry/semconv/opentelemetry-semconv/1.23.1-alpha/opentelemetry-semconv-1.23.1-alpha.jar:/home/tiago/.m2/repository/io/opentelemetry/opentelemetry-api/1.35.0/opentelemetry-api-1.35.0.jar:/home/tiago/.m2/repository/io/opentelemetry/opentelemetry-context/1.35.0/opentelemetry-context-1.35.0.jar:/home/tiago/.m2/repository/io/opentelemetry/opentelemetry-exporter-logging/1.35.0/opentelemetry-exporter-logging-1.35.0.jar:/home/tiago/.m2/repository/io/opentelemetry/opentelemetry-sdk-common/1.35.0/opentelemetry-sdk-common-1.35.0.jar:/home/tiago/.m2/repository/io/opentelemetry/opentelemetry-sdk-extension-autoconfigure-spi/1.35.0/opentelemetry-sdk-extension-autoconfigure-spi-1.35.0.jar:/home/tiago/.m2/repository/io/opentelemetry/opentelemetry-sdk-extension-autoconfigure/1.35.0/opentelemetry-sdk-extension-autoconfigure-1.35.0.jar:/home/tiago/.m2/repository/io/opentelemetry/opentelemetry-api-events/1.35.0-alpha/opentelemetry-api-events-1.35.0-alpha.jar:/home/tiago/.m2/repository/io/opentelemetry/opentelemetry-sdk-trace/1.35.0/opentelemetry-sdk-trace-1.35.0.jar:/home/tiago/.m2/repository/io/opentelemetry/opentelemetry-extension-incubator/1.35.0-alpha/opentelemetry-extension-incubator-1.35.0-alpha.jar:/home/tiago/.m2/repository/io/opentelemetry/opentelemetry-sdk/1.35.0/opentelemetry-sdk-1.35.0.jar:/home/tiago/.m2/repository/io/opentelemetry/opentelemetry-sdk-metrics/1.35.0/opentelemetry-sdk-metrics-1.35.0.jar:/home/tiago/.m2/repository/io/opentelemetry/opentelemetry-sdk-logs/1.35.0/opentelemetry-sdk-logs-1.35.0.jar:/home/tiago/.m2/repository/org/seleniumhq/selenium/selenium-os/4.18.1/selenium-os-4.18.1.jar:/home/tiago/.m2/repository/org/apache/commons/commons-exec/1.3/commons-exec-1.3.jar:/home/tiago/.m2/repository/org/seleniumhq/selenium/selenium-safari-driver/4.18.1/selenium-safari-driver-4.18.1.jar:/home/tiago/.m2/repository/org/seleniumhq/selenium/selenium-support/4.18.1/selenium-support-4.18.1.jar:/home/tiago/.m2/repository/org/junit/jupiter/junit-jupiter/5.10.2/junit-jupiter-5.10.2.jar:/home/tiago/.m2/repository/org/junit/jupiter/junit-jupiter-api/5.10.2/junit-jupiter-api-5.10.2.jar:/home/tiago/.m2/repository/org/opentest4j/opentest4j/1.3.0/opentest4j-1.3.0.jar:/home/tiago/.m2/repository/org/junit/platform/junit-platform-commons/1.10.2/junit-platform-commons-1.10.2.jar:/home/tiago/.m2/repository/org/junit/jupiter/junit-jupiter-params/5.10.2/junit-jupiter-params-5.10.2.jar:/home/tiago/.m2/repository/org/junit/jupiter/junit-jupiter-engine/5.10.2/junit-jupiter-engine-5.10.2.jar:/home/tiago/.m2/repository/org/assertj/assertj-core/3.25.3/assertj-core-3.25.3.jar:/home/tiago/.m2/repository/net/bytebuddy/byte-buddy/1.14.11/byte-buddy-1.14.11.jar:/home/tiago/.m2/repository/io/github/bonigarcia/webdrivermanager/5.7.0/webdrivermanager-5.7.0.jar:/home/tiago/.m2/repository/com/google/code/gson/gson/2.10.1/gson-2.10.1.jar:/home/tiago/.m2/repository/com/github/docker-java/docker-java/3.3.5/docker-java-3.3.5.jar:/home/tiago/.m2/repository/com/github/docker-java/docker-java-core/3.3.5/docker-java-core-3.3.5.jar:/home/tiago/.m2/repository/com/github/docker-java/docker-java-api/3.3.5/docker-java-api-3.3.5.jar:/home/tiago/.m2/repository/com/github/docker-java/docker-java-transport-httpclient5/3.3.5/docker-java-transport-httpclient5-3.3.5.jar:/home/tiago/.m2/repository/com/github/docker-java/docker-java-transport/3.3.5/docker-java-transport-3.3.5.jar:/home/tiago/.m2/repository/net/java/dev/jna/jna/5.13.0/jna-5.13.0.jar:/home/tiago/.m2/repository/org/brotli/dec/0.1.2/dec-0.1.2.jar:/home/tiago/.m2/repository/org/apache/commons/commons-lang3/3.14.0/commons-lang3-3.14.0.jar:/home/tiago/.m2/repository/org/apache/commons/commons-compress/1.26.0/commons-compress-1.26.0.jar:/home/tiago/.m2/repository/org/apache/httpcomponents/client5/httpclient5/5.2.1/httpclient5-5.2.1.jar:/home/tiago/.m2/repository/org/apache/httpcomponents/core5/httpcore5/5.2/httpcore5-5.2.jar:/home/tiago/.m2/repository/org/apache/httpcomponents/core5/httpcore5-h2/5.2/httpcore5-h2-5.2.jar:/home/tiago/.m2/repository/org/seleniumhq/selenium/selenium-grid/4.18.1/selenium-grid-4.18.1.jar:/home/tiago/.m2/repository/com/beust/jcommander/1.82/jcommander-1.82.jar:/home/tiago/.m2/repository/com/google/auto/service/auto-service-annotations/1.1.1/auto-service-annotations-1.1.1.jar:/home/tiago/.m2/repository/com/google/guava/guava/33.0.0-jre/guava-33.0.0-jre.jar:/home/tiago/.m2/repository/com/google/guava/failureaccess/1.0.2/failureaccess-1.0.2.jar:/home/tiago/.m2/repository/com/google/guava/listenablefuture/9999.0-empty-to-avoid-conflict-with-guava/listenablefuture-9999.0-empty-to-avoid-conflict-with-guava.jar:/home/tiago/.m2/repository/com/google/code/findbugs/jsr305/3.0.2/jsr305-3.0.2.jar:/home/tiago/.m2/repository/org/checkerframework/checker-qual/3.41.0/checker-qual-3.41.0.jar:/home/tiago/.m2/repository/com/google/errorprone/error_prone_annotations/2.23.0/error_prone_annotations-2.23.0.jar:/home/tiago/.m2/repository/com/google/j2objc/j2objc-annotations/2.8/j2objc-annotations-2.8.jar:/home/tiago/.m2/repository/com/graphql-java/graphql-java/20.2/graphql-java-20.2.jar:/home/tiago/.m2/repository/org/reactivestreams/reactive-streams/1.0.3/reactive-streams-1.0.3.jar:/home/tiago/.m2/repository/com/graphql-java/java-dataloader/3.2.0/java-dataloader-3.2.0.jar:/home/tiago/.m2/repository/dev/failsafe/failsafe/3.3.2/failsafe-3.3.2.jar:/home/tiago/.m2/repository/io/netty/netty-buffer/4.1.107.Final/netty-buffer-4.1.107.Final.jar:/home/tiago/.m2/repository/io/netty/netty-codec-http/4.1.107.Final/netty-codec-http-4.1.107.Final.jar:/home/tiago/.m2/repository/io/netty/netty-codec/4.1.107.Final/netty-codec-4.1.107.Final.jar:/home/tiago/.m2/repository/io/netty/netty-common/4.1.107.Final/netty-common-4.1.107.Final.jar:/home/tiago/.m2/repository/io/netty/netty-handler/4.1.107.Final/netty-handler-4.1.107.Final.jar:/home/tiago/.m2/repository/io/netty/netty-resolver/4.1.107.Final/netty-resolver-4.1.107.Final.jar:/home/tiago/.m2/repository/io/netty/netty-transport-native-unix-common/4.1.107.Final/netty-transport-native-unix-common-4.1.107.Final.jar:/home/tiago/.m2/repository/io/netty/netty-transport/4.1.107.Final/netty-transport-4.1.107.Final.jar:/home/tiago/.m2/repository/io/ous/jtoml/2.0.0/jtoml-2.0.0.jar:/home/tiago/.m2/repository/org/seleniumhq/selenium/selenium-http/4.18.1/selenium-http-4.18.1.jar:/home/tiago/.m2/repository/org/seleniumhq/selenium/selenium-json/4.18.1/selenium-json-4.18.1.jar:/home/tiago/.m2/repository/org/seleniumhq/selenium/selenium-manager/4.18.1/selenium-manager-4.18.1.jar:/home/tiago/.m2/repository/org/zeromq/jeromq/0.6.0/jeromq-0.6.0.jar:/home/tiago/.m2/repository/eu/neilalexander/jnacl/1.0.0/jnacl-1.0.0.jar:/home/tiago/.m2/repository/io/github/artsok/rerunner-jupiter/2.1.6/rerunner-jupiter-2.1.6.jar:/home/tiago/.m2/repository/org/junit/platform/junit-platform-launcher/1.10.2/junit-platform-launcher-1.10.2.jar:/home/tiago/.m2/repository/org/junit/platform/junit-platform-engine/1.10.2/junit-platform-engine-1.10.2.jar:/home/tiago/.m2/repository/org/apiguardian/apiguardian-api/1.1.2/apiguardian-api-1.1.2.jar:/home/tiago/.m2/repository/org/awaitility/awaitility/4.2.0/awaitility-4.2.0.jar:/home/tiago/.m2/repository/org/hamcrest/hamcrest/2.1/hamcrest-2.1.jar:/home/tiago/.m2/repository/net/lightbody/bmp/browsermob-core/2.1.5/browsermob-core-2.1.5.jar:/home/tiago/.m2/repository/net/lightbody/bmp/littleproxy/1.1.0-beta-bmp-17/littleproxy-1.1.0-beta-bmp-17.jar:/home/tiago/.m2/repository/dnsjava/dnsjava/2.1.8/dnsjava-2.1.8.jar:/home/tiago/.m2/repository/org/slf4j/jcl-over-slf4j/1.7.25/jcl-over-slf4j-1.7.25.jar:/home/tiago/.m2/repository/com/jcraft/jzlib/1.1.3/jzlib-1.1.3.jar:/home/tiago/.m2/repository/io/netty/netty-all/4.0.51.Final/netty-all-4.0.51.Final.jar:/home/tiago/.m2/repository/org/bouncycastle/bcprov-jdk15on/1.58/bcprov-jdk15on-1.58.jar:/home/tiago/.m2/repository/org/bouncycastle/bcpkix-jdk15on/1.58/bcpkix-jdk15on-1.58.jar:/home/tiago/.m2/repository/net/lightbody/bmp/mitm/2.1.5/mitm-2.1.5.jar:/home/tiago/.m2/repository/org/zaproxy/zap-clientapi/1.13.0/zap-clientapi-1.13.0.jar:/home/tiago/.m2/repository/org/jdom/jdom/1.1.3/jdom-1.1.3.jar:/home/tiago/.m2/repository/com/deque/html/axe-core/selenium/4.8.2/selenium-4.8.2.jar:/home/tiago/.m2/repository/commons-io/commons-io/2.15.1/commons-io-2.15.1.jar:/home/tiago/.m2/repository/com/fasterxml/jackson/core/jackson-databind/2.16.1/jackson-databind-2.16.1.jar:/home/tiago/.m2/repository/com/fasterxml/jackson/core/jackson-annotations/2.16.1/jackson-annotations-2.16.1.jar:/home/tiago/.m2/repository/com/fasterxml/jackson/core/jackson-core/2.16.1/jackson-core-2.16.1.jar:/home/tiago/.m2/repository/com/deque/html/axe-core/dequeutilites/4.8.2/dequeutilites-4.8.2.jar:/home/tiago/.m2/repository/com/codeborne/selenide/7.2.1/selenide-7.2.1.jar:/home/tiago/.m2/repository/com/codeborne/selenide-core/7.2.1/selenide-core-7.2.1.jar:/home/tiago/.m2/repository/net/datafaker/datafaker/2.1.0/datafaker-2.1.0.jar:/home/tiago/.m2/repository/org/yaml/snakeyaml/2.2/snakeyaml-2.2.jar:/home/tiago/.m2/repository/com/github/mifmif/generex/1.0.2/generex-1.0.2.jar:/home/tiago/.m2/repository/dk/brics/automaton/automaton/1.11-8/automaton-1.11-8.jar:/home/tiago/.m2/repository/com/aventstack/extentreports/5.1.1/extentreports-5.1.1.jar:/home/tiago/.m2/repository/io/reactivex/rxjava3/rxjava/3.1.6/rxjava-3.1.6.jar:/home/tiago/.m2/repository/org/freemarker/freemarker/2.3.32/freemarker-2.3.32.jar:/home/tiago/.m2/repository/io/qameta/allure/allure-junit5/2.25.0/allure-junit5-2.25.0.jar:/home/tiago/.m2/repository/io/qameta/allure/allure-junit-platform/2.25.0/allure-junit-platform-2.25.0.jar:/home/tiago/.m2/repository/io/qameta/allure/allure-java-commons/2.25.0/allure-java-commons-2.25.0.jar:/home/tiago/.m2/repository/io/qameta/allure/allure-model/2.25.0/allure-model-2.25.0.jar:/home/tiago/.m2/repository/io/qameta/allure/allure-test-filter/2.25.0/allure-test-filter-2.25.0.jar:/home/tiago/.m2/repository/org/junit/platform/junit-platform-suite/1.10.2/junit-platform-suite-1.10.2.jar:/home/tiago/.m2/repository/org/junit/platform/junit-platform-suite-api/1.10.2/junit-platform-suite-api-1.10.2.jar:/home/tiago/.m2/repository/org/junit/platform/junit-platform-suite-engine/1.10.2/junit-platform-suite-engine-1.10.2.jar:/home/tiago/.m2/repository/org/junit/platform/junit-platform-suite-commons/1.10.2/junit-platform-suite-commons-1.10.2.jar:/home/tiago/.m2/repository/io/cucumber/cucumber-java/7.15.0/cucumber-java-7.15.0.jar:/home/tiago/.m2/repository/io/cucumber/cucumber-core/7.15.0/cucumber-core-7.15.0.jar:/home/tiago/.m2/repository/io/cucumber/cucumber-gherkin/7.15.0/cucumber-gherkin-7.15.0.jar:/home/tiago/.m2/repository/io/cucumber/cucumber-gherkin-messages/7.15.0/cucumber-gherkin-messages-7.15.0.jar:/home/tiago/.m2/repository/io/cucumber/gherkin/26.2.0/gherkin-26.2.0.jar:/home/tiago/.m2/repository/io/cucumber/messages/22.0.0/messages-22.0.0.jar:/home/tiago/.m2/repository/io/cucumber/tag-expressions/6.0.0/tag-expressions-6.0.0.jar:/home/tiago/.m2/repository/io/cucumber/cucumber-expressions/17.0.1/cucumber-expressions-17.0.1.jar:/home/tiago/.m2/repository/io/cucumber/datatable/7.15.0/datatable-7.15.0.jar:/home/tiago/.m2/repository/io/cucumber/cucumber-plugin/7.15.0/cucumber-plugin-7.15.0.jar:/home/tiago/.m2/repository/io/cucumber/docstring/7.15.0/docstring-7.15.0.jar:/home/tiago/.m2/repository/io/cucumber/html-formatter/20.4.0/html-formatter-20.4.0.jar:/home/tiago/.m2/repository/io/cucumber/junit-xml-formatter/0.2.0/junit-xml-formatter-0.2.0.jar:/home/tiago/.m2/repository/io/cucumber/ci-environment/10.0.0/ci-environment-10.0.0.jar:/home/tiago/.m2/repository/io/cucumber/cucumber-junit-platform-engine/7.15.0/cucumber-junit-platform-engine-7.15.0.jar:/home/tiago/.m2/repository/org/springframework/boot/spring-boot-starter/3.2.3/spring-boot-starter-3.2.3.jar:/home/tiago/.m2/repository/org/springframework/boot/spring-boot/3.2.3/spring-boot-3.2.3.jar:/home/tiago/.m2/repository/org/springframework/spring-context/6.1.4/spring-context-6.1.4.jar:/home/tiago/.m2/repository/org/springframework/boot/spring-boot-autoconfigure/3.2.3/spring-boot-autoconfigure-3.2.3.jar:/home/tiago/.m2/repository/org/springframework/boot/spring-boot-starter-logging/3.2.3/spring-boot-starter-logging-3.2.3.jar:/home/tiago/.m2/repository/org/apache/logging/log4j/log4j-to-slf4j/2.21.1/log4j-to-slf4j-2.21.1.jar:/home/tiago/.m2/repository/org/apache/logging/log4j/log4j-api/2.21.1/log4j-api-2.21.1.jar:/home/tiago/.m2/repository/org/slf4j/jul-to-slf4j/2.0.12/jul-to-slf4j-2.0.12.jar:/home/tiago/.m2/repository/jakarta/annotation/jakarta.annotation-api/2.1.1/jakarta.annotation-api-2.1.1.jar:/home/tiago/.m2/repository/org/springframework/spring-core/6.1.4/spring-core-6.1.4.jar:/home/tiago/.m2/repository/org/springframework/spring-jcl/6.1.4/spring-jcl-6.1.4.jar:/home/tiago/.m2/repository/org/springframework/boot/spring-boot-starter-web/3.2.3/spring-boot-starter-web-3.2.3.jar:/home/tiago/.m2/repository/org/springframework/boot/spring-boot-starter-json/3.2.3/spring-boot-starter-json-3.2.3.jar:/home/tiago/.m2/repository/com/fasterxml/jackson/datatype/jackson-datatype-jdk8/2.15.4/jackson-datatype-jdk8-2.15.4.jar:/home/tiago/.m2/repository/com/fasterxml/jackson/datatype/jackson-datatype-jsr310/2.15.4/jackson-datatype-jsr310-2.15.4.jar:/home/tiago/.m2/repository/com/fasterxml/jackson/module/jackson-module-parameter-names/2.15.4/jackson-module-parameter-names-2.15.4.jar:/home/tiago/.m2/repository/org/springframework/boot/spring-boot-starter-tomcat/3.2.3/spring-boot-starter-tomcat-3.2.3.jar:/home/tiago/.m2/repository/org/apache/tomcat/embed/tomcat-embed-core/10.1.19/tomcat-embed-core-10.1.19.jar:/home/tiago/.m2/repository/org/apache/tomcat/embed/tomcat-embed-el/10.1.19/tomcat-embed-el-10.1.19.jar:/home/tiago/.m2/repository/org/apache/tomcat/embed/tomcat-embed-websocket/10.1.19/tomcat-embed-websocket-10.1.19.jar:/home/tiago/.m2/repository/org/springframework/spring-web/6.1.4/spring-web-6.1.4.jar:/home/tiago/.m2/repository/org/springframework/spring-beans/6.1.4/spring-beans-6.1.4.jar:/home/tiago/.m2/repository/io/micrometer/micrometer-observation/1.12.3/micrometer-observation-1.12.3.jar:/home/tiago/.m2/repository/io/micrometer/micrometer-commons/1.12.3/micrometer-commons-1.12.3.jar:/home/tiago/.m2/repository/org/springframework/spring-webmvc/6.1.4/spring-webmvc-6.1.4.jar:/home/tiago/.m2/repository/org/springframework/spring-aop/6.1.4/spring-aop-6.1.4.jar:/home/tiago/.m2/repository/org/springframework/spring-expression/6.1.4/spring-expression-6.1.4.jar:/home/tiago/.m2/repository/org/springframework/boot/spring-boot-starter-test/3.2.3/spring-boot-starter-test-3.2.3.jar:/home/tiago/.m2/repository/org/springframework/boot/spring-boot-test/3.2.3/spring-boot-test-3.2.3.jar:/home/tiago/.m2/repository/org/springframework/boot/spring-boot-test-autoconfigure/3.2.3/spring-boot-test-autoconfigure-3.2.3.jar:/home/tiago/.m2/repository/com/jayway/jsonpath/json-path/2.9.0/json-path-2.9.0.jar:/home/tiago/.m2/repository/jakarta/xml/bind/jakarta.xml.bind-api/4.0.1/jakarta.xml.bind-api-4.0.1.jar:/home/tiago/.m2/repository/jakarta/activation/jakarta.activation-api/2.1.2/jakarta.activation-api-2.1.2.jar:/home/tiago/.m2/repository/net/minidev/json-smart/2.5.0/json-smart-2.5.0.jar:/home/tiago/.m2/repository/net/minidev/accessors-smart/2.5.0/accessors-smart-2.5.0.jar:/home/tiago/.m2/repository/org/ow2/asm/asm/9.3/asm-9.3.jar:/home/tiago/.m2/repository/org/mockito/mockito-core/5.7.0/mockito-core-5.7.0.jar:/home/tiago/.m2/repository/net/bytebuddy/byte-buddy-agent/1.14.9/byte-buddy-agent-1.14.9.jar:/home/tiago/.m2/repository/org/objenesis/objenesis/3.3/objenesis-3.3.jar:/home/tiago/.m2/repository/org/mockito/mockito-junit-jupiter/5.7.0/mockito-junit-jupiter-5.7.0.jar:/home/tiago/.m2/repository/org/skyscreamer/jsonassert/1.5.1/jsonassert-1.5.1.jar:/home/tiago/.m2/repository/com/vaadin/external/google/android-json/0.0.20131108.vaadin1/android-json-0.0.20131108.vaadin1.jar:/home/tiago/.m2/repository/org/springframework/spring-test/6.1.4/spring-test-6.1.4.jar:/home/tiago/.m2/repository/org/xmlunit/xmlunit-core/2.9.1/xmlunit-core-2.9.1.jar:/home/tiago/.m2/repository/io/appium/java-client/9.1.0/java-client-9.1.0.jar:/home/tiago/.m2/repository/io/rest-assured/rest-assured/5.4.0/rest-assured-5.4.0.jar:/home/tiago/.m2/repository/org/apache/groovy/groovy/4.0.16/groovy-4.0.16.jar:/home/tiago/.m2/repository/org/apache/groovy/groovy-xml/4.0.16/groovy-xml-4.0.16.jar:/home/tiago/.m2/repository/org/apache/httpcomponents/httpclient/4.5.13/httpclient-4.5.13.jar:/home/tiago/.m2/repository/org/apache/httpcomponents/httpcore/4.4.13/httpcore-4.4.13.jar:/home/tiago/.m2/repository/org/apache/httpcomponents/httpmime/4.5.13/httpmime-4.5.13.jar:/home/tiago/.m2/repository/org/ccil/cowan/tagsoup/tagsoup/1.2.1/tagsoup-1.2.1.jar:/home/tiago/.m2/repository/io/rest-assured/json-path/5.4.0/json-path-5.4.0.jar:/home/tiago/.m2/repository/org/apache/groovy/groovy-json/4.0.16/groovy-json-4.0.16.jar:/home/tiago/.m2/repository/io/rest-assured/rest-assured-common/5.4.0/rest-assured-common-5.4.0.jar:/home/tiago/.m2/repository/io/rest-assured/xml-path/5.4.0/xml-path-5.4.0.jar:"/>
    <property name="java.vm.vendor" value="Private Build"/>
    <property name="sun.arch.data.model" value="64"/>
    <property name="java.vendor.url" value="Unknown"/>
    <property name="user.timezone" value="Europe/Lisbon"/>
    <property name="os.name" value="Linux"/>
    <property name="java.vm.specification.version" value="17"/>
    <property name="sun.java.launcher" value="SUN_STANDARD"/>
    <property name="user.country" value="PT"/>
    <property name="sun.boot.library.path" value="/usr/lib/jvm/java-17-openjdk-amd64/lib"/>
    <property name="sun.java.command" value="/home/tiago/UA/3 Ano/2 Semestre/TQS/TQS_108546/lab4/selenium-webdriver-junit5/target/surefire/surefirebooter-20240308112111122_3.jar /home/tiago/UA/3 Ano/2 Semestre/TQS/TQS_108546/lab4/selenium-webdriver-junit5/target/surefire 2024-03-08T11-21-10_816-jvmRun1 surefire-20240308112111122_1tmp surefire_0-20240308112111122_2tmp"/>
    <property name="jdk.debug" value="release"/>
    <property name="surefire.test.class.path" value="/home/tiago/UA/3 Ano/2 Semestre/TQS/TQS_108546/lab4/selenium-webdriver-junit5/target/test-classes:/home/tiago/UA/3 Ano/2 Semestre/TQS/TQS_108546/lab4/selenium-webdriver-junit5/target/classes:/home/tiago/.m2/repository/org/slf4j/slf4j-api/2.0.12/slf4j-api-2.0.12.jar:/home/tiago/.m2/repository/ch/qos/logback/logback-classic/1.5.3/logback-classic-1.5.3.jar:/home/tiago/.m2/repository/ch/qos/logback/logback-core/1.5.3/logback-core-1.5.3.jar:/home/tiago/.m2/repository/org/seleniumhq/selenium/htmlunit-driver/4.13.0/htmlunit-driver-4.13.0.jar:/home/tiago/.m2/repository/net/sourceforge/htmlunit/htmlunit/2.70.0/htmlunit-2.70.0.jar:/home/tiago/.m2/repository/net/sourceforge/htmlunit/htmlunit-core-js/2.70.0/htmlunit-core-js-2.70.0.jar:/home/tiago/.m2/repository/net/sourceforge/htmlunit/neko-htmlunit/2.70.0/neko-htmlunit-2.70.0.jar:/home/tiago/.m2/repository/net/sourceforge/htmlunit/htmlunit-cssparser/1.14.0/htmlunit-cssparser-1.14.0.jar:/home/tiago/.m2/repository/net/sourceforge/htmlunit/htmlunit-xpath/2.70.0/htmlunit-xpath-2.70.0.jar:/home/tiago/.m2/repository/org/apache/commons/commons-text/1.10.0/commons-text-1.10.0.jar:/home/tiago/.m2/repository/commons-logging/commons-logging/1.2/commons-logging-1.2.jar:/home/tiago/.m2/repository/commons-net/commons-net/3.9.0/commons-net-3.9.0.jar:/home/tiago/.m2/repository/commons-codec/commons-codec/1.15/commons-codec-1.15.jar:/home/tiago/.m2/repository/com/shapesecurity/salvation2/3.0.1/salvation2-3.0.1.jar:/home/tiago/.m2/repository/org/eclipse/jetty/websocket/websocket-client/9.4.50.v20221201/websocket-client-9.4.50.v20221201.jar:/home/tiago/.m2/repository/org/eclipse/jetty/jetty-client/9.4.50.v20221201/jetty-client-9.4.50.v20221201.jar:/home/tiago/.m2/repository/org/eclipse/jetty/jetty-http/9.4.50.v20221201/jetty-http-9.4.50.v20221201.jar:/home/tiago/.m2/repository/org/eclipse/jetty/jetty-util/9.4.50.v20221201/jetty-util-9.4.50.v20221201.jar:/home/tiago/.m2/repository/org/eclipse/jetty/jetty-io/9.4.50.v20221201/jetty-io-9.4.50.v20221201.jar:/home/tiago/.m2/repository/org/eclipse/jetty/websocket/websocket-common/9.4.50.v20221201/websocket-common-9.4.50.v20221201.jar:/home/tiago/.m2/repository/org/eclipse/jetty/websocket/websocket-api/9.4.50.v20221201/websocket-api-9.4.50.v20221201.jar:/home/tiago/.m2/repository/org/seleniumhq/selenium/selenium-java/4.18.1/selenium-java-4.18.1.jar:/home/tiago/.m2/repository/org/seleniumhq/selenium/selenium-api/4.18.1/selenium-api-4.18.1.jar:/home/tiago/.m2/repository/org/seleniumhq/selenium/selenium-chrome-driver/4.18.1/selenium-chrome-driver-4.18.1.jar:/home/tiago/.m2/repository/org/seleniumhq/selenium/selenium-chromium-driver/4.18.1/selenium-chromium-driver-4.18.1.jar:/home/tiago/.m2/repository/org/seleniumhq/selenium/selenium-devtools-v120/4.18.1/selenium-devtools-v120-4.18.1.jar:/home/tiago/.m2/repository/org/seleniumhq/selenium/selenium-devtools-v121/4.18.1/selenium-devtools-v121-4.18.1.jar:/home/tiago/.m2/repository/org/seleniumhq/selenium/selenium-devtools-v122/4.18.1/selenium-devtools-v122-4.18.1.jar:/home/tiago/.m2/repository/org/seleniumhq/selenium/selenium-devtools-v85/4.18.1/selenium-devtools-v85-4.18.1.jar:/home/tiago/.m2/repository/org/seleniumhq/selenium/selenium-edge-driver/4.18.1/selenium-edge-driver-4.18.1.jar:/home/tiago/.m2/repository/org/seleniumhq/selenium/selenium-firefox-driver/4.18.1/selenium-firefox-driver-4.18.1.jar:/home/tiago/.m2/repository/org/seleniumhq/selenium/selenium-ie-driver/4.18.1/selenium-ie-driver-4.18.1.jar:/home/tiago/.m2/repository/org/seleniumhq/selenium/selenium-remote-driver/4.18.1/selenium-remote-driver-4.18.1.jar:/home/tiago/.m2/repository/io/opentelemetry/semconv/opentelemetry-semconv/1.23.1-alpha/opentelemetry-semconv-1.23.1-alpha.jar:/home/tiago/.m2/repository/io/opentelemetry/opentelemetry-api/1.35.0/opentelemetry-api-1.35.0.jar:/home/tiago/.m2/repository/io/opentelemetry/opentelemetry-context/1.35.0/opentelemetry-context-1.35.0.jar:/home/tiago/.m2/repository/io/opentelemetry/opentelemetry-exporter-logging/1.35.0/opentelemetry-exporter-logging-1.35.0.jar:/home/tiago/.m2/repository/io/opentelemetry/opentelemetry-sdk-common/1.35.0/opentelemetry-sdk-common-1.35.0.jar:/home/tiago/.m2/repository/io/opentelemetry/opentelemetry-sdk-extension-autoconfigure-spi/1.35.0/opentelemetry-sdk-extension-autoconfigure-spi-1.35.0.jar:/home/tiago/.m2/repository/io/opentelemetry/opentelemetry-sdk-extension-autoconfigure/1.35.0/opentelemetry-sdk-extension-autoconfigure-1.35.0.jar:/home/tiago/.m2/repository/io/opentelemetry/opentelemetry-api-events/1.35.0-alpha/opentelemetry-api-events-1.35.0-alpha.jar:/home/tiago/.m2/repository/io/opentelemetry/opentelemetry-sdk-trace/1.35.0/opentelemetry-sdk-trace-1.35.0.jar:/home/tiago/.m2/repository/io/opentelemetry/opentelemetry-extension-incubator/1.35.0-alpha/opentelemetry-extension-incubator-1.35.0-alpha.jar:/home/tiago/.m2/repository/io/opentelemetry/opentelemetry-sdk/1.35.0/opentelemetry-sdk-1.35.0.jar:/home/tiago/.m2/repository/io/opentelemetry/opentelemetry-sdk-metrics/1.35.0/opentelemetry-sdk-metrics-1.35.0.jar:/home/tiago/.m2/repository/io/opentelemetry/opentelemetry-sdk-logs/1.35.0/opentelemetry-sdk-logs-1.35.0.jar:/home/tiago/.m2/repository/org/seleniumhq/selenium/selenium-os/4.18.1/selenium-os-4.18.1.jar:/home/tiago/.m2/repository/org/apache/commons/commons-exec/1.3/commons-exec-1.3.jar:/home/tiago/.m2/repository/org/seleniumhq/selenium/selenium-safari-driver/4.18.1/selenium-safari-driver-4.18.1.jar:/home/tiago/.m2/repository/org/seleniumhq/selenium/selenium-support/4.18.1/selenium-support-4.18.1.jar:/home/tiago/.m2/repository/org/junit/jupiter/junit-jupiter/5.10.2/junit-jupiter-5.10.2.jar:/home/tiago/.m2/repository/org/junit/jupiter/junit-jupiter-api/5.10.2/junit-jupiter-api-5.10.2.jar:/home/tiago/.m2/repository/org/opentest4j/opentest4j/1.3.0/opentest4j-1.3.0.jar:/home/tiago/.m2/repository/org/junit/platform/junit-platform-commons/1.10.2/junit-platform-commons-1.10.2.jar:/home/tiago/.m2/repository/org/junit/jupiter/junit-jupiter-params/5.10.2/junit-jupiter-params-5.10.2.jar:/home/tiago/.m2/repository/org/junit/jupiter/junit-jupiter-engine/5.10.2/junit-jupiter-engine-5.10.2.jar:/home/tiago/.m2/repository/org/assertj/assertj-core/3.25.3/assertj-core-3.25.3.jar:/home/tiago/.m2/repository/net/bytebuddy/byte-buddy/1.14.11/byte-buddy-1.14.11.jar:/home/tiago/.m2/repository/io/github/bonigarcia/webdrivermanager/5.7.0/webdrivermanager-5.7.0.jar:/home/tiago/.m2/repository/com/google/code/gson/gson/2.10.1/gson-2.10.1.jar:/home/tiago/.m2/repository/com/github/docker-java/docker-java/3.3.5/docker-java-3.3.5.jar:/home/tiago/.m2/repository/com/github/docker-java/docker-java-core/3.3.5/docker-java-core-3.3.5.jar:/home/tiago/.m2/repository/com/github/docker-java/docker-java-api/3.3.5/docker-java-api-3.3.5.jar:/home/tiago/.m2/repository/com/github/docker-java/docker-java-transport-httpclient5/3.3.5/docker-java-transport-httpclient5-3.3.5.jar:/home/tiago/.m2/repository/com/github/docker-java/docker-java-transport/3.3.5/docker-java-transport-3.3.5.jar:/home/tiago/.m2/repository/net/java/dev/jna/jna/5.13.0/jna-5.13.0.jar:/home/tiago/.m2/repository/org/brotli/dec/0.1.2/dec-0.1.2.jar:/home/tiago/.m2/repository/org/apache/commons/commons-lang3/3.14.0/commons-lang3-3.14.0.jar:/home/tiago/.m2/repository/org/apache/commons/commons-compress/1.26.0/commons-compress-1.26.0.jar:/home/tiago/.m2/repository/org/apache/httpcomponents/client5/httpclient5/5.2.1/httpclient5-5.2.1.jar:/home/tiago/.m2/repository/org/apache/httpcomponents/core5/httpcore5/5.2/httpcore5-5.2.jar:/home/tiago/.m2/repository/org/apache/httpcomponents/core5/httpcore5-h2/5.2/httpcore5-h2-5.2.jar:/home/tiago/.m2/repository/org/seleniumhq/selenium/selenium-grid/4.18.1/selenium-grid-4.18.1.jar:/home/tiago/.m2/repository/com/beust/jcommander/1.82/jcommander-1.82.jar:/home/tiago/.m2/repository/com/google/auto/service/auto-service-annotations/1.1.1/auto-service-annotations-1.1.1.jar:/home/tiago/.m2/repository/com/google/guava/guava/33.0.0-jre/guava-33.0.0-jre.jar:/home/tiago/.m2/repository/com/google/guava/failureaccess/1.0.2/failureaccess-1.0.2.jar:/home/tiago/.m2/repository/com/google/guava/listenablefuture/9999.0-empty-to-avoid-conflict-with-guava/listenablefuture-9999.0-empty-to-avoid-conflict-with-guava.jar:/home/tiago/.m2/repository/com/google/code/findbugs/jsr305/3.0.2/jsr305-3.0.2.jar:/home/tiago/.m2/repository/org/checkerframework/checker-qual/3.41.0/checker-qual-3.41.0.jar:/home/tiago/.m2/repository/com/google/errorprone/error_prone_annotations/2.23.0/error_prone_annotations-2.23.0.jar:/home/tiago/.m2/repository/com/google/j2objc/j2objc-annotations/2.8/j2objc-annotations-2.8.jar:/home/tiago/.m2/repository/com/graphql-java/graphql-java/20.2/graphql-java-20.2.jar:/home/tiago/.m2/repository/org/reactivestreams/reactive-streams/1.0.3/reactive-streams-1.0.3.jar:/home/tiago/.m2/repository/com/graphql-java/java-dataloader/3.2.0/java-dataloader-3.2.0.jar:/home/tiago/.m2/repository/dev/failsafe/failsafe/3.3.2/failsafe-3.3.2.jar:/home/tiago/.m2/repository/io/netty/netty-buffer/4.1.107.Final/netty-buffer-4.1.107.Final.jar:/home/tiago/.m2/repository/io/netty/netty-codec-http/4.1.107.Final/netty-codec-http-4.1.107.Final.jar:/home/tiago/.m2/repository/io/netty/netty-codec/4.1.107.Final/netty-codec-4.1.107.Final.jar:/home/tiago/.m2/repository/io/netty/netty-common/4.1.107.Final/netty-common-4.1.107.Final.jar:/home/tiago/.m2/repository/io/netty/netty-handler/4.1.107.Final/netty-handler-4.1.107.Final.jar:/home/tiago/.m2/repository/io/netty/netty-resolver/4.1.107.Final/netty-resolver-4.1.107.Final.jar:/home/tiago/.m2/repository/io/netty/netty-transport-native-unix-common/4.1.107.Final/netty-transport-native-unix-common-4.1.107.Final.jar:/home/tiago/.m2/repository/io/netty/netty-transport/4.1.107.Final/netty-transport-4.1.107.Final.jar:/home/tiago/.m2/repository/io/ous/jtoml/2.0.0/jtoml-2.0.0.jar:/home/tiago/.m2/repository/org/seleniumhq/selenium/selenium-http/4.18.1/selenium-http-4.18.1.jar:/home/tiago/.m2/repository/org/seleniumhq/selenium/selenium-json/4.18.1/selenium-json-4.18.1.jar:/home/tiago/.m2/repository/org/seleniumhq/selenium/selenium-manager/4.18.1/selenium-manager-4.18.1.jar:/home/tiago/.m2/repository/org/zeromq/jeromq/0.6.0/jeromq-0.6.0.jar:/home/tiago/.m2/repository/eu/neilalexander/jnacl/1.0.0/jnacl-1.0.0.jar:/home/tiago/.m2/repository/io/github/artsok/rerunner-jupiter/2.1.6/rerunner-jupiter-2.1.6.jar:/home/tiago/.m2/repository/org/junit/platform/junit-platform-launcher/1.10.2/junit-platform-launcher-1.10.2.jar:/home/tiago/.m2/repository/org/junit/platform/junit-platform-engine/1.10.2/junit-platform-engine-1.10.2.jar:/home/tiago/.m2/repository/org/apiguardian/apiguardian-api/1.1.2/apiguardian-api-1.1.2.jar:/home/tiago/.m2/repository/org/awaitility/awaitility/4.2.0/awaitility-4.2.0.jar:/home/tiago/.m2/repository/org/hamcrest/hamcrest/2.1/hamcrest-2.1.jar:/home/tiago/.m2/repository/net/lightbody/bmp/browsermob-core/2.1.5/browsermob-core-2.1.5.jar:/home/tiago/.m2/repository/net/lightbody/bmp/littleproxy/1.1.0-beta-bmp-17/littleproxy-1.1.0-beta-bmp-17.jar:/home/tiago/.m2/repository/dnsjava/dnsjava/2.1.8/dnsjava-2.1.8.jar:/home/tiago/.m2/repository/org/slf4j/jcl-over-slf4j/1.7.25/jcl-over-slf4j-1.7.25.jar:/home/tiago/.m2/repository/com/jcraft/jzlib/1.1.3/jzlib-1.1.3.jar:/home/tiago/.m2/repository/io/netty/netty-all/4.0.51.Final/netty-all-4.0.51.Final.jar:/home/tiago/.m2/repository/org/bouncycastle/bcprov-jdk15on/1.58/bcprov-jdk15on-1.58.jar:/home/tiago/.m2/repository/org/bouncycastle/bcpkix-jdk15on/1.58/bcpkix-jdk15on-1.58.jar:/home/tiago/.m2/repository/net/lightbody/bmp/mitm/2.1.5/mitm-2.1.5.jar:/home/tiago/.m2/repository/org/zaproxy/zap-clientapi/1.13.0/zap-clientapi-1.13.0.jar:/home/tiago/.m2/repository/org/jdom/jdom/1.1.3/jdom-1.1.3.jar:/home/tiago/.m2/repository/com/deque/html/axe-core/selenium/4.8.2/selenium-4.8.2.jar:/home/tiago/.m2/repository/commons-io/commons-io/2.15.1/commons-io-2.15.1.jar:/home/tiago/.m2/repository/com/fasterxml/jackson/core/jackson-databind/2.16.1/jackson-databind-2.16.1.jar:/home/tiago/.m2/repository/com/fasterxml/jackson/core/jackson-annotations/2.16.1/jackson-annotations-2.16.1.jar:/home/tiago/.m2/repository/com/fasterxml/jackson/core/jackson-core/2.16.1/jackson-core-2.16.1.jar:/home/tiago/.m2/repository/com/deque/html/axe-core/dequeutilites/4.8.2/dequeutilites-4.8.2.jar:/home/tiago/.m2/repository/com/codeborne/selenide/7.2.1/selenide-7.2.1.jar:/home/tiago/.m2/repository/com/codeborne/selenide-core/7.2.1/selenide-core-7.2.1.jar:/home/tiago/.m2/repository/net/datafaker/datafaker/2.1.0/datafaker-2.1.0.jar:/home/tiago/.m2/repository/org/yaml/snakeyaml/2.2/snakeyaml-2.2.jar:/home/tiago/.m2/repository/com/github/mifmif/generex/1.0.2/generex-1.0.2.jar:/home/tiago/.m2/repository/dk/brics/automaton/automaton/1.11-8/automaton-1.11-8.jar:/home/tiago/.m2/repository/com/aventstack/extentreports/5.1.1/extentreports-5.1.1.jar:/home/tiago/.m2/repository/io/reactivex/rxjava3/rxjava/3.1.6/rxjava-3.1.6.jar:/home/tiago/.m2/repository/org/freemarker/freemarker/2.3.32/freemarker-2.3.32.jar:/home/tiago/.m2/repository/io/qameta/allure/allure-junit5/2.25.0/allure-junit5-2.25.0.jar:/home/tiago/.m2/repository/io/qameta/allure/allure-junit-platform/2.25.0/allure-junit-platform-2.25.0.jar:/home/tiago/.m2/repository/io/qameta/allure/allure-java-commons/2.25.0/allure-java-commons-2.25.0.jar:/home/tiago/.m2/repository/io/qameta/allure/allure-model/2.25.0/allure-model-2.25.0.jar:/home/tiago/.m2/repository/io/qameta/allure/allure-test-filter/2.25.0/allure-test-filter-2.25.0.jar:/home/tiago/.m2/repository/org/junit/platform/junit-platform-suite/1.10.2/junit-platform-suite-1.10.2.jar:/home/tiago/.m2/repository/org/junit/platform/junit-platform-suite-api/1.10.2/junit-platform-suite-api-1.10.2.jar:/home/tiago/.m2/repository/org/junit/platform/junit-platform-suite-engine/1.10.2/junit-platform-suite-engine-1.10.2.jar:/home/tiago/.m2/repository/org/junit/platform/junit-platform-suite-commons/1.10.2/junit-platform-suite-commons-1.10.2.jar:/home/tiago/.m2/repository/io/cucumber/cucumber-java/7.15.0/cucumber-java-7.15.0.jar:/home/tiago/.m2/repository/io/cucumber/cucumber-core/7.15.0/cucumber-core-7.15.0.jar:/home/tiago/.m2/repository/io/cucumber/cucumber-gherkin/7.15.0/cucumber-gherkin-7.15.0.jar:/home/tiago/.m2/repository/io/cucumber/cucumber-gherkin-messages/7.15.0/cucumber-gherkin-messages-7.15.0.jar:/home/tiago/.m2/repository/io/cucumber/gherkin/26.2.0/gherkin-26.2.0.jar:/home/tiago/.m2/repository/io/cucumber/messages/22.0.0/messages-22.0.0.jar:/home/tiago/.m2/repository/io/cucumber/tag-expressions/6.0.0/tag-expressions-6.0.0.jar:/home/tiago/.m2/repository/io/cucumber/cucumber-expressions/17.0.1/cucumber-expressions-17.0.1.jar:/home/tiago/.m2/repository/io/cucumber/datatable/7.15.0/datatable-7.15.0.jar:/home/tiago/.m2/repository/io/cucumber/cucumber-plugin/7.15.0/cucumber-plugin-7.15.0.jar:/home/tiago/.m2/repository/io/cucumber/docstring/7.15.0/docstring-7.15.0.jar:/home/tiago/.m2/repository/io/cucumber/html-formatter/20.4.0/html-formatter-20.4.0.jar:/home/tiago/.m2/repository/io/cucumber/junit-xml-formatter/0.2.0/junit-xml-formatter-0.2.0.jar:/home/tiago/.m2/repository/io/cucumber/ci-environment/10.0.0/ci-environment-10.0.0.jar:/home/tiago/.m2/repository/io/cucumber/cucumber-junit-platform-engine/7.15.0/cucumber-junit-platform-engine-7.15.0.jar:/home/tiago/.m2/repository/org/springframework/boot/spring-boot-starter/3.2.3/spring-boot-starter-3.2.3.jar:/home/tiago/.m2/repository/org/springframework/boot/spring-boot/3.2.3/spring-boot-3.2.3.jar:/home/tiago/.m2/repository/org/springframework/spring-context/6.1.4/spring-context-6.1.4.jar:/home/tiago/.m2/repository/org/springframework/boot/spring-boot-autoconfigure/3.2.3/spring-boot-autoconfigure-3.2.3.jar:/home/tiago/.m2/repository/org/springframework/boot/spring-boot-starter-logging/3.2.3/spring-boot-starter-logging-3.2.3.jar:/home/tiago/.m2/repository/org/apache/logging/log4j/log4j-to-slf4j/2.21.1/log4j-to-slf4j-2.21.1.jar:/home/tiago/.m2/repository/org/apache/logging/log4j/log4j-api/2.21.1/log4j-api-2.21.1.jar:/home/tiago/.m2/repository/org/slf4j/jul-to-slf4j/2.0.12/jul-to-slf4j-2.0.12.jar:/home/tiago/.m2/repository/jakarta/annotation/jakarta.annotation-api/2.1.1/jakarta.annotation-api-2.1.1.jar:/home/tiago/.m2/repository/org/springframework/spring-core/6.1.4/spring-core-6.1.4.jar:/home/tiago/.m2/repository/org/springframework/spring-jcl/6.1.4/spring-jcl-6.1.4.jar:/home/tiago/.m2/repository/org/springframework/boot/spring-boot-starter-web/3.2.3/spring-boot-starter-web-3.2.3.jar:/home/tiago/.m2/repository/org/springframework/boot/spring-boot-starter-json/3.2.3/spring-boot-starter-json-3.2.3.jar:/home/tiago/.m2/repository/com/fasterxml/jackson/datatype/jackson-datatype-jdk8/2.15.4/jackson-datatype-jdk8-2.15.4.jar:/home/tiago/.m2/repository/com/fasterxml/jackson/datatype/jackson-datatype-jsr310/2.15.4/jackson-datatype-jsr310-2.15.4.jar:/home/tiago/.m2/repository/com/fasterxml/jackson/module/jackson-module-parameter-names/2.15.4/jackson-module-parameter-names-2.15.4.jar:/home/tiago/.m2/repository/org/springframework/boot/spring-boot-starter-tomcat/3.2.3/spring-boot-starter-tomcat-3.2.3.jar:/home/tiago/.m2/repository/org/apache/tomcat/embed/tomcat-embed-core/10.1.19/tomcat-embed-core-10.1.19.jar:/home/tiago/.m2/repository/org/apache/tomcat/embed/tomcat-embed-el/10.1.19/tomcat-embed-el-10.1.19.jar:/home/tiago/.m2/repository/org/apache/tomcat/embed/tomcat-embed-websocket/10.1.19/tomcat-embed-websocket-10.1.19.jar:/home/tiago/.m2/repository/org/springframework/spring-web/6.1.4/spring-web-6.1.4.jar:/home/tiago/.m2/repository/org/springframework/spring-beans/6.1.4/spring-beans-6.1.4.jar:/home/tiago/.m2/repository/io/micrometer/micrometer-observation/1.12.3/micrometer-observation-1.12.3.jar:/home/tiago/.m2/repository/io/micrometer/micrometer-commons/1.12.3/micrometer-commons-1.12.3.jar:/home/tiago/.m2/repository/org/springframework/spring-webmvc/6.1.4/spring-webmvc-6.1.4.jar:/home/tiago/.m2/repository/org/springframework/spring-aop/6.1.4/spring-aop-6.1.4.jar:/home/tiago/.m2/repository/org/springframework/spring-expression/6.1.4/spring-expression-6.1.4.jar:/home/tiago/.m2/repository/org/springframework/boot/spring-boot-starter-test/3.2.3/spring-boot-starter-test-3.2.3.jar:/home/tiago/.m2/repository/org/springframework/boot/spring-boot-test/3.2.3/spring-boot-test-3.2.3.jar:/home/tiago/.m2/repository/org/springframework/boot/spring-boot-test-autoconfigure/3.2.3/spring-boot-test-autoconfigure-3.2.3.jar:/home/tiago/.m2/repository/com/jayway/jsonpath/json-path/2.9.0/json-path-2.9.0.jar:/home/tiago/.m2/repository/jakarta/xml/bind/jakarta.xml.bind-api/4.0.1/jakarta.xml.bind-api-4.0.1.jar:/home/tiago/.m2/repository/jakarta/activation/jakarta.activation-api/2.1.2/jakarta.activation-api-2.1.2.jar:/home/tiago/.m2/repository/net/minidev/json-smart/2.5.0/json-smart-2.5.0.jar:/home/tiago/.m2/repository/net/minidev/accessors-smart/2.5.0/accessors-smart-2.5.0.jar:/home/tiago/.m2/repository/org/ow2/asm/asm/9.3/asm-9.3.jar:/home/tiago/.m2/repository/org/mockito/mockito-core/5.7.0/mockito-core-5.7.0.jar:/home/tiago/.m2/repository/net/bytebuddy/byte-buddy-agent/1.14.9/byte-buddy-agent-1.14.9.jar:/home/tiago/.m2/repository/org/objenesis/objenesis/3.3/objenesis-3.3.jar:/home/tiago/.m2/repository/org/mockito/mockito-junit-jupiter/5.7.0/mockito-junit-jupiter-5.7.0.jar:/home/tiago/.m2/repository/org/skyscreamer/jsonassert/1.5.1/jsonassert-1.5.1.jar:/home/tiago/.m2/repository/com/vaadin/external/google/android-json/0.0.20131108.vaadin1/android-json-0.0.20131108.vaadin1.jar:/home/tiago/.m2/repository/org/springframework/spring-test/6.1.4/spring-test-6.1.4.jar:/home/tiago/.m2/repository/org/xmlunit/xmlunit-core/2.9.1/xmlunit-core-2.9.1.jar:/home/tiago/.m2/repository/io/appium/java-client/9.1.0/java-client-9.1.0.jar:/home/tiago/.m2/repository/io/rest-assured/rest-assured/5.4.0/rest-assured-5.4.0.jar:/home/tiago/.m2/repository/org/apache/groovy/groovy/4.0.16/groovy-4.0.16.jar:/home/tiago/.m2/repository/org/apache/groovy/groovy-xml/4.0.16/groovy-xml-4.0.16.jar:/home/tiago/.m2/repository/org/apache/httpcomponents/httpclient/4.5.13/httpclient-4.5.13.jar:/home/tiago/.m2/repository/org/apache/httpcomponents/httpcore/4.4.13/httpcore-4.4.13.jar:/home/tiago/.m2/repository/org/apache/httpcomponents/httpmime/4.5.13/httpmime-4.5.13.jar:/home/tiago/.m2/repository/org/ccil/cowan/tagsoup/tagsoup/1.2.1/tagsoup-1.2.1.jar:/home/tiago/.m2/repository/io/rest-assured/json-path/5.4.0/json-path-5.4.0.jar:/home/tiago/.m2/repository/org/apache/groovy/groovy-json/4.0.16/groovy-json-4.0.16.jar:/home/tiago/.m2/repository/io/rest-assured/rest-assured-common/5.4.0/rest-assured-common-5.4.0.jar:/home/tiago/.m2/repository/io/rest-assured/xml-path/5.4.0/xml-path-5.4.0.jar:"/>
    <property name="sun.cpu.endian" value="little"/>
    <property name="user.home" value="/home/tiago"/>
    <property name="user.language" value="pt"/>
    <property name="java.specification.vendor" value="Oracle Corporation"/>
    <property name="java.version.date" value="2024-01-16"/>
    <property name="java.home" value="/usr/lib/jvm/java-17-openjdk-amd64"/>
    <property name="file.separator" value="/"/>
    <property name="basedir" value="/home/tiago/UA/3 Ano/2 Semestre/TQS/TQS_108546/lab4/selenium-webdriver-junit5"/>
    <property name="java.vm.compressedOopsMode" value="Zero based"/>
    <property name="line.separator" value="&#10;"/>
    <property name="java.vm.specification.vendor" value="Oracle Corporation"/>
    <property name="java.specification.name" value="Java Platform API Specification"/>
    <property name="surefire.real.class.path" value="/home/tiago/UA/3 Ano/2 Semestre/TQS/TQS_108546/lab4/selenium-webdriver-junit5/target/surefire/surefirebooter-20240308112111122_3.jar"/>
    <property name="sun.management.compiler" value="HotSpot 64-Bit Tiered Compilers"/>
    <property name="java.runtime.version" value="17.0.10+7-Ubuntu-122.04.1"/>
    <property name="user.name" value="tiago"/>
    <property name="path.separator" value=":"/>
    <property name="os.version" value="6.5.0-21-generic"/>
    <property name="java.runtime.name" value="OpenJDK Runtime Environment"/>
    <property name="file.encoding" value="UTF-8"/>
    <property name="java.vm.name" value="OpenJDK 64-Bit Server VM"/>
    <property name="localRepository" value="/home/tiago/.m2/repository"/>
    <property name="java.vendor.url.bug" value="Unknown"/>
    <property name="java.io.tmpdir" value="/tmp"/>
    <property name="java.version" value="17.0.10"/>
    <property name="user.dir" value="/home/tiago/UA/3 Ano/2 Semestre/TQS/TQS_108546/lab4/selenium-webdriver-junit5"/>
    <property name="os.arch" value="amd64"/>
    <property name="java.vm.specification.name" value="Java Virtual Machine Specification"/>
    <property name="native.encoding" value="UTF-8"/>
    <property name="java.library.path" value="/usr/java/packages/lib:/usr/lib/x86_64-linux-gnu/jni:/lib/x86_64-linux-gnu:/usr/lib/x86_64-linux-gnu:/usr/lib/jni:/lib:/usr/lib"/>
    <property name="java.vm.info" value="mixed mode, sharing"/>
    <property name="java.vendor" value="Private Build"/>
    <property name="java.vm.version" value="17.0.10+7-Ubuntu-122.04.1"/>
    <property name="sun.io.unicode.encoding" value="UnicodeLittle"/>
    <property name="java.class.version" value="61.0"/>
  </properties>
  <testcase name="testScreenshotBase64" classname="io.github.bonigarcia.webdriver.jupiter.ch04.screenshots.ScreenshotBase64JupiterTest" time="0.853">
    <system-out><![CDATA[2024-03-08 11:22:44 [ForkJoinPool-1-worker-1] DEBUG i.g.bonigarcia.wdm.WebDriverManager.<init>(226) - Using WebDriverManager 5.7.0
2024-03-08 11:22:44 [ForkJoinPool-1-worker-1] DEBUG i.g.b.wdm.cache.ResolutionCache.checkKeyInResolutionCache(186) - Resolution chrome=122 in cache (valid until 12:21:12 08/03/2024 WET)
2024-03-08 11:22:44 [ForkJoinPool-1-worker-1] DEBUG i.g.b.wdm.cache.ResolutionCache.checkKeyInResolutionCache(186) - Resolution chrome122=122.0.6261.111 in cache (valid until 11:21:12 09/03/2024 WET)
2024-03-08 11:22:44 [ForkJoinPool-1-worker-1] INFO  i.g.bonigarcia.wdm.WebDriverManager.resolveDriverVersion(1219) - Using chromedriver 122.0.6261.111 (resolved driver for Chrome 122)
2024-03-08 11:22:44 [ForkJoinPool-1-worker-1] DEBUG i.g.bonigarcia.wdm.WebDriverManager.manage(1178) - Driver chromedriver 122.0.6261.111 found in cache
2024-03-08 11:22:44 [ForkJoinPool-1-worker-1] INFO  i.g.bonigarcia.wdm.WebDriverManager.exportDriver(1281) - Exporting webdriver.chrome.driver as /home/tiago/.cache/selenium/chromedriver/linux64/122.0.6261.111/chromedriver
2024-03-08 11:22:45 [ForkJoinPool-1-worker-1] DEBUG i.g.b.w.j.c.s.ScreenshotBase64JupiterTest.testScreenshotBase64(55) - Screenshot in base64 (you can copy and paste it into a browser navigation bar to watch it)
data:image/png;base64,iVBORw0KGgoAAAANSUhEUgAAA2IAAANbCAYAAAAg2iz3AAABJmlDQ1BTa2lhAAAokX2QvUrDABSFv5SC+NNFHRwcsggOahOtaQouxpDi2iokdTFN0lBs05BG9CF8AnHQyRfoI7grCJ0cfAQRcZYkSAoSz/Rx7oF774HSGkBZgmEQR62mJppWR5x7R0Agle2MQ4olwPc0y75u/5Mr0rzrjR3gA4gj0+qA4AKrfsbXCXczvkn4Kg5jEO4Tjk5aRyBMgE1/hrsz7IRRkn8DDoaDSye/myUvOG0DJrBOkxEjfAZ4VGlzQR+bKjUMdHQUNDRkZHRUNBQUpHRicIiBmjoaKir77FFHpk4t6TNbeT6FBrB4m3v9L3i4g+Wn3NuqwIYLk+fcyzsO7chOrTJQ6vXg8xEqFqy8wMLZb7EFv4p/fhU5JsBhB5FdJGSUHyrtSvZVK3ZKAAAgAElEQVR4nOzdf1xU153w8Y/BeA0pY8kyrlmhtgOxBUwWMAkWthjcYHCDwZaubsjGhlQr2bDBjY8mphqT4mqitZWsqbqmIY9usNrSlUoryaQSZxcCqfzYBpitwjSW4al1aKhDQ7zGic8fM8MdDAwDzMCA3/frlVfuHe6PM3Pnjud7zznfM+Xq1atXEUIIIYQQQggxLHa7fcT73uDXkgghhBBCCCGEGJIEYkIIIYQQQggxxiQQE0IIIYQQQogxJoGYEEIIIYQQQowxCcSEEEIIIYQQYoxJICaEEEIIIYQQfvazn/3M698lEBNCCCGEEEIIP3IHYd6CsSkyj5gQQgghhAgKs2dDT894l2JiMP0XJPz1eJfiujfQPGIDBV8PPPDAp16TQEwIIYQQQgSHKVPGuwRB7yow5YUfwlOPjndRxACBmLcWsGuDMQnEhBBCCCFEcNDppEVsKH/5NThfNt6lEC4DtYj5SsaICSGEEEIIMUFc+e1/jHcRhJ9IICaEEEIIIUSQ+wTgnSam3nTTeBdF+IkEYkIIIYQQQgSxT4AbniuGBZKcYzKRMWJCCCGEECI4yBixQSyEq2+PdyHEAEYzRmyqX0sihBBCCCGE8KuPP/w5N453IYRXTU1NPm+bkJAA0jVRTGaqrQu7Y7xLIcQ1uq201Bo5UrKfSst4F0YIIUQwuwrwi1PcGHrzeBdFBIAEYmJycZg5kJ9DWnIiX0pbzzHbeBdICE9dHCxcTNbKQp7e/iqV7493eYQQQgSrq8CUb34HlqSNd1FEgEjXRDHJ2Gg/babDDoSMd1mEEEIIIUZmCvE4Xtks1ZlJTAIxISYKtYs2cytt7VY6untQVVBCw9CF64mKiWVebCS66+zXWj1voaW1lbPnbdh7LqMyDV24jhnheqKi44g3RKCMdyFFP23HNvPU9ypocRjIzN/Kiw/HyjUSQohrXAUctqrhVdR/8Dr800OBK5TwOwnE/KF6M3fnlWED0OfyumkTKaOsENsO5XF3UZ1zJWE9pqN5RPmjrGJicXTRcKyMoxXHOVFr8T7mLTSC+IVLyc7KYUWGAd0YFnNM2S1UHi7h0E/epObcEJm1QiOJX5BMZkYW2UuSiQodq0KKAdnK2LK5jAYVwEz5tk3EpJZRYBjvggkhRPC4Ckz5qZGpEXrfd/rxL+DpxyQQm2AkEBMiKPXQcrSYZ4tLafB1nFtvFy0nSmg5UcIuQwYFG9azelHkpGpt6DDuZO2mEhq6fdyh10rLSSstJ8vYtT2W7E3F7F4WGeBSikH9wcKFKx7rDitWKyCBmBBCgDsIyyqEr97r+06/fJfLy+9nWlhYIIsmAkACMSGCTXcTe9Y/wS5TV//XQyOIT1zA/NhoIvVhKAqg9mCzWmlrbaSmSWsxUy1GduWbKM8pYu9zWcRMgmiso6yQnE1GbB6tgjpDMumpCcR/MZKZYToUVC722LH/3kKLuZWGxiY63EGb3YLdMX28ii8ADMnM15fQdt61rlvAl2PHuUxCCBFEpnAD6vHdPj9EvXq2nSn3JjMtwOUSgSGBmBDBpNPI09/cwBGL2veSMieNlavzeTg7gShvv8zdFirLSjhwoMzVYqTSVraBnM5OSvasIWki91W0lLC2yCMIm5VMwXNFFAzV4ufooa36OIdKXuPImWQeXhIxNuUVAwtN4/nXitEfqKDNEck9K/PJHkbPGyGEmPTMZ30Owi5fvMi0uTEBLpAIJAnEhAgW3XVsWeMZhIWRlLeV3U9meA/A3MINZK4qIjMnl4PPFbLthBUVsNcWk1cYRtm+3AnaMqZSdaCEhl7Xangazx/ax8o5PuwaEkZMWi7Pp+VQ0NmDXsaIjTvFkMG67RnjXQwhhAgql4Dp/34UvuRbX23Hxw6mffazAS+XCCyZR0yIoNBF+XPrOXjGHYRFkP7cYUo3+hiEeQqPZWVxGa/madno7NU7eay4CXWIXYOSWscbJ93dNBWS8jf5FoT1o6CfLa1hQgghgtP0hav5ZPXf+7StAwiZNj/gZRKBJ4GYEEHAXlHEsye0YCN+zUvszTWMItFGGCkb9/NiX1c8lbaSTexp9ktxx9Y5M81213JILJmLJNmGEEKIYHQf/OO/jGjPT07u86lS/hEQMvdrwP+M6DwiuEggJsR4U5vYU2zEHWso8/J5cW2CH7IdRpD93GayZ7lWHRYO7CqlY9THHWMf2LjgHhs2VU/UrCG2F0IIIcbB5e5SOPQ9IINPfNznKsBvznLDDb5VyW/62j/z8dn/HE0xRRCRMWKTjUPF1m6mub2dC112bL2X4QoQGoZeH8m8xETiZ48yvalDxXbOwtn3rdi6bFy0q9jVy4BrgmF9JLfFJRJvCPNj6nQV25km6lvb6ejymMx4VjTzEhOInzX6M9nPmal/r5UOWxf2XmDqNJRQHTNnRRITl0D87MAMsLIbSzhyzr0WyYp1jxDvr4mZwzP4dn4ylc/VoQJqbSlHm3NZN28Yx1C76Dhrpa3DyoVuO/Ze5+fPVFBCI5g5K5L4hARi9GMxAE1F9TaXWiA4euhoaqThfSsXunpQQ6ahj4jmtjsSSTKMY6rgXistp5totjons2ZaGDMjo/1zLcblHg8uqs3inDz9vI0LPXbU3suoV5y/C7qISGLiEpkf623CcBWbxUxzazsdNjv23suguPb94lD7CiEmEgcQ8lMj0z57CwC9V98kdEos8L9D7jvlX/8dfE24seEF+M893DjaAougIYHYZOEwc/DJTew5ZcbW631T3bwMVj+2ntUZvs4x1UPbyTeprKujobGJerMVuw+DjZTZySxbmc+6lcnoRxpY9FqoPLSPA68baTg/2EkV9PPSWPFQHiuXDPcEPbQc28eeV35C5RnvkwPr5iSQnpXPusI0P06u3cWxMlNfaxjzcng41b/VM/2yPJa9XMcRm7NV7MhP6iiYlzz4te+1UnPCyNunm6hvbKTF0uXD2DIFfUIGK1c/MYzvlY9m6pkZgjNjomqh5QxkJ/jzBANTO00c3FvCoco6OuwDb6MzpLFidSEFObFjNoG2rb6UPQdKOVZtGeQ+VIhKzWFVQT4r5/s6Lm7s7vGOV3JJ29EEgH55Ce9uTR5027biLDJetgAQ9XApps3Du/BVG5N5tMx5XydtfJOyPC/dWs83UX7iFO+crqO+yUybzYdv/awElq3ewLrchL73r56v40hJKUcrTLR4OYYyO5llqwt5Jjdh8k6+LsR1IuTxon7zfoUCjivNhEwdqpqdBc+s9u0kPzjMJzs3Sle2SUau56Rhp71x6CAMwN5sZNfjS8m6Zk6mQTkaeWXDZnaVVFDV5FsFDUDtrOPI9jzu/futVJ33YYdry1m7n0fvz+GxXRVegjCcT56bjezZmMtXsndQ42tGCtXCwcdzyNpQMmQQBmA/10R5dbvP5feJ7RRvnNYKnPTV+/F7ItrQNB7I1CqgtpNG6r1dd8thnt60kwNlRhp8CsJwXoOmCuf3akMFHf5stZqTwPy+FOdWjh3UunEGhkrb0Q1k3Z/PtqODB2EAdouJAxtzuDdvPzW+TjI9Ug4rlc/lcO+DWzl4crAgDEClo7qULQ/eT9Z2U1Df48Gko2IHa7fv54ixyacgDEA938SRolzuX1VCS7eFyh15fCUjjy0lRq9BGO7P7rlc7s0vpW1CZtERQjjdB3s2ferVkJAQHF1dA+7h9tFHP/LtFGVvcfnxXKm0T0LSIjZZhEQTHR2GPjyRlAWJJM2dzUy9Ht3NCtM/VrnYY6Pj1ybKy90tS87KZl54CWXrhjceSWdIJuWOaGKiZxMZoWeGTuecXPiKir3LSltrEzUnTX3Bk725lMfWKJQeXk+Sj+nDbcbN5D5Z5lFBcbZ6LVmYQFx0JDNDFdReGxc6LTT8qpaaOjM2FdRzFh/HQHVRufERthi1BBn6+VmsWJpMkiGSmTMUUFUu2m10tLfSWGfixCkzM5MX+LE1DNSmOprd7zEklvTUwCSimL8wGd0hqzOAsTXS0A4pc33YMSSMqNsTSYqLJmbObPThemboFJSpgGrnwvlO2htrqTxZR0cvzu/VsQ08FKKjYnuaf570hySzPMvAwVecLSO2ik2sTYxm78OjSWYyGJWW/Xnk7mrSgr3QSFKy7ue+BYnERChw2U5HexPvnDhOZZMzULVVF/PoI3ZePbSelEA0bzgsHHz8Ebac1P5RV2YlkJmdQfod0ejDFNQeGx2tdbxRUUHNOdXZ2luST469mLLtGQxnuq6xuMeDWmgkSQsSmHdbNJG3RjAzXIfOOYM6qt1Gm7mJqhNaK72teic5aS+hqh7z/82KJSV1AUlxBqIidOgUnPu+V0dlhZEWV+BuO7mVR7dHUvGcn+4XIcQYSuXy1V8MOplyyF/8BbSc5Wr8bUzxeP0T4Iaaem6afvPQp3i3Eb6eIRM2T1ISiE0aEazcZ2Kl4qVqmpHFygIr5c/l81SZBRWVlteKOLC0jAJfKuU4K8XrXith5RAJE9Zt7qJmz3oee7kOO6CaS3hqbxYV62KHrDyr5v3kr9eCMGV2Buu2b2b1goG7Wa1cA9gtVB7ex64DFbT50Fyi1u9jW4WrUhsSQebzr7F7+SAV+7QMVuQV8kK3hbYrvs3v4au2X7dqFf5bEkkadlp23yi3JzBPKXO2FjosNLT2wFwfxjdF57L3cKH3MWsPr+GZ7iYObHyCba5AoaNsE9uW/JwX0vwzhio+fwMrjPmusXQ9VBU9SE7rBl7ckEN8uF9OAYCtYgN5HkGYPq2QF7euIf3a73taBivynqCjYiuPbiqjrdf5HV+7NZm3dvi7Qt1DTdETHkGYl/nlMrJYWVBI1e4nWLvf+T46yjbx1J2JvJrjYzfFMbjHg50+q4gyL10mWZZLwZOev6X0BWG62CwKCvNZscgw8PdgWS4FhWYObljTd007jhRzMDfN999hIURwWHMf04Zqp4qLYYqpgU/SkrjBlZzjho3fhy8nDX389vch2YftxIQlrZyTibcgrG+bSLK3vsS6+a5tVTNHy5r8X5aQCFIK91GSpwUubYf3UTlUkOQwc+Db+/om71UMuew9WjxoENZHZyBzzQ6MFZtI9+GJfMsv3uxrOdMv3cqLgwVhnsINxAynWWFIKh2dndpqtIHb/JWk41q6aOL7PkKVC502/x4/PIHVxa+xLsH9KXZx7JXj/svQqEvj+Zc3kd73+ffQUraZrIwsHiuuoMEfb8dWwbNFRtyHisraQdn+AYKwPgpRWUWUbs/qa22yHd/BAT9PEaBWF/P0EYtrzYf55UIiSF+3n719914PVcXFVPnQbXlYRnqPTxbX/pYCyvz1VPx0B6sHC8LcdLGs/N5ObT48R4B+h4UQgbX/WXhyx9DbfSWRGyqM9AJTiOGTbWuH3OUTux1ivuCfcoqgJS1i/vbBcZ7+WuOon4ir3RYfthqhEAMrH81gT32F84l59SlaHAn+y9TXRyHp8UKyjxVS3g3YTVSaesjOGryVxH5iHwfcffWUWAq+71n59oE+kplDfqt7OHtO6+I1LzlxnLoE9XChy6MrU4R+WN3HhiUkAr0ecMV9Hb+3Av5t3UMxsPrJHI6udKbIV39VQdX53CFbVnw+/NxcXj0aybb/s4kD9a7rZ7dQ+fIGKl/ZQVJGDitXPkRmwsiy0TWU7KPSPc5r7hp2b88iyod7Qr9kM9+uOMVaY48zGcqP6ijY6iUZyrBYOFhc1jfmLmr5Vnb7NL9cGCmFm1lxIo8j54HzFRw9uYF0L/feyAz/Hp9UQgysXK39lqrnu7CBb92XQ5NZlZvAwe3OAKyjto42Evw/RlQIEVjffwpumA7ffcL7dvffS+i+Q5CWPGQrSC8QOmOGP0spgpS0iPmbo4cOs5mWUf7X5jU5xegpCcnMc1cyz1lo+zBAJ9Klkb3QXSlTqT/d6mVjK8eOahkE9dmFrI4NULk8XOwdr5Hydux/1tZ0ukCGgzPwPLwaoPes3JVFpsdT/ndO+/k8s9N45vDPqdieS4rndAJqFw0V+1m7PI27v1bIrmNm35JUuNmNHCzTWp2yn3yUJJ8jqTAyH16qtYqZhkiGMhz1pRxqcn2GoWk8XjiMbo+hyTyc4w62VWqMtT4mXhmmYd3jk4+yII0Udyv8+Uaah9E6G5W6kJi+3+FWSdohxAR1dVch7Hll6A3X/CPE3uZ1EwcQOuVu/xVOBDUJxK5Xt+jRu8eIXrFxIWAZ3xTm3RnXt2aztDNoPeW8iTca3TWRSJZ9NS1AY03CuG2O1tWx5RfHaRvrualw/tq6pmYCYLovXUtHbBrTp3oGLmpgKuUhsSTd7j6PSlt7IFp2w4jP2cTrbxkp255H5jVj3ezNRvZsyOEr6XlsOVTnU0CmVhupct8DsxezcuHwWnSUxGQtSYetkRbrsHYfVINHF1rdohyWDbPJNP5vFva1zth/3URLQL7nw7jHJyMlmhh3jh2Hlfb3h7HvHAMx7hZ81UaH9wRrQoggNQX4+J9Xw/6Doz5WyN88CPzKL+USwU8CMX/T5/K6uZXfnhndf+9u9jJQ3C8UZvSNpVJRA/gkVv+5aK3L3e87B01trjbWUe8uR3gyXx7OpMPDlLR0ad+TaLX+JR7bVDH2T6NDQPFIg3QpkBeBy1y64nF8RQlQkKsQEz27b83vY9E8hUSQlLOevRUm3j1cREFWAp7zGKvn6zhYlMdX7i/kQJP36QlaTtf2tcTq7kobfjddJZZ4d+OTw0qLX2Y5sFBzWsvqOT91wfCv2W0GrcWlq52zAWr59vUen5RC9Ohvca/0cGE4vRmm6pjZl2ymC9t1FcEKMbncCHyS/w048OORH+Qf1kO1jyntxaQgY8QmI0cPbU211LdasFpt2LrtXLoC00N16G6dTfScaObdPoblucVjQl67nYuDbNZhsWqtNIZYYgLZQJSQz/O5p3j0kDN7ZFvZBrJqy1j5WCGrs/tX6L1TKX98AWuNPlS+9Dm8bioipa+Sr0P3Ge3PdnsgsxxcxPPwSmjgukHO0OsBZ0uY+qEdFQKcRU9BPz+HdfNzWNdtpvJoCQcOagk8VIuRbQ+baSl6ld3LBpoeoIvms1pTRFT0SCaknsHMW5zpzaEHe1cPMMpxUmo7LefcK3piPj+C492sZ6YO6Ha2fNu6ICADIn28xyenMGaEua+9ir23ZxjfeL2zy/B5wHEJ9VKAiyqECKgbAL61HG74GXxz6fB23rgbx5HvEqicXSI4SSA2iajnTBzcV8KhE+45nYLEzWFatcQxeMDiTCDhpNyqZ2ZACxVGyubX2Bu6nqdecXZfUzvrOLAplwO7YsnMyeHhFTmkzPFjCHGFa7oDhjEzwl2BA7XLhg0Ck7DD0YXV42l71K0BSwuCLlRHX7XU1QVyzNKZh8eSuWYHmY88QeWezTzruraoVso35jNDf5jnU68JaBw2bBe01ZZdWXxh1+iKcfHDi6MPxLqsXOj7wlg58GAcB0Z1QBU1UL8LPt7jk5PSL2HtJccwoql+reJqv67KQogJbNUD8BeVsOw+37bffxjHC/8iQdh1SLomTgrOyZmzsvLZVhZkQRjANJjuXr4y+GZqj1YLcVfmAyuC9HUlvPXjIlamerSCdJupfGUrD2UsIC1vKwdM1sCMp0IharbWjY92C2cD1aXrg3baznueN3CBmBIM/5IokWSuK+Hn+3O1llWHhYPP7aPhUxdTxe7ve8Yf1/HDy/793jkuo3q5/0bFx3t8slKmevQxHtb7n+acHF0IMelc+moml0/915DbXX3rbcjPlSDsOiX/BEwCtmMbyN2kzX+EzkB6dg7ZCxOJnxPJzPAwdDoFVBV7dydtZ1qpr67gUKmJjmB6eD1Ov0K6eTk8X5LDOnMFB0tKOXiiCZuKc56v6lK2VZdyICGHdc9vYEXsta0cCtkvN5I9wnPH3BGHDotzfNIHjTScgxQ/Z5UHUN9rotkdHIQYiI+7PtKL69M28eqGdjKK6pxBzbmfcMCYz95+6dX73wQxWYUsj5t27aGGZWaqnwPdkEgyVz1I0miyGYfomB+gCcOFEEL0Nx1w3JMGb78LC+8aeKP6Vj7JSJcg7DomgdhE123k2e1aEKabv4a9LxWSMlA9UFHQzTKQNMtAUqoe6wkTB88PsN040YWG9VWK7b1jMbbomvPHZlGwI4uCjRYqy0o49HoFNZ3O8tiaynh6eR3vDDrOaGSUhGTmKRXUqM5071WnrBQY/Hd8J5V606m+ZBToE0mK9vMpgljU8nxWvFrHwU6AHmpMjahZnhk5dSgek4DPXJDL6uVBEKjePM2jjGHEfzWP1QEI0oOaR6bPS9ddl0chxEQXAnDP3VD9HqRck4Hsd7+HO+MlCLvOSdfECc52olRLu63P4DuDBWETwEyPcUuq1coFr1sHULiBzFVFvP6WiYodeaS4JyRWrZRvzmdbvR8rhPqF3HenVtlsOP5z2vx3dKfeOn5m1JJR6BdlMP96+uVXErjnLi2wsne09/9uheiJDNdWL3T4Kff8aIXrtcnJHTasvx/n8owHj0eFgZr7TgghAi71dviVuW/1o147zPmrcS2SCA4SiE1oKs1NrX0dq/QZuWRP0CAMICo2WkvoZmmiZbzHuoWEEb9sPa+Xl7B6nitYUi0c/G5Z39xOoxfBshyPSXqbX+cVk38rnB3HSjjmbjINMbDs68lj2tI4/hRm/qXHjdFz7dirCKI8MhJ2nG0lkPkrfaZEE9U3hLCLs+YgCRDH0IxwLcWj3Wa7vuYnE0JMKlfvjqProz/yCXDTzddb9wYxGAnEJrTLXLBp8yPdFj2x+5spicnMd3cRs9dSWR0kT8DDk3nm2Vyi3POONRup8WONUJeRx4q+sTtdHNu1z38T73Yb2fVyXV/goSzI5eEAzs8WrFSHRzq6AYZ/zUuM6wtO1dN11ARDJBZiIMljLF9Ltem6C0T0syK1hxTvW66v+cmEEJPKFCAiNIkbpmQDfxzv4oggIYHYROfRxezSlQk+CU34YrL7Uov3UHnIny1Po3R7Mkk3u5av2LD+wY/HVhJYXZjRV+FUza+xdleTHzLmdVH+XBHlHq1hqwtziBr1cSeaHjrOaSGMcuvsT30G+lSPSZztRo5WdjH+FFLStEmc1doyjljGuUhjLdpjQurzjdRff42CQoiReOwF+M8qOFENL/5fIHa8S+TyOz7hZ8AsZ7lOVDv/+95/ANJV8XokgdiEFsZMvfbEvO2MJUBp1sdKGJmPLu2rJKu1xWw5en3UvPRZm/lOhvtaqrS98gSPHRrN9eyiqugRnjqhBRQxeVspSLi+OiUCYHuTco/W1fg7Ez7dNXP2Upan9oU8VO0tpipQrWJ9D08uD5nmXrcoi0x3r0qHmQO7Kq6vVrFZC0hxtxY7miivuN4iUSHEsDX9Bn7wFCy7BzJTYMNKuNoKfHm8SwbuinePxVmuzBTnf//yEHz8O0C6LF5vJBCb4OYlJvZVKu3GUo4FURbEkVDm5/NMVoRrrYeqony2GMe/dUJtMtHgrphPjSRy9hA7DFsE2Vt3stLgvppdVBU9SE6RcfhTDHQ3cfDx3H6BnC51PXsLBwhAJgKbmQbLCENSh5XyrcVUuccbhiaTvWSgrJQRLCvI1VpfOst4amNZALrChTEjVAv4bOeH+G7rMijIS/C4x4tY+4p5gj9wGYaQWDKXaBWTloM7OHJuXEskhAhmOw/DX8/V1v/4Z225+61xKdKntLwPn7lJW//Y9f+pIXB26HnHxOQigdgEp8/IId2d8c1uYss/7aSycyJX0yLI3LxVGzOlWjj4xNfI2V5Bix9bKOxNFZQ3dflUobWby3jq6dK+bpJKcgaLwofYaSTC03j+h0Vkz3FXu3toOVRIRlY+28rcc5t5K6iFqlc2k5WZyxajNgm1bv4aSorztImNJ5i2o5vIuT+NjMd3ctBkwe5jcGQ3V7AtL5e1fa2CCvF5G1gxa+DtlYQneHFVbF/QYzNuJuvBrRwx9wy8Qz8qHfVGGoZ8EKIQY9Ci+PpfHB8y2IvJ28q6BVqX3ZodueRsLKXBl6YxtYsGY92EHlsVn5tPpvt+6zaxZdUGDvp0TYQQk94TO+Ds7+Din+F/z8H/+Qfn6xe6YcrnICIMjpucr302FM5dgD9+AH/4AF79z7Ep4w9+DLY/wUcfQeefIM5VwbFYYcoUmDYFftvpfC3mr+C8HXp7odsOPxyjMopxI/OITXThGTyzLo2aTSbsgNpcwmOZx4lftJjMO2OJmR2JbobCdODSJTtqr50LNhvWc03UdPtw/PEQnsYLr+zg0qrNlJ9TwdFFQ8kGso68RNLCNFISYomJ1KNTgCsqaq/Kxe5OrO+30/Jekw+JFlRqDhaxtqIHZXYC6amJJMXFEhWpR3ezwvSPVS722OiwmGmoNlJZqwU1hCZQsC6LgCWnnJ3F7lI9MRvWs6vaGUCo50wc2GjiQFEE8XcuYH5sNJG3RqCbCqpqx/57Cy3NjdQ0WrD3C9YUYpZtYm9RzoQNwnCYOXrcDA5oM5awxVjCltBI4u9MYH5sNNFRs5kZrkNRcE1YbqWj3UxDbS015v6BdtSSTewtiPXSKqiQtHY/u7seYW2ZszXR3lTK09ll7JqXzKIFicRFu86H87O/2NVJe2sjNdV1tJyHlK0mXh9iDrL4v11I1H4LHYBav5OHVnWxKjfD+b3WD1C6EAOri1/C9s18DjSrgEpL2VZyjhUTk7qQ9LsSiJ6tZ6arpU3ttXHhvJX29+qoOtVEhxrLup+XUTBRe7zos/jOZiP1TzrnS1TPVbAl+xSHUheTviCW+M8571uuuK5Jtw3b7ztpO9tKQ60EbEJMWkeN8Pf3auu6m7Xld34NdPAxcGPhQVia5nz9cx7/euctg6w/wczPBq6M7Z1g8Bj79VfTteUfvcXHrhaRkEMn4NlVztf/0vVvyE3Ao8vgPhtE6rnqSvghJhcJxCaBqCbEj38AACAASURBVOU7KbWvJ2+XCZvD+RS85UQpLSfGu2SjMCeL3UcjiX9uE7tOuLrY9VppOFFKw2jfl1rH23XOCpra2UTl0SYqfdkvPIGC771EQWyAoxp9MgUlPyeldAf/+nKZ1vLR20WLqYIW09CHUOaksXrDJgoyIidmd0Q3FSLviEV3zqy1hPVaaTFZffocAAiNJLOgiO+sSh46gA6JIHP7YUrnbuKpYiNtvc5C2JpNHGke+oTNjY2wPM37Rgl5PJN1nMcqnIF2R3UJW6pLYP4mTIdzB06mEp7MM/9RRvS29Ww7anam13f00GaqoM1UMUSpLLT8ugcMQTBJ9Qjps3ZQ2ruBR/u66vbQVl1GW/V4l0wIMbaygAr43Le0IMzhgDeqIfNv4AZXR68bnf3MbwS49eb+hzDWwRdmQ0wk6GfA62/BQ/fid88c0IIwhwPqW+Hu27W/h05zlg/gk2v2/VUzJHwJbpwKsyNg78+Y8tgDwN8D1cD/8395xbiQromTQhjxq/bx1o+LWJ1hQOfrZL2hEcTMSyZzRU5wTgIdnsDq4gr+62gRq5fEMlBjwUCUWQZSsnJZt7WQJQO9r6lxLC9cQ/aCSJ8+K2VWLJlrdlBRWcq61Iihd/CLMJJyiyg7aeL1rT6WVYkgflEuzxSX8W7lPtZN9CAMIDSWlTvKeLeqlN0bcsmcb3C2hPpAZ0gm+/EdlBnfZK8vQVifMJLyijFWlvLCqgziZw19QkUfS/ryQl5cmejD8SPI3F7K7ocT0HtcU110tPeMlqEGVmwt47/Kd1CwLIGoUG8bu45pSGbF45tYnTpxgzAnhZjlxRjLiylYEuvzb5wyK5aUJbkUbN7BtwccGyiEmBCWb4RznXD1OFy9Cr/5N+1vNz7Ch/cvhFsf1V4L8fiRmO7R5vDyj/l48QK4LQo6L7iOvTAwZf6npc7/X7kCUx/gcvIdsP4l7e83eFTBlRu15Z2HcNx9O0z7Mnz4kfO1/KXO9331KDg6oPhQYMosxtyUq1evXh3vQgg/6+2izdxKS7uVC/YeVBWYOg0lVEEXrmfmrZFEzY4kZtYEq5ypXbQ1u95Xdw/qFWebrjItzPm+ZkUSE20gyteIDcBupeU9M22dNtdndQmYjhIahm5WJLd9MZF4Q1hwBDSu99/2vpWObtd1VcLQR+iJiollXqxvgeWE5+jB1t5O8zkrF87bsPdedn0Xpmnfg9hBuvmNiIr9nJn6Visd523YL1+GKzi/I/pIbouLI94QMbLvSLeFmtpG2jq7UBJzWTF/GPeko4cOcystbVYudHU5u6VOBSU0gpmzo4mPiyXGhyByQuq10tJopvmcFXuPdv09f+NiDAaiwifp+xdiMtPpoMejW3HBDvi39YNvP2UKn7hbFtxV2jfecWYjBFj0JPxyl3P5ttV80vaKc9vjJsj6iusYXwDe9+/7+PAjCJ0O57vgVj0OIAQDXG13/v2lH0Hhg87lba/Bxm+4ypKOg7edCXb/5zdwx9yBj3+qEe5J6v9aWBjYg2EizOuL3fWZNzU1+bxPQkICSNfESSo0gpj5acTMH++C+JkSgPeliyQ+NZJ4Px4yYALx/ieikDD0cxNIn5swRidU0M1JIH1OAM4XbiBliYGUkewbEkbUvGSi5iX7v1zBLtR136aOd0GEEIH1+f5B2L4fwdy5sCip3zY38D4QM/ThbgvnhjbX8vRpzv87PgH+5N9i4xy3TKg2Jsz5nNSXwboR2iwnnq1mf/gjGE3wj191ri9MhOh/gvYf+LPUYoxJ10QhhBBCCBF8/vGb2vLm/Vx67EH42/nQ0u6xkbsq60OXkBs80l1MCXDqC3d/s37n8aXa7fE+3Pv++SOYNY8PH/4aZD+j/X3n1/1TVjFuJBATQgghhBDB56Zp2vLWKvral878bpwKNE4u/BE4TyjAz97UXp/xmXEslPAHCcSEEEIIIUTwUS9ry4m3aMs33zTg5pOWKwuks33MIx3+R5fGq0TCTyQQE0IIIYQQwS1EZtESk48EYkIIIYQQQggxxiQQE0IIIYQQQogxJunrhRBCCCHEdWy6x3IMPPIIhH8G3miF1n8ffLfbvgkr7nKmwN9+EvjJWBRWTCISiAkhhBBCiOvYJeeEy/c9DpV7+v/JtBoW3vXpXcpPwgPp2vq2x2Dn/4UNjzjXA50eX0wK0jVRCCGEEEJcn0JuAP7knL3r2iAMIO1O+J/2/q+dqOsfhLmt/wYs2uBcvkGq2GJo8i0RQgghhBDXpz/1OP//y3rttWdLYMrdYP6tc/0OAyQW4kymnwqZd2v73rMKHnpR2/f4d4AZ199cZ2JEJBATQgghhBDXp7bfwYaXYVGSc73xDBQ9yp/5FcSt1rbLiuMKwK23aa9954f8+dQP+aT0aaisdb4WqsAvTsDHV8b2fYgJScaICSGEEEKIieMmxWPlZq4CUwjVXgr1SL4R5rHt9Bs/fawvfQFejNfWk9YA8BmAvEXa67/9g7P74u+7tNcWJfGZ77uWl3wZrl799HI/07RF5caBl6fcyNWrrsmbXRM5M1Wq65OVtIgJIYQQQojgc4NHwgvHQIENwBln0EKHx7YObfmPvdryQI1Un/EI4A6/Cbytre8u1Jb/40WcIV0FXPyz87WsNCANgKsAW0q07QdM1nFZW7zJI1gM8aiOX71C3576W1z/D/c4hsfnMEWq8ROdXEEhhBBCCBF8LntETjd7tBqlrQdTA6x+AVBdL3bBYzudr6ev17b972L4RTX87G0o/1fv58u9T1uO/hbobnYu/7Ac+FD7W/GPtOV//xfA1YL1nUfhj3YvJ3gTDr8B9Wb4xlbt5bUbna/99CTgcex/KIKm38A3Bin3J46BXxcThrR1CiGEEEKI4HPxI23ZoIf/dq/8EhbO//T2+zbAvgGOc//fDH2uJ1/uv176z9ryqv39/7ZlPTy7yrn8j0vgW87Fq8CU+78Dtd8d/Dy5mQO8+D7cGffpl9/8rvO/fnTaor332j3EBCMtYkIIIYQQIvic69aW/+oW/x57qkcV2PYn+H6Bxx8fgLvnORfNvwVOXLPzn6Div5yLNynw1A/A3SpWtwsafqNtekOIf8u9NEpbPtPhbUsxAUggJoQQQgghgk/zH7XlW8L8e2y9R2D3N0/1/1vVZm05bisDWrpdWy5a3f9v8/M8zvPZ0ZXzWl+K1Jb/VwKxiU4CMRFQqq0Lu3RhFiLoqOctdHT7sKEQQowbj7m9/tLPLWKP/xtY/wCv/QzO/LvHHx6Ae+50Lv4/G/DqIAc4AW+fdi7eOBXWFnuk0XgHtr7qnGdsd6l/yx0ZoS2f+5N/jy3GnARiwv8cZg7k55CWnMiX0tZzzDbeBRJCOKnU7Mh13Zs5bKtWfdhHCCHGy/tw3pUuPnGufw/99m6ImgV52f1fb9ihLX/lOe/HSH9eW/7+E/TLk7j5mxCug395yD/ldfv8LG259rf+PbYYcxKIiQCw0X7aTEe3VPKECC6X6bDIvSmEmEA6XU9zb78N8HM3v2t9/jFI/KJz+TfnwPKDIXaogJ9Xa6v/9hMGS7LvNwZX18QPLznPLyY0CcSECBbddezJz+KvE5JJy9tJ1fnxLpAIKLneQggxNFODx0pyYM/1653a8pfWe9tSk7VSWy7IYQqp/i+Xpy9+3vn/tt8F9jxiTEj6+hHr4UheMk+7HoToHy7h3c0B/oEYirmYjK/tp80B6LLYW72DTMWH/SY6m4Wqulpa3jPTZrXS8Xsbtm47F7t7UFUV1QEoCrrQMGbMiiQqMpr4uFji5y8g/S4DOj8nNBqphj2b2XXSCoC9uoS1OxJ493sZXA+X8Hok13vkKgsTeeyEs1UvalUZpg2x410kIUSg/PRXWve+hXFw6o3AnGfbf0CYa96wineAH/u4owVeLIWncp2rzQdhXnRgyvjZbzjHowGclUBsMpBAbMTCuG1uJFQ7K1K2s+3YSEY/jiWy/8ZChzsxxueiiblOanQtB5/g0f0W7xupKnZVxd7dRYe5iRqj6/XQSJIW38/y3IdYkRDh/RgBpdLR2X8wnf33Vi4AUYPuIyauYV5vtYuW6lPUmy202gys2pxDTJA8QBBCiID67xZt+ZsZcOr7AThJGmz0GMu1NGV4uz/9EPxzDoQqEG+Ax4u5+nJh/zFj/vBkmrZcedrfRxfjQLomjkJMtEF7et1u5uw4ZwdsO2Pum19eFxN7/VbgQxR0syKJmRtL/DzXf7EGYuZEoLs2OO210nBsP08vz+DuvJ2UnxmvsTMK8XfG9msNiblzwfV7DSe9YV7vc2U89fhmthSXcOSkmQtjU0ghhAgCb8Ef7c7FZWlDbTwy545qyyv+dWTjvG5+TFve8wRTiPFHyfr7x/u05R+W+//4YsxJi9go6OZGMxMTHQAftNNyHlJmj1dpejhr1p6wx8w1XJddnJRFRbz7co7X7obqeQv1jbW8U2Wk/M06OnoBVGzVJazNMVJeuIPdqxI8564fEzF5L1Gq7OPgaRszbs9hVZ50t5rM5HoLIYSPfvpLWP1VZ9fBmx6Gjw755bBXgSn7yuFzf+l84fT/wtFNI2zJKoGffAO+vtC52lEDUTP9Uk4nA3zBVcls+x1Q68dji/EiLWKjMcegdf9ztNPePrLD2E9s4O6ERL50eyJ/XViBfSQHcbTS2u5uzXF1m7weKQrKEF22lFkGUpbksm5HCSZTBa+uyyLGHXWpVqp25JGz0YhtrFs4QyJIengTu4uLeX5VGlHS9Wxyk+sthBC++VaZtrwt0y+H/ASYkvZ/YM0D2ot3jfKB2N/fAx/0OJcj9XDAP1kNrwKs/pb2wmGjl63FRCKB2Gjo4ojpm86hh7NnrCM4iEqN8RS2XhVVVbFXG6kZSSRma6fZ3SAWEk10gMaJTjo6A+lrdmCs2EfB/DDXiyptZRvILTKNLCgWQgghhB+9Dh9fcS7mPTDUxj65gVg45ZEl8a8f98tx+Yuvacur7oevPzfqlPZTALY8or3wrKStnywkEBuNkEji52odANvOWBj2CCO1jrfrerR1ey2Vp0cwTumM2ZktEeCWOOJnDbG96G9WGuteO8wLGe6EHSptpetZWzaS4FoIIYQQfvWaK/iY8RnI3Tr64/2pXlsuLuPqr4eaM8w3V3kLVnkEeD/ewhS+PsqjPgKzXd0nz5wDjo3yeCJYSCA2KmHEzNUGhdnbzM7xYsPRaOJkv+RpPdScbBp2QNdmbtVab+bGcpt0cxo+xcCK7+1nXYI7uO6hasdOymV+JyGEEGJ8fes72vLWvNEd69HvwoybnMs178Har/stw+EUgB9ugCO/1F58+9ujO+iPcrXlp384umOJoCLJOkYpZm40Cq6WMEsrbb0QE+r7/g1GE7ZrXrOZjNQ7kknxOZhSaWvV0rdHxUYPP41+r5WW0000W23Yey7DtDBmRkYTn5BAjN5/aT/Ubgstja2c7bRhs18GZRq68EhivhjL/NjIIcd3BZwSS8ELT1CVvZMGFeg2sutAE5mbE4aR/ETFZjFztt1Kh835eapX6HuvUZ+PZl6sAf0wvidBwdFDR1MjDe9budDVgxoyDX1ENLfdkUiSIcyHA3gzST+zicLRQ8eZVtrarXTY7Nh7+9+b82Ijg2a+vdFQu620tZpp67Rxwd6DqgJTp6GE64mKjmP+PAN+/LnzH4eKrd1Mc3s7F7rs2HovwxUgNAy9PpJ5iYnEzx7tPShEsGuE147Dyvvhu6+P7lCvboF1X4UPP4LUO/xVwP7+4V74y1/BX8+Fe3b6sIMXu8phRQb87jz8Z5G/SiiCgARio6R8MY6YECMtDkBtp8UCmfN83NnRRKVrQlcUAzERFto6gfMm3miClPm+HsdCw2/cbWgK8XN9HyBmqy9lz4FSjlVbsA/YDKcQlZrDqoJ8Vs4f4Txbjh7ajD/hlUOHOVZrHby1LzyWzJxcClbnEB8+slP5hSGXdcsP89Ah57XpKC+hsqCYbG9lUrtoMB6n3GikqrqJjqEGlykJPFNeymqDx2sOE08n53PEDoQk83xVCSs9u5g66ng6LY8jNoAwsl82sTtj+LXGmqI0HjrUBUD8ugoq1hi8bq92mji4t4RDlXWDvi+dIY0VqwspyIn1PdukPz6zoU5xcgN357sS4ITn8GpNEenDCCgaitLIOdQFhLFin4kXFg0jHPc4t7KoiHf35fT/bIa63oM5X8pDsaVDbqbPLeHd57xNMq/SYdrH08dMnDxtxtbrZdNwA+nL8ijIzyFpPO/NEbIZd7J210+osfR43zA0kpScNawr8P4+bYfyuLuozrkyrxDjT9cMP1G1rZSH0rZS4wB0Weyt3kHmtV8vh5mDT25iz6khrg+gm5fB6sfWszoj8rrMmCuuE3kPQF4E0DXKA30I8WMwmD79Lv8c51cvw5S3gN/453giaEjXxNGaHcs8d+3KYaGhdRg/Du8ZqXR1e1NS83h+mTtbj5WqN5t8P84HrbSccy2HGIiP8+HJqMNK5XM53PvgVg6eHCwIw1lZqy5ly4P3k7XdNPxMgo52Dn3zXjIe38kRb0EYQLeZylc2k5WRw5aKIbYNKIWUh3KId1fY7SbKjd6uaw/lT2aQ8+RODp7wIaAACI0mZrhTHYQkcE+y+9r20HDaPMwDAFhoOO16LyGRpKR6i2pU2o5uIOv+fLYdHTwIA7BbTBzYmMO9efup6falHGPzmSmJycx310rtjTQMK7OphZpG93XvodncOaxzt53WugvHJyeP+XQIvmg5tp8jpqEr+XRbqCrZTE5mHrtqhwhmgpGtdeggDGfPgJpDm8nJyudA8+C/QPrkBdrvw9lG6n36zvenNjXR7Po9Ve5MI2XA6MlOe6MP1wewNxvZ9fhSsjaNQ8ZXIfypZ6h7dbRB2ETlQxA25Gcngo20iI2WEkfcF7XpHM7+uh2W+9Zy1PLmKTocOCv+GQtJibMSs8+ZdKPjpJGWDQnaP/benGnSJpPWxRE/Z4jtHRYOPv4IW05qP2bKrAQyszNIvyMafZiC2mOjo7WONyoqqDmnAj20lOSTYy+mbHvGMLo+dtHm7jUZEkbUXQtIn59A9K16ZkbooNfGhU4LDdVGKt2Bmt3MwSdzaLMd5tW8cZoPzXA/2bHFtDTjzGx5qhb78qxBK9OXPCo+ij6WlLQFJN0eS8wsHbpQHdNvVLn0oYr9AyttZ8y0kKYFCD5TSElNRKkwoQIdjY10kDC8SZ9tjbzjvh63JHPPoJl6VVr255G7q0kbexgaSUrW/dy3IJGYCAUu2+lob+KdE8epbOpCBWzVxTz6iJ1XD60nZYjIY0w+s/BkvnwbVDUDjk4amrpgro8tu92NNJzVVtvea8SOwceAqov6ZtcHHRLJ/Lv8OJ1EqIH0rES8z06joL/Tx6hViSBmXhzxcbHER0cTpdehhKiodhsd7WbeqXqTqjOuf9y769iTvwblcAkFsROn3UVviCZK14k+NY2UhFhiZunR6RRmTFe4dMmOrdNMw6njHDtpwe4AbCa2rdnAzLJisgdqpYxOJiUS5wMwtZF3GlVWDKO1FKClVru35qcuGPh7FRJNdHQY+vBEUhYkkjR3NjP1enQ3K0z/WOVij42OX5soLzfScF7te3iSF15C2brhdKcWIoj81V9JQDFSYdJFeaKRQGzUIph3WyTUOrux2Vpb6SB56Mqxw0y50VVRU5K5Ly0CbllMZvR+9pwBrEbKzeuJ96GbY1tzqzbO7IuxzPP6r28PNUVPeARhYSTlbWX3kxlEXbtfRhYrCwqp2v0Ea/c7Kw0dZZt46s5EXs0ZRjdFJZL0h9dQsDKLpFkDF27lmvXYzWVse3orR8zOwK9mRz5bIst4IWM8flgiSVkQCc3O66q+10SzI8uHcXsK6RtL2ZsVmCqQbkEa8SEmGhyAuY4aWx4rhjEgUD1twv2gX5ecxvxB3o+tYgN5HkGYPq2QF7euIf3aSmlaBivynqCjYiuPbiqjrRdUcwlrtybz1o40H4OWQH5mriCo2QqoNNc2oi7P8KmCqjbWUe/RKKK+10S9I8e3ro32Wt75tWv5Fmcw6De6Bax6ftMwxpAOLqmwjH35sei9HGv1uk10nNjJYxtLaekFepvY8+3XyPzxGmImyrixu9ZjrNvkZQxqGtnL17Cufj+PPVFMjQ2wGfnX7xlJ35Hx6e9xSCxfTo7gwLkuZ+t0tRkWJQyjQBZq6qzasVIH+z2NYOU+EysVL9/YjCxWFlgpfy6fp8osqKi0vFbEgaVlFMwdRpGECBadw+t9IMREJl0T/SAmzqPVxtLkrKwM5b0KKl3dCZXkDBbpnf8gZ2a4uoo5rFT+wpeuZyot/RJ1xHltrVKri3n6iHv7CNKfO0zpxgGCMLeQCNLX7WdvnrsLWw9VxcVU+fIecXaVXH3oOK9uyBk0CHPTxebwwuFS1i1wBV4OK0eKdlA1TpN5xcTFatfV1k7bB+NTjn5mp5HpbsVS63h7WFMdqNRUN7qCqzBSFi0YOCCxVfBskbEvuI/K2kHZ/gGCsD4KUVlFlG7P6vvu2Y7v4EDzMIoWQPGpyX3lsp+uc47n9EFLXVP/eeQ+aKThjG/7qk111LvuEeXO5BG0fo4FhZlzDF6DMPd2UUs2UbpTu75q8+u8cmr8Og8PW8jQE70D6OavYe/2nL4HabYTpZy4NpsSOFunF2mtWB11p2gbTnk6T1Hl7iYbnUa6t14M3oKwvm0iyd76EuvcXzTVzNGyYXRvF0IIMS4kEPMD3e2J2pNh1UyDZYgdgIYTRleqe4WUJYv7KjjxizP6jtVhrHC2fHjjMNPS6pGoI8HbrPAWDhaXubpDQtTyrezO9aXrXxgphZtZ4a6In6/g6Elfuw3oiRwiAOsnNJaCHZvJdA+UP1/GrsM+fKABoERGenT/6sT6h3EpxjUiSf/bvkiMelOd72PpHGbeqXO1hIYmkpk6cEtjQ8k+Kt1jXuauYff2LKJ8qMTql2zm2+7WS4eFIz8aRtkCSElIY74726KtVqsAe2WhpvaaOeQcA7w2iLbaOlcgqwze7WyC0WVsoCDVfS93ccIYHNfX33RpeSx390RQm/rP8+hBWZChdb9tr6NqGA/x7bXaA4GYtMW+dUEfSoiBlY9qrXcd1ad8fugghBBifEgg5g9zPBN2WGn59RADSR11lL/pqtCFJpO9yKNCPHcxme5EPueMVA71UNPWSou7bhgSS9IdXoKe+lIONbmqTqFpPF7oa9cxZzkfznG3iqnUGGsDVwmblcW6R7WAsuVHZUMHpIEQHqG1FjguYb84DmUYQMyitL5g3VZtot7Xz+bMKarcSTrvzCBloKxwdiMHy7QW0+wnHyXJ5zg6jMyHl2qtYiaj72ULJF0i99zpehMOCzXVPgRTnbVUuVq/9AuS+z7vlro6hm6gtVBVrXU7uyd5hNlGg04Ey7KS0XKfNGqTyE8qBlISPSZ2/80g35fQBWQmu79XZt4+5WsCgR6qTrqD2EjSF3t7eDY8SkIy89y/WecstH3ot0MLIYQIAAnE/EGJIzFOq602v9fqNUhRqys44Xp6qluYRbpnhTgkluwlWvbEY8e9P3VWW7XMW8xKZL6X9NcNv3izb8Jp3aIclg1zsrH4v1nY12XH/uumgD5tjcnO0bKIdRqpfC9w5xqUojC9b0XlUrA8/p+7mEx3V6bzJt728bNpM5lcFWeFlMULB+zCqlYbqXK3hs1ezMqFwxufpyQma60EtkbtIcG4iiAl1SOwN9V9au6+a9lrTa7vdxgpD+b3dR1TT9dRM1S33PNaEMfchd67nU0wukSP1v9OC23Bck/4mf5WLbnKhT8M9m0JIz0jzRWYqtSfPOVDkA701lJV5/rgZmeQebsfCux2ix79za7lKzYujCCboxBCiLEjgZhfRDBvnpahzP6etyfFKjUVb7oqgmGkZ316IHjMEq2ris1YQY2Xyk5bo5YiW7nDW5ZFCzXutOWu7lLDHrZym0GrhHW1czaQT1tnLeDLfZnVrdQ3jkON3qFyyWN1erCktvEcS4iVql/6MpbQYzslmfvSB26laTld2/d90t2VNvwuU0os8e6iOay0DCtdfOBELVzY917URhM1XmvMKjWmRucDkNAFpKcmc487mYK9lrcbvUcfdpNJ63aWmjb8+aWC2WwDUe774IqNC0NFtBPU9FDt11FVB7/eukUZpLu6vaqnTT6NZ1Vrte2iFmeQ5NeEJwoz+iY9V/FSdCGEEEEgWKqWE15MYiI6LM5KbHsT9R9A/EBNDnajNr5Kv5jstAHCIcP9ZCcU01IP2N6k3LSJ9AEn7u2iuVkbmBB/Z+LgwZXars01hp6Yz48gE+HNembqgG5nJczWBYEb/GIg/othYHZ+Vm1nLIAfU4D74sPLHq2RCsq0sT29N/F/l0HMK/tpc0Bb1Zu0rI31HjSd01oV+5LDfEoXzWe17lVR0SOZGHYGM29RAGfmS3tXDxAE6XTnpJEeXUzLGWeLRGV1D9lLBimXWsfbrrmylMQ0UnSgS12I7lAZdrqoMZkhdbAMeT1UndK6naX8rf+6nQWFqXpmhgPnAezYJ2CGafW8mZrTrbS1W7Da7FzsVUFRmKGLIHJONFFfjCPK1wBGt5DMVIVKowq9JipNPWRnefu+q9QY3S1nkWQuGUamRUcPbU211LdasFpt2LrtXLoC00N16G6dTfScaOb5s3VNCCFEwEkg5idKYgLzlTKqVMDRSkOTysoBgiebsaLvaag+I2uQSTwjWfZ3yeyqr0Olh6oKI/aMAeawUltpdCfqCDGQcqeXsShdVi70VS6sHHgwjgMjeqd9J0f1NXPiCM2crQecNT37eRv2QMZ9Azlv7UtsQogevfeJm8ZW7FKy5+5nlxloN1J5ppB4L3X+jpNG1zg7hfSsxQNn1nTYsF3QVlt2ZfGFXaMr5sUPLwZHIBYSS2a6gT1nLM6pEaoaUZekDRxoNpo46erSYiNRCAAAIABJREFUFZ/myrh4ZzIpoWVU9kLHqVODz/HXW0ulu9vZrDTuG05G8wlBQeducXFcRr0yzsXxWQ8tZfvYc/AnVJr9GT2GkZ6Vhs5oxO4OsrIGn28QtY43TK6HHYb7yfYhcFLPmTi4r4RDJ+roCPBvrhBCiLElXRP9JTyRpL65gnpoOD1Qd7EuTpRrT8uXLU0etMVBn5nVl/Lafqpi4BTKZxupd3eFuSWRJMMA27j1a93xgzGohOl0HtWZD+2Mda6MjvZ2bcyHEkmUl/F3Y89A9lJX5OWwDDHVgZXKE66sL7q0/slh+lGx+7uiF0TJHOLv0zKS2quNg3b5bagyObsOh8SSvtDVCqtbyD0LXDfkOSOVg3S5VKuNfd0e9YsyBp2nbcIKUVAm2uM7Wx27HryXrI0lfg7CnHQLc/rG+dpPeYyxHIBabeSk67c8ZsnSIbr+OidnzsrKZ1uZBGFCCDEZTbR/UoOYgZTESHa5JgDuaGykg4T+EzufO075r1y1P0MG2d6elusX80DqVmpOqtBbx88qrax4uH/XPFtjU99YNOX2YcxVFBJJ5qoHSZoxnPd37TF0zA90EgLPSvyYV2hVWpo8atuGBJJCvW0/9qKWZJFUbKZBhbbKChrWxg483uTMzyl3dUvULcoiffDH9f3WYrIKWR43uv6YM1OHmREmkGIXkx65n7ZzgO0Ub9SppF/bNdhhpvKUazzi3MVk9j3cCGNJRjJbTppQHRaqqiysm3vtkw+Vqr5uZxEsykgYQdfOCWAiBZe9Texalc8eszbFhz4hgxVfz+DLt8cSFTGDmbeEoQDqh11c6Gyn5b0m3v7Jqxxp8jFoC00mOyOC8qNd0Gui3NhF9vKBeif0UOUeHxwSS/ZSb0/OwHZsA7mbtPn80BlIz84he2Ei8XMimRkehk6ngKpi7+6k7Uwr9dUVHCo10SFjw4QQYkKQQMyP4hckoDtkdVbEzHXUdOexwiMjYtsxLQ17/NKcIZ6GhrEkO41tJ11dXv7z57Q9vMZj4L9K/Wktt318coL3bns3T/OoFIYR/9U8VnuvB4w7+0WPke836xhN3DhsvXVU1moVsai7EvsH1cFg9lKWp75Ew0nVFeQ/QdKCT1f9W44fdyWPiGBZ9iDd8QDQoXgEmzMX5LJ6eRB0K/SXkFiyMw0c2G8Bujj5Zh1q2jWfx5k3qXKNpYxfnNEv0YZuUQYpoSaqeqHlDSNta9b0T8Sh1lF5yvWdmbWYB+6clGFYEOgfZXibqLmlpEgLwkIiyXx+H7uXDzx3oqKLIEoXQVRsMvOv1HKkqc7H8iikf30pUWUldDhcyZiW5366+2/3Kcpd44OVu3LI9vb7223k2e1aEKabv4a9LxWSMtBzDUVBN8tA0iwDSal6rCdMHDzvY9GFEEKMK+ma6EfKnR6tUmoj73hmV3M0cbTCNT+TksDyZUNHQbpFOSxx/8NrPk55s8cfHU3a8UMMpKQOkcgiXM9Md9jtsGH9vc9va5yodHRq/TF1ev2Yjg+znyzz6GI0zEH1YyaCJTnurJue3V49OJood3/vDEtZPkCg1idET6THg4MLHUGRe96v4v9O655oq/p098SWXxidrcz9MlO6hC/mPvfnZ36TymvmGVerK/q+M1GDjv8Uo3eZi57XbeogH7SjjqNH3F12FeLziwcNwkYtIYflrp7C6q8qOHbu05vYjBVU9TrLkpK91OuDHduJUu33R5/BdwYLwoQQQkxoEoj5U3gy98xzr/TQUKeN21FrtX+cldQclswe8Aj9KWksz3IFWA4LR37iUdFub6LGHafMWkB69CDH6DtWNFF95+zirDnIK9kOCy2tWovUvLi4MTy3mQMHjNr4sHk5LA/GOAzQpeWyzHVdbScrPpU+W62t4JgrsWb8V4dqhY0gyiObZsfZVt/mRZpIYpeSPde1bHuTcpPnwxIzlUZXdDV3MZlzr905jEUZrnGdntuCs1tihUc2vKV+/sJI3wUPF7F/oF033S2DPKI510S9+zcyJIHlubEB7CpqYMXX3d8Nj4cffbo4UeH6/Q7PYPlgGTsBUGlu0uai1Gfk/n/27j+oqjvP8/9zi3w9llmuRdbL15QwJkCM/Ei8qBEbN9fW6evghCyZ3AyOZOQrjpY48RuyYSQ/RtuktU2CTSZkdINLVtLaIQ2b2ysjPTphViKzEtmJyE4Evm2AahusuF4qFpcJ5XGl7vePe/kh8uOCcNH061FFlZ4f93zO53PO55z3OZ/P55CmIExE5HtJgdikiiD53w8MXdd+to4W8N2kVRzv/3ZYinOEUeuGsdg5cPPsPuHqv9F2153t7x8W0PeeQqJYHDdw8W88UzPmR22n1cXPONn3VDkkih8kjTIi5CRrKdlDcX8MPYe0LRl377egBr9dvVbV3/TJx6S2wt8nZVYSG0ZtC+WTkBjXf7Nqflk3xve27kVRpD3TFyR1U11ZMxBsflVJxQjNEvtYV6eS7G++2fj3Vf7zG/DUUFHjz/sFgY2GNy7GoKbFpjm5A+/ca8w2WvvfOBlEzh0hqLnmxtPXz/SBCGIemNpkWVOd/f0vB5oD+w3qHxyZmtH/7bHh3eCqe+A8fiR6rKdsIiJyr1IgNsliVi4nsi8ounia2stDbpDnPk26fRz9bhY8RbrNfwt2rYryqk7f8Ntn+/qHGSTbR/l+WD+DZPvAR5zNsy7Khj60vWt0U33ENfBR7AVPD/N2Ymp4zuxnW2FD/42uxZ5D7qhPr6df/HMZLDbwBfxln9LeN8NdydHPfENlW9ZksDaAUR+tKwYF9Z4qyk92jrHGvScy1dl/I+w57eofkbT+eJXvcwUhNtJSRwhaw1aSttJ/PFw8ToU/YPdUDTwkWfzMWG8eJyDUyuy+t2I9bq5O5cfU73bNgx4QhEQRv2Ck2m/Q9JtDe5ZNAYuDDSn+B0ZtLo6eGdhiY5m/f3BILOnPBzCIy6Dj5/rN66MtKSIi9zAFYpMt1sGqvhve3mY+P9uJe9BNWkyqc5x9RyJY29fkBZPasuO095yn+kv/Rd5I4ocrAgsULKtTSel7FdfbTHFB5V35VsxzppDdx/oCgFBWZTqD8kbKfWo/GS+U0NJ3/zTXwU/2Ou++QTqGmvc0mf7g3mxwUe4PDtorXdT2+AYpWJfhCKyP3bynSV/RH65T/UHhbc0d73nWNQPBVE8d5Sc7wKyjvMrXXNd4IpVnRhwRNJSU1JW+vOxto+JYA9DJsb7+eUYSaalT8OHx+yOI7HspbDbR1DT5m7g3mNR+enzg+34Ry1kyUnbPnYO1/6FCKy1T3hrbIPnPnP4+iJ2cKPM3b+6p4WiF76mXsSKDdWO+mA4l3DpQp7dcbPv9fgMqIvI9pkBssoXE8kcr+u+YqD3l4khf364QG+nrRvnq7gisazP6AyjzKxdHS6uo9XfkNhLtrA4bdfUBFgfbswaexnqq9vDSh8131UXe03CIbS+X9t9oGbZsXn9mipsl9rRxMj+Dp14oobHvWz0WG7nv55N2V307bCShpGQ87Wvu2ttG2ZEaTLOBo6W+N3uGbT0bAu6yNIdntmf0D2jBZRevvOYauPH9XhjcPNikvsxF7SkXJ67gH0hh9KbDht3Z/3axvdJFdYOLcn+zM8tqJ89MxTETEs3iuL4zt5MTlTV31Xk7MSa1B/dSHOgw8YDn3Pvsrhh4SxuTkjr8JxsA5iaypP+hWAPlZQ1Tn2cJTjY84SsnT00pZZfAXVnKMTe+cyszNaBm6QmJiYPq6VKOaRREEZHvJQVik85gyeqV/Rdbs6aIYn8rQmOFc5Qn7aOYZSdz0KAdRwoH3mTFr7IH3N8MICZrL7nL+562dlObn4HztVLqA3k1ZnZSX1U3NTflZgfVh3JI3VDYH2QSZuf1t7MGgoLJ3uSVBioO5pHqSGXbhw24+/Zrnp03Pyphu+3eGfbOWJFBpj/Gd58oofijEsou4X+j+Ny43uoZthd5Z/PAwAbuql2krt9LWUAfwzVpP1dF/V1+43jLm4mLpbz6lv/thcVOumOMwN9IIn2t/3x0V7J7x8cDnwdID/DN47iFkrx64APwblc++2pGaTba203jqYaBZqp3o+Yi9h0oZd/6p3h+j4v6K6OFSd00HttLxtZBb6zDHGzPHOXBVoiN9OcG5reUvMhLRxumeACaCJ7Z4D8GzAaOFpdQfMQfNMc62bwisDrF6hj4SDSeGnb/5X5OXr73Q28REbmVxuKaAsYKB6utLsrcgzvWh5KyLvBBOoZavM5J/JFCGnvBNPuGrbeRsnqczaBCothS+D7uv8im+ILp+3Cxay/OY4XErFjJqidsRM+zEj7L3xiyx83VKx20flVH9ekG2s1Ycn/tYnug3yDrbeDA5iy+sMURHz0Pa5iV2RYD4z5f3njcbTQ2nKX6VB0tg++QwpLIPbSfzHF+68z8l0oKDrqJmGsl3GJghBi+o/ymidnj4eqVTjp+20Rjw3nOXewc+kUiYta+yDtvZLE40LeMd40o1mXaKX6tBk9PHQUF/snzn2PLmvH2cTNY/NIh3uvcyEsuX7MoT0Mpr6a5KEhIYvXyROKi5xEeZvF9CNf00NV5mdam89SeqaPxCiTvreHju/kbZCGxpK+zUfxWAybdtPsDR2uKc5QPXg9Y7Ow7H03aL/mPogXO0T8PcIesqdlkFtVQfMn/QGbrs5xb+zRpy2OJnGPBwMRzzU17Ux3VVTXUu+exvaKS3CD1rxyfbioOlPoD2E5qj+6itjSfSNtykhPjiI6Yg8UA09NJR2sT587UUD84EAmJIO2NXWOOJhiTtYstJ7IovmhCbycn92RQ+3ESax12Eh+NIDzMwuyZBvwfk+s3PHi+9dD+vzto/bx19B8ehWV1FuuiKilug/by/RSD71tjzz8f+EOlMAev59qp3ekbTMa8UMK2lOPEr15DytJYYuZFYJltMBO4ft3jq9vcbjouNQw8yBIRkbueArGpYCTxR/Y5lLkGPbGe9zSZq+/gxjTKyYYVRbw6eLjt2JWkTOQNW1gSr//CRfS+Hewrb/Y9Ie7tpqWmkpaayjFWbqPxX7ohKtB9MXFfrOPkxTpOBriGdflW3nkrh1WBDPE/1OUaigtrxrmSQeQKJ5u3ZpO5PHijM042a2o2zxTVcGTQiHLJmetHbro1mpA5pLz1CaULdvJKYRUtPfjK8kINZRfGzt8L589Dun0CGw6eyGcyWHWwgZODBn545rnRPng9yIKnSH+iiN1n+85Hg+TM5yd/kI7BDBu5+3M4t7mQeg/Q20ljZQmNI56ybVTXdJC7YAr6rN2xUNJe30tLzx6Kz/gfiPR2036uirJzVaOvOiuKdW8U8ebaAM7VWTZeP5SPZ2seZRd9ZeVpq6PsUB1lk7MjtwuJZcsmO0d2Dmo+OtfJ5rTx1S2R6fsp9ewgq6DG97be7KTxRCmNJ6Yi0SIiMh3UNHFKGCSvXXnL26/45zImdkPcbw5r193a7Cn+jxwTH0hiVhTr9rr4p4p8tj9jI3LU4ZR9LFFJrHthJ1vGGhwkJJHNe3ay3Wknfl6AAVtIKDH2DF4v+ox/OjK+IMzyUBzxc8f5JiIklEibg8ycPXxcdZaakp33dBAGvhv1zZkDzdewOticdic34aEsziqk6mQpb292BJTHhjWWVek5vJOZeAfbDZIwB1sG589jznH0pYvgmXT7wPloTWVz6tQfP4ZtK6Xl+WyxR4waMBrWWFI27+End1T+U2yeg9ySKv7pkz1sfyaJmLHeRM6aw2LnDg7/2sXbz4y+/0O387brOIfznCyeF+haBpZ5sSxenUpmygT69aZlsW5QHRafmTGBD3yHEr+5iH/8r3vY4ojCEuj1Y9YcYhKSSFnn1EegRUTucv/G6/V6pzsRchfo7aa9uYnGlg6udnbiMX3vS41ZcwifF018XCwx4w12+lzroLGtjfZ2N1e7PXh6bsBN4L4ZGKFWIqOiWfJ4LNYAgsFReTpp+V0H7d904Lnmoes7E8+NwduyEG61Ejk/ipjoiMBvbMTPxHOpmXNNHbRfcffnrTErFIs1gkfi4oiPmjOFH82VwUx3G+caztPS0YmnB5gVijXMyiOPLyc+KvQeLAcTd3MDF1o7aHf764n7ZmAJsxIZHUdCQhTWSdgpz6VmLjQ10dLpweO54ZtozMBisRI+x0p4xDxi5kdgudsysKeTluYmGls7uOrpxjT99dosA0uYlfAHI4icF0HMSN9VExGRKeHx+JrWNDQ0jLlsH5vN9+RXgZiIiIiIiMgE3EkgpqaJIiIiIiIiQaZATEREREREJMgUiImIiIiIiASZAjEREREREZEgUyAmIiIiIiISZArEREREREREgkyBmIiIiIiISJApEBMREREREQkyBWIiIiIiIiJBpkBMREREREQkyBSIiYiIiIiIBJkCMRERERERkSBTICYiIiIiIhJkCsRERERERESCTIGYiIiIiIhIkCkQExERERERCTIFYiIiIiIiIkGmQExERERERCTIFIiJiIiIiIgEmQIxERERERGRIFMgJiIiIiIiEmQKxH6fmc0UZ9lZuDSVV090TndqhtFNbX4Gy2x2nPl1eKY7OSIiIiIik0SB2PeeiedSB57eYWY1V3L0TCemp42yitN3X6DTe57y8gbcPZ3Ul7s4d8s+jLJfIiIiIiJ3OQViE9bBkRfWsOixOB5e4P+LjWNhkh3H+mxePVhJ47VpTmLNXpY9lsiilF0ccw8zf4GdtIRQCJlDiiMJyzQkcVQhcaSkRGFgEJPiICHEP32s/RIRERERucvdN90JuGf1duO+1IHHHDwNzGudtJyroeVcDWVHStn+nw6RuyR0etL4nduXvpAR5s9KIvdXdeT2jrLMtJpDyt5K/r83h6RvrP0SEREREbnL6Y3YZFieg6uykqpKF66SQt7MSsIaAlxr4MBfFVJvBvAb0+luD2ju9vSJiIiIiIyTArFJYITOI35BFDELYlm8wkHmayWUbI7yzbxcw8lm3z/NtiqK9+Tx/LNrWLY00deUcekaUl920Q7grqHghQwc9iQWxsbxcGwiy1KyeOnDOtzD9YXq7aS2ZC+b0uwseiyOhbYk7M9ms/tY25Dl6thtH9SEMu0QLQC9Nbya5JuWenDIOpi0Vx3i1cxUX1ofS2KZI4NtBTXc0hrwSh3FO7NwrEjk4dhEFjky2JZfSUvP2PlmXqxk3wtO7En+de1rSM3M48iFvsjVpOKFRF+as1zc1gpxpP2ahLSJiIiIiEwlNU2cIjGPRmPQhkkXV7/1Tbt6qoR9RxtuWc70dNDSYzAb4D43jacaaOkPukzcbXVU5NdR31FC5RuD+nGZzRRnb2Tfme5Bv9ZN+4UaLlzbeYep76a2YCObDjUz8DLPxH2pgeqvPRh9ky6WsilrL9WDIiTPpQZOfthA9ZeXcR3dSrxx24/7XHaxLWMX1YNGCPFc6aDRDR2MtNI43EnaRERERESmmAKxKWHS+FVfEDOb8AeGzJ6VRG5RHikPhsK1Ntrvi/MFWGEr2f5uEdsfisIaNhOuNVFRsJOCmk7aj5VwIieJdWG+n2g8sMMfhIUSn55D7nOJhN9ncrWlFZ6IuHV7ITZyf3WIzLl9/58x6sAcZk0+L/mDMOvyLHI3O0iwGnR1NNEeuty3bm8bB17dT7UbjAVO3nwzi9XzZvD1qffZ/VYlLQ1F/Lj8KVwbIobdRktlqS8Im2Vje1E+Wx63gucyF867CX8kwGweab/uMG0iIiIiIlNNgdgkMLsv03ihGeOmydVvWqmvLuXI8Q7fzPkOUh4bssJ9EcQ/EUtMCDA/gpj+GXNYvNY+sNxcO9vznufkmUIae9povQSEAT1VFJf7mhJaU/dSutfRH1jFJ9iGSaGBJSwUS1gge9PJsSOVvmaA8zN4r2gHybP8s2JjBxb751JfE8KQKLa8vYd1Cb7J1ow95DacZtuxbhpP1eHeEIF1uDy77n/XZliJiY7AMguYFUXy2qhAEjn6ft1h2kREREREppoCsclwthDns4W3Tw+zkbs/m8XjGGzCfc7FkeN1tFzq4Op1g9kPmFztBbiO5zv/QhcbqL8GEEpyqn1yh53vbeKLBl+QFOlIHQjChmj5X+d9wVrvZcr+KpWTg+aZ13zNJc2ONq724hu4ZIj4lSuJKWqj5VoVL6U6qU7PIP3PUkmed+ftBe80bSIiIiIiU02B2CQzwuYQOT+OJStT2ZCRSnxAb6HwNWf8MJuM/LqxP6zs8dAFEDKb8PBJ7uj0nad/SH7rA3NGXMzs6uubZuJua7t9IA2AmzDigJG2HRx+1+SlvaXUu5upOLSLig/zWezM451dTmLuYLfuOG0iIiIiIlNMgdgkMBz5/K+DqXc2xMS1SgoO+IIwq2Mn7+U9zZKIGZgXPyLr2ULqB4+aaLEwG/D0duG5asKYWx5HyHG/BYvhW8X9bScwfD8qY7b/22iGnbfPFLFuAq/lItfuxLU6m/oqF0eOfExFQyf15bvYdF8EVW8kBZCfw+/XZKRNRERERGQqafj6u8WVDtpNgDms3ZBB8vxQjBADy5xQZg5dNiqW+FkA3Zw6OcobtPst/mDGQ0dngOkIiSLeP1hG+6mqEb+BFhnrH2DErOPvKjsC/PFhGHNYnLqV98p/zXtrfQFU+5kaGocbrr/PGPs1aWkTEREREZkiCsTuFmFWwu8D6KS2sor2vm9d3TC5PnRZy0rS1/qaDbqP7SDrjVKqG5ppaW6m9pSLshp/8BHtHxCkt41jB0qobW6jpbmOk5V1wzfXAyCCZ57z9ztrKyE7ez9lNQ00Xmym/kwVZcca8ABGkpN18wFMat/axLaDldReaKPlYjP1NZUUH6wcNZjynHNxwFVD46VOPD0mniutXO2LKENmjP42bIz9utO0iYiIiIhMNTVNvFvMXUP66iJqT3TSUp6DvRwIAYYNGEJZlbeXzK9yOHKxm/rSvWwqHZhrOPJ5xh6BMW8NmasLqa/qxn1qP8+f2u9fwM7bK5JGbLJnde7kJ2c28VJlB+4zJbx6pmRgZpiT8KdtrDJsbH97K+e2HqLe08HJwjxODh6vJCSJN52pxM8dbgtw4XghBaWdFNw2xyD+T9YQP9ogGmPtV9idpU1EREREZKrpjdhdYw5p+R/xwVYHi+eHYvgDEcMyh8ioWJIda/jBg4MWD7PzZrmLD15IZXHUHN/ys0Kxzo8leYHF33tqDmlvfcTbGUnEhPneMRlhEcTbYwm/OVpaIkh710XlW1mkJET4+oyFGFjmRrF4eRSz/etaluRQWlHE6+l24uf602yEYo2yseoZ+ygDbpjMjlvDKlsE1r5RGWeFEmlzsGVvKaVbY0dacSCvxtiviadNRERERGTq/Ruv1+ud7kSIiIiIiIjcazweX9+ahoaGgNex2Xzf/dUbMRERERERkSBTICYiIiIiIhJkCsRERERERESCTIGYiIiIiIhIkCkQExERERERCTIFYiIiIiIiIkGmQExERERERCTIFIiJiIiIiIgEmQIxERERERGRIFMgJiIiIiIiEmQKxERERERERIJMgZiIiIiIiEiQKRATEREREREJMgViIiIiIiIiQaZATEREREREJMgUiImIiIiIiASZAjEREREREZEgUyAmIiIiIiISZArEREREREREgkyBmIiIiIiISJApEBMREREREQkyBWIiIiIiIiJBpkBMREREREQkyBSIiYiIiIiIBJkCMRERERERkSBTICYiIiIiIhJkCsRERERERESCTIGYiIiIiIhIkCkQExERERERCTIFYiIiIiIiIkGmQExERERERCTIFIiJiIiIiIgEmQIxERERERGRIFMgJiIiIiIiEmQKxERERERERIJMgZiIiIiIiEiQKRATEREREREJMgViIiIiIiIiQaZATEREREREJMgUiImIiIiIiASZAjEREREREZEgUyAmIiIiIiISZArEREREREREgkyBmIiIiIiISJDdN90JuFedrfuf050EEREREZFJszxp2XQn4feKArEJ0oEqIiIiIiITpaaJIiIiIiIiQaZATEREREREJMgUiImIiIiIiASZAjEREREREZEgUyAmIiIiIiISZArEREREREREgkyBmIiIiIiISJApEBMREREREQkyBWIiIiIiIiJBpkBMREREREQkyBSIiYiIiIiIBJkCMRERERERkSBTICYiIiIiIhJkCsRERERERESCTIGYiIiIiIhIkCkQExERERERCTIFYiIiIiIiIkGmQExERERERCTIFIiJiIiIiIgEmQIxERERERGRIFMgJiIiIiIiEmQKxERERERERIJMgZiIiIiIiEiQKRATEREREREJMgViIiIiIiIiQaZATEREREREJMgUiImIiIiIiASZAjEREREREZEgUyAWLL0mHs90J0Jkspi4LzbTcm2saSKDmN20NLThnu50TFSPiTndaRBMj0rhTpg9d1/+mde678pzy7zWiQ43mUoKxIKig+I/X46zuHm6EyIyOTyVvOLcytHfjDFNAtBNY+kunk+xszA2jodtdhw7q/hePrc5swfnhkLO9U53QibgzC6WJeVxUjdl06qxMJVFW133bjA/zWrfsLNoR9XdFfTU7GKZfedddm6ZnHw5iYXJGyluC8b2Ojn52hoWJWVQ0HBXZYRMMQViwXKv3Hh42qitaf6eXuRM3BdqqG1TJXfv+v6VYXv5DjLyz2N9bheHP3FR+V/2kpsai2W6Eya36uXuunm9S5mXG6hu6JjCDdyYut8euqmp3pfBgnTtNc1pOIp7u2k5U3fPtZYwg3is0dtB/dkOPNcaqG/qDt52ZdopEJuItkOkxsbx8IIx/mKzOHJlvD/ezcm8NSxKLaR+qoO35kM4k+xsO9bZP8k8lc+mHaVcuFcCx/HobePIX+VQcPoOL3VmHftSkrDvrPl+vrW4m41VhsMc03e3Nio+riM8az/vbXaQbIslfomuBEDbAAAgAElEQVSdlOUR050wkQmpPbCVbcUN34ugNZj78r259g53fbzyKa9k76Hi8tRt1nPBxb6cDOwrElkYG8dCWxL2tCxeyndRfy88WQ6xsf1v9vD6rkLedM6Z7tRIEN033Qm4J81z8t5/TcJzs2+CSfU7WRTPzKE0J2lgufssRFrH++Mm5nddeL7r5vpNIGTykn2b3ut4ekxm9lyfwo18D/WaeHq66boL29n/3rvXjmmzlZZLM4h/LHa6UyIicuem4froqdmL84VSWkwwrFHE2CwYpof2tjoqLrqJ/GMni8d9LxZ8FpuTLbbpToUEmwKxiTDmEJMw+IlFN1/PNsCIYrHtTs+iOaQdrCOtd4qDMICEHKoacqZ+O983s+y8Xd3E28q3u8+9dkz3mnh6DcKN6U6IiMgkCPr1sY0jBaW0mKEszjlEyQu2gWbdvd20NHQwOyFYaREZPzVNDBqTq2eK2LY+lWVLE3k4NpFlKVm8WtpwW/O2xvw1LPzz0lvairvPlvDS+jUseiyOh2MTWeTIYNvRMQb/uFxFQY4T+9JEHl4Qx8IVqThfc9HeN99TySabnVfPDFnvmotNsbc2sSwb3La7p42K/BxS7Uks9KflpUM1tAfYpMLTUMruzc7+fFi0ysmmg0Oaf7jrOLIzC8eKRBY+lsiy1Gx2lzbgHrqNy1UUvJaNM9XOIpsvvQuX2knNKeTkpeGeyJnUv7Xmliak9j0N/XNbSnNwOuwsfCyOhx9Lwv5sDgWnhvYR6KB4fSKOgkH539tGxVt5bEr3l+8C//rpeRw4c3szuQmV57Ua9mX1HT++8nx+ZymNgbaPvFJH8Wu+PPWtvwZnTimNg/M00HwfJ/NSDQdezvAdi335eqJt+CY/Y6ZzlDIc6ZjGpKWykG3pvjxfmLQG58uFnBymr5n7TAmvvpBF6qok33HgP3c2vVVJS0+gO9xB9aE8nA7/OWJ3si3fdXtZ3QTopCzr1mbNzpKR+qUMGdjjsSSWpWVz4OzgPgUdVOzMwLEiyd9Ex44jez8VF4fs6+UqCvKycabYfcehfz+ff8NF47UOakv2sinNziL/duzrd3HkwpC+C71tlO3J4fm0NSyy+euZpWtIzd7LkXPjaR7aTWP5Xjal+var79iuH7VPSTcVOYkszK68vYnwlVKcj61hX8Pta9W+YWdRzq3ruM+W8Gpmqu/YsNlJ3byXsubh+mm4qS/dz7Zn/cfRUv+yQ/NlOOPOqwDL0c9zsZKCnAzsSf7f7m+aVTlQ5/sFej5OqJ4CzKo8Fg5upp92iJZbfvgO65meZsryc/rPL9/xUkLtCF0BAi/f8e/LpOblZF57Pf5lV/nzyO5k0xslfDFGMz330SwWJu2ieugO9DZTkJpI6qHbR64wK3NYuGIvtb0Mf30EuNnGgWcH13OJvFQ1eH4z5a9l+9PrPzdGvI4P3ngrjW2AsZzMLNutfWtDQolZEsvQl2Hm5RoO5GXhSBp0L1bSMK7+ee5zpezenMoyWxwP25Kwr8/jwDD3CicL89i03ol9hf96EpvIolUZbCuson3Irp3MSeTh2DXsuzAwrbEglYcXJLKtcsjCvVW8ZIvjYcf+Qd1YOqku3HXb9palZrOvsg33hUoK8rJw9B0/q5xsO1hzx9d3uTN6IxZEZq9BzB9nk/5IBLN73Xx91sXBt7LI6nbh2ho18orNh8jachgjPYf3/iqRcMPk6m/O0zgrdOR1eurYvTGPExEbyX13FwkPQNc3rdR3WJk5VkLDHLz9yQ6S+59ozSQ8rG8nmjmwcSPFN9ewPe99lkTA1aYajh7MwfmbfH79ruO2Sm8wd9UunC9/huHYRG6+jUdm+9LVEmKh/6XA5Uq2rc+jdo6T7a9lET8H3BcqKX43C2dDPq78QdtoreHIsQ5WvZ7H9qgIZs806fqmiX84XMS2jZ0crtjDqltqZoP4rUV88Ny8gUmWgRTPjrKT/nIGjzxogetuvq4uoSBnE57i47y5fJTXFt81UVFaRVf6Tn6yPYLw+w2ud3VQX1HEgeyNeI66eN3mX38i5QlgiWCxI5sfbI1g9ky43nGe8gP7yciBypIMIkdb95KLTRm7ODfPyfYdWcRHWqCrg8bLFsL7ynk8+T4ebaVs27Cf9qXZvPBuHo/c7+Hr/1HKwbz1NHa7OJw+qD/UWOnsZcwyvJ1JfWEGWR92s2TjVt55ORpLdyuflx3ipfQ6tn9UwvaEgbK9euYTyppiyc3ZS/xcK7P/L5Orv6ni6ME8nB0m/3jQOXo+9LZxJHs9+y7GsS57L7lxFszfnqW8eC/OmjYOH91BctjgFUJJeesTXl86o3/KzLDh+4i1l75IRr6bVTm7OJzoq0da/uU812cPPnZmE7ncyfY10UQ+AHzbSnXpIV7JcmNU5pPSt+3WGo4c72Dtrjy2z/efO601HCjYhdNlYMy3s25dHhseicDobuXzo4Xs/gsPs08Wktb3G9818Q/lNVxP38k7uRGEWwyuu1v5orKEgj//jC/eLOWD9LH6u3VTvWc9205aWJe9i8OPWeGb8/xdcSEZ6y9zuHwHycOOXBJK8tJYKG7gQm/qoPoKzPN1tJgdzPyqE2yDWy+0UX++m5jnlvffsLkr83DubCAmYyvv/WU0s290UHusiN3rm3B/UsL22EHnvdlAWZmFzHUv8t4CK3haqa/4iN3rz9J08BPetI9yDo87rwIsR8BzZj8ZL5RyNdHJ9jdySHjQ4Pq3HbRUFbG7tIaU3FQi+/In0PNxovUUYKzYQeUbjoE63Zg9UD9NQj1jNldS/kAq6dl72T7Pgvm7Bk4eeZ/n0xt4r7yQtLkDy46rfMe7L5Odl5N17e1poGBjFsWdNtZt2UVulBWutfJFlYuymm5wjLy/1qU2InuqqL8EqxYMmvHteepbTVr+pQmTKAbnWuP5Zgybg4TR3oLdF0Hm+0VsXjConps7eIHrEJbEhrwMIsMNzL7r+IbLfFBx6/F+6+9afHnkbqb+X0zSRrtOA1wsZdOGvdReM4hcYicl3EPL2TrK3sri3JUiXK8ljTlQUvuxHJyvVeG+bw7xKxwsudnBubpKCl44S8u7v+K9tf46p/cyX7gqqb5iYI2NZckCw3dfcaGBkwdzOHepkH981zF5AzP1tvK5y0X1lVAiE+JYEmuAp4MLX9VQ/HINxfhbdMXGseQhD1+fb+ZkYTYt35VSmWdDDTOmiVcmgcf7y60276MvfjbC/Hbvf/5Tm/dHP2u6bc6F9571PrRsp/fU9UHT3nF4H/2zj71X+5d5yvvoU+95L9wcR5K+2ON9ImGj9+ffjLJM13FvVsKT3lf+x8Ck6/9tq/fRZTu9p0bY1tcHnvU++ifveS9cv3X69fP53h8lPOUdZhcHbe8zb06yzfujfee910dcyO395dZlw2/jy3zvUwnLvNnHPQMTT+/0Pp7wovfY0B/89rg3e5nN++yR9oFpN5u8P/sjm/fZw+3ewHm8J15c5n38P342KM3DlOcwedm37M832LyP/uVxb5d/yoTKcyS/KfI+lfCs929bR1vI7f3lXyzzPvpnh71fj5jx48z3rk+9WQlPen/8hXf0aV639+cbl3mf3H22f//7fF283vvokzu9Z64PLDtmOscqw+HK4Xy+90cLn/RmH3cPWbjd+8u/XHZbWQw9//rz4Ys93icXjnGM9+3Xko3en/92yIxvT3tf+WGs94m/PjtwLI143AzH7f35Bpv3id1nA1l4SOLPen/8Q5s3o2xQHoxw7nQdf9H7eMJG78+HZsC3x73ZS4b8xojpv+69cGC999FFQ/Lhv+/wPp7wovfEoPy+/uUe75PD5VfXae8rTw45h4dqes/7o4RnvX/7m1snn/vJk96HFsZ6H3/xs1vrmqufejMWDSrDrs+8OcnDHRu+8+HxQeetL7+2en859ED2erwnXnV4H/rhnkHH8jDGm1fDGa4cvzvr/fEPY71P/MfPbjtmvZ/t8D66aMeg/A78fJxoPXXq1WXeR//y+Ah1/DjrmWFceMfhffRPD3t/N3TGd+e9P33K5n38P342sG/jKd8J7Mtk5uVkXnsvvPeU99FlL3p/2XHbVryndoy2T16v9+ZZ7yvJNm/Gx7fm2fW/3+F9fGGs96En93jP3JLGVu/f/onN++yRvuWHuT52HPY+m/CU92dfjbDNsa7jxaNfsy8ceNb76COx3ocWPeXNKT7t/XrEQm31/uc/tXkfWvikN+e/DfrNq6e9r/wo1vvQwvXe/9x/Dl73HvtLm/ehoXX+1U+9WUtivQ8t2+r9+W8GEtz1Zb73qYRY70M/yvee68ufm2e9P34y1vvQkiHl2nHcm50c631o4a3X7hMv2rwPLXR4fzoony787CnvQ4/YvNnHh2TOzc+8OYsC297Vz3Z4n3gk1vvQD3d6T307MP16U5Evzct23HIPKuPX1dXl7erq8p4+fTrgv7511DRxmsWvsRPTc576Ub5TYbnfgnntMu3jGaLv3xrMvHmZ1t9OYofZ3gbKP20j+flNxA95dGI85mDV3MvUfjlycyTPKRcnv0tic/YoT14uHaf8NKRsy759G0uy2bIaqsuPj92EIMxBynJo/LL5Dke8CiVmQQTmb9tua94TmAjWOmzwVUP/aFgTKs+RzI8iMqSNltZRlrl0nPI6eGZLBjEjZfxk5ftQbS7Kv4xmQ9btTxljHA5irp3ni75jP5B0jptJddmntMQ+T27q0JGoIli3PYPIVhflZ8f+JeMJB8kPXKb+/ChN7nobKC9rINyZQ+b8IfPC7ORuSsJTWcrJCZW9wexZ4LnUOv5j0Ygm+iFobx17KG5Lkp0EWmkdekyFLecHcfD1b0Y72AbSGr85h3VhdRz9dLSmbCbVHx+na3UW64bmlyWJP1o+g8azo4xat2A5yWFtVNcNKpPeZqrrTFKeccD5ulu+WWZ+WcMFy3J+4H/S7z7p4uSsp9myduixMYe1jkTMhroho9gZzLzt2AwlJXs9i68c5+/OTKS2CTSvhi9Hz6lSyjptbM8N4I31OM7HSa2n+kxWPRNi3N6yY5aN7VlJmKdcnPA35xt/+Y5DMPNyPNfe3gYqKtuIdGazbt7QHzLG7j8bEscPls7g3JmztzTfPVd3ltlrnSR7zvLFxUEzrpzli7Z5JCdNwUh/fdfxr0YfuTL+hUMcznUQQxsV+dk4VthxvlxIxdAmww0ujn5lYizP5q+fGfT22WrnhXU26G3g82G6EgzWXuGi2gPxmXlkLhgoDMuSbDYkGdBxltqxqsh5qWxJjYBe3xv6qWZd7WTtXOCaiTlrYLoR6yQ9AfC00jiFI1rK6NQ0cbrNjSASD+5vR14k0pnNuk9zeOnZbDK3ZbMlzYZ1rBvVhPXkrjnOS9lOrmZlsz0zlfiRXu0Hyt1E4xWT2jfsLNwzzPwek8irbmD4CvnCV02Y859nySjpMJsaaCSOdNtwOxhK8tJozMIGzpkZpIyaBwaRc63Q7MYDATep81xwcaDYRfWXrbR7bmCEzSM8xI15B20HrPOscM2N2z8K5oTKE3+/o48O8eHf13HhkhuTGYTPt3LdhCU3R1mtqYHGm3GkJ468kcnL96G/20SL2UBBWiIFw803Q0n4NvB0jlvvZeq/6saalETMcPMXLGfJA4c4d6ENVozSPBggxErE/w3n3CMf47ibaOwwWLx0+FEQrUttRJq/pvFrSFsy3p0JJWXLRor/Yi/O9W1s37aRdfaIYR5qmLRUFnGgvIrapst4TLDMjWKmx+T6/AAChQcsWEO6uXrN9N24Ddp+eBh4rgV4N2nY+EGiwZEL53Fzez8N8DXjbLzYjedSDos+G2a+aWLaPCOfwyE2frh8BmVnTuPZ4PTdEF85T+2VRNLft2OeKOGLi5Ac68uX2jPnYflelvhvRr/+lybMjjoylpQOkzYTE0f/eTuqiEQS5nZzrvkyrB7jOBrOsHkVWDleOH8ec76T5Ntuum83nvNxwvXUqNufmnqmjyUxkRjzY5ragCWTWL7D7ksQ83I8195vfXVQfOIEjkMAQlllT4T8Os6ZqawyfA83vvgSFudkEd9RyckvO8iN9QUynrN1XLCuJDd6gpsbVd91fJQ6AIA5JG8tpGp9B9WVn1B+7DjVlYd4qfIjDjj3cHivr2muu6mJ9l6wdDVQ/NatkYfZ6gvA2i91jFy/Y9L4VTNgYDaVsu+tWwux/Yrve2AtHcCCEX7CLzJ6HtDB1U43MHZz3zsSMo+IOYDbTdctGRlKeLgBvd149C2eaaNAbLoZBgbm6B98DrPzdrmLHx4t4kBhBsUFsaRl5pC72U7kiJV5BGmFvybGVcSBkj2kfpjP4tQscl/OInmiw7j2dNNFKGl7XOQ+MfwiM0NH7g/iudYNs0OZPcomzG4P5n0WZo8Q+FhCfcPSdg29RxyGMWMGXDcJdCBzs6GQjA0fYa7eyOY9eSQ8aEBPB9XFeyj4JsAfGTYhBgYe39dgjYmWZydlL2fwakMEmZt38MITEYSHmLQ3VVLwhmv0/eo2fXk6a7RlJi/fb/ndHg9mSBJv/mqP74J+m5nMnht4OsfPg+c7mG0ZKZK2YA0FT1cgbzJmYDFg1O+h+s+RmNARMsliwUIXnq5A0n47Y0kOropEjhQVceCFNRTMs7Nuex65qQN9NlpKsnC+28mSjI38JCeRyFlgfnOeI2/tpTawrTDzPjBvq5P8T9MDfoNgYLGEwm9HOwdNPN9BpLOQj7eMcOM4wzrKDZjBEvtyjDdqqPU4SbGA+0wNLY/YSZ6/EvPxvZTXtJEbGwW9zXx+xiQ5N7E/rzw93RC7kdK/HaHfX8jswEa0DLFgtYBnwnczt+dVoOXoudYND1hHrVf7jOd8nFg9Ncb2p6ie6RcaymxMuvzn16SV7zCCmpfjufZ2j1EHBcCyws6SniI+Pw+rlgOXaqi+ksiWpCjim+ZRcLoO94YIrJjU1pzFWPE+i6dolMRxXcctEazK2MGqjB14Gkp5Zcd+Trry2BQWQWWeja5u3/npuVBJ8YXhf+L6qBX8Dbq+881vqSq9dQCaQcyesQ9gywwDAzCD9KUVw58cc8gbfsOYAVwfpr6XYFEgNt0CrbwsUaS8kE/K5jzqK0ooKMwm9fweKj90jjJIQyjxzh184HyR9jMuDhYU8nx6Mx+U55MykWBsViizuYGndzaR88b/BMd3o9FN1yhPtoxZFoybniFPbQZ4uk3MECuzJ71XqUl1SSktCTuoKhw88EUsxpdFHLiTQGy4Knm85XnRxdFTsO5QCW/aB34tZoGHij2uUZttGKEGxk2Trp6Rrw1Tle9GqAWDDsyQCCLHeGIfSDrHz8ByP5gj3iB7cHeDJaAdG3OYG/850k1X9wgXYo8HD7OxBHLXPAJjvp0tb9nZktdMxZFCCl5zcu5yKaVbYzF66zha0kD4RheHcwe9lYuN4OvS/QEGYpPFxOMxMWZbRsk5X/l09UD4vOHe7o3NssJBMns4WWeS4rhB7enzxPzhTiJD5rBqVSz7TpymfWsUkc1VVHcvJ3fFQN1lsYRC9w1fy4Q7uZHs9eC+BpYRA/6xDMmrcZSjMWsG/Ovo9Wr/suM4H2Gi151Rtj/V9Xt3N10YxPgf5kxa+Q4jqHk5nmtvXx102xvtcZhr54cJ+zla1cCby220nzlN+1Inqyxg+UMHkUerqL3mJG1WHZ/XGax+6+77+JXFlsEHf3MZx5+W0FJZyblcG4+E+s7PmK0uqnIn8u3GGcy+3wBmsO7DOt62T3qyb2PMNHzfl+25cQcXxgCuXTJt1EfsXmPMYXH6Dg6/n8XsMyWUjz2SsO/1/ooM3v5oL2k9VRSfHKUNtGFA7wi39dZoYqwm586cnVC/q0fiojHammgcZUhq4zEbMTTxRcNwW+jm3JdNGLG229rJByTEwDDAvHFjmJlu2q/ewBIXN6EbjAkLtDyvdNB+XzSJY4zwNewmHo0jhibOfzVyqU1VvhvRccTQxhd1Yw9lHkg6Ry/D4ZaPYnFcKO3n64Z/etnawLlv55CQEMidVACsccRHmNR/OXxBus830G7EEv/IJGwrLJa0nCIOb4+i/kipry+U6ab9mkH843fBB6J722hs6iY8NnrkACEkivhoA88/1936GYXxCFtJShJUV9Vges5y8ssIVq32vR2IXO0g5mIV1Zeh8R9O05XkYNWgptGPLIj29em4NMFt92mt45x7DgmPTfA4GppX4yjHmEejoe0850Yd6t9nPOfjrSsGft0xDN9r4+HO4imt3wH32bO0GIksftT3/zst31H3ZbLzcrKuvdZEfx00er+q0UWQ8sexXD1VRb3ZSXVVK0tWr/Q1/Y1dyaqw85w8041ZV8WpkJX8h6QxCmyGwUxuYI7ShH5KzIvyXc+vufHcBKv/+t5y5uwE+3wbxD8WBXRTe2aYb2NMgXCrr/Zsua3TrnxfKBC7RxlhFiz33Ri9mdRQ91uZPcvXpGLE330wgnCzlcbhLlwhNtIcEXiqijhwYfxVvHWVk1X31XCg6PZvp/Wb/zQbVsDJDz6iccgmzIbDHDgFq9atmWCwZMX6ILT/pnWYC5SV8HDwtDWNf0CKSTBmec6dQ/jNyzS1TuDSGvUUabZujg2Tp/3Gm+/3+Z/SDY6HhpsW7SBlgUl1cRG1Y7XaCiSdo5bhcAyS1z1HZPPHHDgx9Iapk4rCj2mJdrJhrCGPAxViI/25WK66ijgy9By6VkNBSR2WVF8TuskSHmbB+M70nVOGlUiLScvFUUb/mXTmsO013ceLKLscRdrTg56W9x0j/YsbJKc4sFz+lILSsQcSGV4oq9Yuh9OVHKuspHbeGlL6WjnOd5C2oJmKE5VUVLlJTl15y8AK1tWpJBvNHCmsnPh539vBkfzDvuNoxVjHUYB5NY5yjHQ4SaaGD4tvv/E2bw6ZMp7zcRiBXHciIyKgtY2W4QLrqazfr1Tx02L/+eUPtu+0fEfdl0nOy0m79obEsiHDxlVXIcXNEw/FIh2pLLlWRUXlcf6hKZE/WjVnUFqs1J74jJMnTjNzdSpLxjrsLRFYDTeNF8cZtAakg1pXFY1DC7i3k9rDpb5vm0XF+QaAeiyV9FjgQhGvHrr9PsTXpHCAYQC9btq/GZgeudZJ8ixoL9vDvpqh+2OO754sAJalicSHQHtlEWVjfVNN7klqmngPaK8s5MPLEfxgUTSR/xau/vY8/3D4MI3znuMnIz0wvehit8vD4qQ4IsMNuNpBbUURZdei2L5qlE68jzlImVtC8V/vx7rFTqRh0n6hDjNpB5k2g8Xb97Dly2wObMygPSuDFJu/r9LXdXzR4+DtraM0UbCm8vprVTh3ZpF6KYPNqUnEzDEwO1upv2Ql8wUHVuawblcen2/YRcb6DrZnOoi3+r8zU1yFx7GHnzwz0dGZQlm9Ool9e/bz0ocm6Qn+b6tctLIlx8GqdCfhmwvJes1ky9pEIi3Ad27ONXXf4ciLt5pQeS5wsuGJUnbn5WDZnsEPoi3MxKTrmzraeyF81C1GkPnjF/l8434y0lvJfN7B4j+wYPS4afzSTfz2LJJnjTPfjWji53VTVlpCdcRzrIoKHX5aSBRbfppD9cZCNqW72ZKZyuIoK8YNNy3/XIM7MY/c1aHjSOfoZTjcmxdjSTbvbT5LRl4Gm77aSvqKCCyeVj53fcSRhghyP8wmfhKbLcVs3EvumY3szsiiNTuDHz5iwfzdWSoOf0S1kcEHufYJNjDppvpgIfXWJH4QHcHsEA/tX1VxtKgOy5pC/7eHbKSnx1JW9CLbyCZ9if+bc9+2cv6KCWN90muC6Sp7LYPr6U5WJUZjvc9DyxkXH5bWEb65hO2Dj+noKGL4jCMfVBG/yUFMGFjW5vFOdQMv7cvA+ZssMlfHYZ0NZnsTnzcYpO/KGLN8LA4na/Nz2PcuxGTvGDQwSwQpa2MpOLiHlllreG/1kGZdc528+XoVGbt34cxqYIPTTvyDBnzbQf3pNiK37SBt8Euum61Ul1diibIyeyZc/W0DJz8+TMXvosn9KJDjKMC8ChlHOc518mZuJc59W3F2bmLDqlgi7zdpOV9FeWkVJqkDy47jfJxQPQVErl5JTGERP949j+1ro7GYbhrrLhPzwlZWWSanfjev1FF2zOr7zh8e2i/UUH6klHNhWRzOG3R+jbd8x7Uvk5yXk3jtjczcy+t1G9m9wUnj+izSnogg/H7outrK57+5AQ+OmcUw92nSVxTyyltFGEvz+GBQ5Rr/tIPw9fn8GCuZv0gauz4zEklZHcq2AzspmJHBD+YaeH53lvqQp3ndOdFBRfwuuti98xAtvQbWqCgiwy3M/D8e2tuaab8GGFFk5mb46oSQ2P4yqy3IYNnHscQvsDIbk6uXmmiJyOOfSvr6ExrEJ9owKuuoyHPiyd7L4c02mJfB26/X4NxdQ/FmB2VRsSREWDB6PbRfbMbIdFE52ndhxysqg9xnXGxy1fBqqoMPE6IJnwnXuy7T2DN5m5Hpo0DsHmDe7Kb9eCHHDnTiMcGwRrHEns3HOVksHqEGNG+YdDW7+GnZftw9YFjmEGNbw+sf5ZA52mg+ITZyD+7B3HuIfTkleAglMmElm5P87c3Dknj9ExfxHxRy5Fg+Lx3oxrwvFGtUHKvXpfaPRzGSSGchv55XQsGHlRx4oxS3OQPrvGgSVmYNdMad7+SD8giKC4sofyuHFg9Y59tYnVNCboZtYh8V9rOm7+UD9x72HdnFJreJxRrLkrXZXAesK3by8fuh7PvgE35cuR/PTQPj/lAi/yCalNWxAXWGD8REyhMiyDzwEeTnc7QwhwNuEwwD65x5RK5I5YcPjb5NIzaLw+XRFB8soaIwj+JvwZg7j5jHHcR8B8waZ777L2iNf13ES4UR/M9CB8Zw0wAjYSulFbEUF5ZQcTDPl/ZZc4h5fDlpK8afztHKcHihLM4tpfLR9yk4fIhXjnZgGhHErCBa8ZQAACAASURBVHiKd8qzSYua5A6HRixbil1Efvg+xUd2UtZxA6xRJK/diesFJ/ETfhtmwvUOqj84TvGVbkwMLBGxrEov5O3svo+CGsTnHOLw/fkUlO1h2wH/cg9YiYx28MzSSWqCeYtQVjnXMPNCKT892oa7N5TIR5aTssdF7jO3fviVeRn85LVmXjm4k90PJvJxxhxgDin5LlxLiyj45Sf8uKIDz00Dy9wolqzMCixoNeykp1opOzqPtNRbo83IVCdL3t1Fe7pz2EEVYtKL+PUflHLgw1KK33Dh9pgYYRHEL32KLYMXjLaTubaD6sN72NbZjWkaGNZ5LLFv4vDfbGTV/EBSGmheja8cYzYUUTn3IwoOu9iX1+GrtxPXkJ6aRMuQsXwCPR8nVk8BUVv54F0PuwuLeMnVCfdHEL/CSW7f06w7rN/DVzhZd/Ezyvfv5Oq3vnyxzo8l2ZlP5ZbU/v5h/XkTaPlOYF8mNS8n89obEkXmwV8RU1rEh58W8spH/u2GRRDzqJ11jrgAzqtQUpwr+WnVaZakrbl1iP7Yp0mbf4gCI9s3/Hkgv7Xzfd7cm8+He3M48B1Yo22szno6kJVHF/0877w1k/Kq05z7qpXGf/afK3NjSV65hvTNGaQtGHgA01dmRw6UUH6micaaZkwjFOv8OFYtHVJ3pO/indY9HDjRQIt78HT/MfWRi+ovm6ltMzEsc4iMspP8BzOYXKGs2nuYwxHvc+DT0zSeq6MlxF8X2OzEr0ya9P6PElz/xuv1eqc7ESIicg/yVLJpRT7hRTW8vSKA5X+fTUNeeY5ls+zdCEqrd07ZqHYiIr/v+kbMbWgIvO+gzeZ7i60+YiIiIt873VRXn/cNkKEgTETkrqSmiSIiIvesDk5++Guuzo0l5kELsw3o+qaVL06UcOR0BJm/cDCJY8OIiMgkUiAmIiJyr+q9QVfrWcrLDtPS4e8fY51HzFIHP/lkE2kT+OSFiIgEh/qIiYiIiIiITID6iImIiIiIiNxDFIiJiIiIiIgEmQIxERERERGRIFMgJiIiIiIiEmQKxERERERERIJMgZiIiIiIiEiQKRATEREREREJMgViIiIiIiIiQaZATGQY5rVuzGnatqetjtqL3dO09eCZzjy+p5hw6X/Bt0Mmf9sM31ybvG3cuEsK45tz8HXndKciQKaJ2Xunv9GN5y7Je5lcZo8K9q5wF9VvIkMpELvH1Bdm4LA7KbgwjYnw1LEvLYlFqXupnqwbwbtJzS6W2Xdycloq7g7KXs1m9/GO6dh48ExrHo9DJ7wWD7vLpzENNfD/ZkLj4LzywP4/g//aPAm/3wM//QEU1U3Cb90pDxRtghNN052QAFwp5fkkJwfupAx6Ktm29Cn2fTmJ6ZK7Qu0bdhbtqNLDpul2N9VvIsNQIHaPudrWTIt7mt8kdDZQe7EbT+tZ6t3TmRAJGk8btTXNBFzcvd20nKmj5V4P1GfADABjuhMyhW7CjTt9q/P7qNfk+pj5ZuK+UENt2wg19k10o/49ZZoqWYBvL0BT2zQmQPWb3OUUiE1EbzMFqXE8HJtKwQSehta/tYaHF8TxfOlUt7/ppCJvDYsei+PhBf6/x5JYtCqV53N2UVBeR/tErhVRG3lv/w5e37+fLQumINlTxqT9VAm7s53YkxJ5ODaOhUvtODJz2Hd0gnnxe8I8lc+mHaVcCPSCduVTXsneQ8XlKU7YOP1rM/ziFdj+h/Af4iFlGWxdB0W/gG+HK38DZhgQOmvQtN/B+89D1r/3/cbqhZCyGLL+BH72Lnx9J8FnM2z/Afz0V3fwG3L36G3jyF/lUHBaT6zkHtULTZ/AT5+H55dBSjz8h2Ww9f+BX5TDt4OuCf+UC889DU3mwLrHXob/Uj3yb/9sGbz2i1G272+V8LOqydwpkbvHfdOdgHtSSBTx0QZcvExjUzfEht46v7eD+lPNXLUmkmKbM2TlTr6+2AFEEPPo0HmT7TpXf9uBxzSIXJJEzP2+p7hd7lbOfeai9oSL4gN2tufvZ/vy0AB+r49BTGoWMVOY8klntlGWl83uz7qIWfMcG/KyibEa8J2blq9qqDhSQnRKEuus051QmSpN/wl+ehBIgLUbYN18mNEDl76E//4u/H0Z7DgIT/7BoJXug383B2Y8OGjaNTjfADEvw4uxYBhgfgvfNMN/L4etv4K/KoE/fmQCibwB/8cD/9ozCTssInInLsP72XDsf8OTT8HzGfDvZsGNa3DpKzh7CB6wwx/P9S1+owf+tVtveUXGQ4HYhBjExEXBiWZaLrYCtlvmmmcPkf2CC/fcDD6u3klyyKCZva00XQSMKOImcqM2ESFRpL9ZxPbBb6/cDZQd3MO+0hoKtmzE/KiU3CXf1/ZXnZx8bSOvno0m9xcuti+5NehctdbJlrxpS5wEwaWP4NWDkPga/PWf+5sb+iU9BelboWgL/HQzvPUpJFr8M0NgbgSE/sHtvznfDomDzuFEB/zxBnh/HRTtheU/hwfGm9BFcKj+e94UUkTufh4oyoJ/vB/e+jtImnvr7CefhT8fssoffgB/2OurN0UkMGqaOEExsXFYgPbmptv6zZw7ddo37UoNn381ZOaVJi58C8yLJeH+QdN72jhZmINzVRILYxNZZHeyaY+LRs8wG++9TuMvd7Hp/2fv/qOiOPPE37938VoZE9o1Q7t6hGAQiQ2YgBgxeNMJTtpggoMbMrgho1ecuOLohlz5SozRqKPRBMd8g4srLq44OiEDG2bkGzIykpHY+UpgR6FnFdgY7BuH9sZrM3JoEmN55NT9oxpofkoDQn58XudwjnZXVT9V3Z+n6vPU8zyVYOahmXr3uvg1uymo92KmPWMES7bmk7/GhKLWk/2LHGo9uhg4rXlsSUsh3mJmxsxQ7jdFMicujSN2oK2KLeZQ7p+9mfI2AAe5z7i7avYyiUjFdjP3h0Sz+nhnO5l62Up2RgqW6Ej3tlPYkGfrdixbqc7fzUsvJGKeF80MUyj3R0RjXnagS1lvR63MYedxSNi6u0cS1qdb9RS+kkp8rP65M2YvID4ti9JLvbf1OSvz2LAsXv8+IszEv7Cjz+/DZctnywuJzJmt7/tDsYms2GfrtxWxsTCVObOTyT5/u7ZGlYaSLFYn6V1SZ0QvIHFdFqXdx6i0VbHFHNl791j7AeJnJpJ9odvrzUWsMHl0czWlUNBfN7xbdrKf8Vg+JJKXPLuXeHmM1UtWstclY54dyf0zozE/k8ae4/bbt742waF/hR8m9kzCOkyC1H0Q1gQ5B7u+tXg//MjQ20q9mAA/eRZunus2uQZwrULv0vjsQ3pXxlUr4Pfd48UFW+bAXusAP6/dWUgJg19/1st7dlj7UB/vefhrFexdAc/PgriH4Pl/gEPFcLOP5S99AK8/696fOZD+Enzc11iQK3BsI6x6RO/a9PxTsPfX8OUA47jqZfjxU1DT3++t2crOlHh3XIUyY148z2/K71GHOk/nsWFNiv67c3fbnjEvnhW7Smjo406k87Qe33Mi3L+95zLYU2Knt+q5J7WjO3r7n3m7zeP9Vs4eTeP5eDMPRYR2bD/3dO9d1wcdB9ftFO9KJd4cqe/zbDOWlN2UXun+AQ7KD2SQaOk8F63O7OVcdKGPegJwFaYyw7yDCo/v12UrYmdaChazZ12e16UuH0jd6E1d21Mrtcd2s/oZd5f9mdHMSUhh50nPYz3AOrSj0HaKM9Pc9VgkM8yJrNiaxyd99EYd9PfnVdlaqc7fweoUj3OnKZKH4lLYkG8b0O/2s4NwrAlWZPVMwvpc5w2IS+45w2vNbr0Ld/vf89sGtr2+XPs1xD0Odb3UH1XpEPdSz9e9rd+EGClyR2ywTCbCfaDi03rOqxDb3oLdZuMjaxMEBhHgsFN+op6NEaaO1dS6ehrawBAaSnB7q9F1G3t+mkL2eRVDUDSxCwy4Pq2k/OhmKs41UXR0FWFdWsibqCgswjDFRHj0NG446qguy2PD6Uou5hxm44C7GSqEpWaw5FgKR+o/oNCWxrYo/Z2zRXs5clxFmWQiLDqU8ahcdSiM77U3pT8x84LgvJ2KSgfp4f4e79mpPtMEipnH57p34kI+K5buoKJZISDKTNxEFw2VVRTsSuHslRyKXonGANBWR3FOHsVXFIwhJqJmGlBUJ42KL4YBt7iplBe+T+O0ZPYv8KYr6A2YEM3SjGQCJiqoX9Txh0M5rF56mf3FmcRN6FzSWZJB4iYbwcmrePvn0xh/00HFsRy2PFeH89081po6vzxn2WYS151AsawgPTOC6eOh5YuLNPgY+rwJ4rLuYEWmg4Vvvcva8P5ulahUZyWTcrCVqOWreHPdNAytF/mo4AAvJVWx9nDebda/jQkW3nh3vccd3ruYOKGf5cf4s2xvDi+EdKY+d3U5oQ/8GGPPZ/XS3TTOTmXNWxlMv9vFZ/87n30Zz1HbWsShJM/fXFfXSqHqK0hd1UcS1u4+SLLAlg+gLg1C2/fTy0Pm6+ueLtnjIuHaB/DPm+G+JFj/IviqcP63kLMMrh2Bn4Z79xk9hEPY3VB7Buh2p/3Lc/AXX/hZUD/r34KP/wN+9BNIXQr3AJes8B8bofoivLWu67Grews2/Aoifwrr18FYF9QUwuv/CD/NhZ8+5LHwZX18SY0fJG2A6UZ9AP/v9sI/18CePf3fOax7C16vgrR3ILK/35vBn1mWVB5Z5c/4u+CGo4bC7N0kp0FJXjIB7sWunn6XgjoT6Wk7CJtkZPz/oXL10zKO7ssg0aHy4b5EPHsoNx5LI/GVSiYuXEH67ggCFBeN9Vb+129KaLg1pZ8CtVMIW5XD/mc9ljV07QOt4s/jKfGsmWqElotUF+exJ3U5zsNFbPTsqTDoOGii+JXlvFwXydqMHH4x1QAtDs6fcXaN4TY7R1KfY+eFUJak7iA91ID6eSWFuTtItNo5dHQ9Mf19B/1oPHGA3P8ysfGVvURNNkCbi6tfGQlwx9lA6kZv6tqeWqnIXM6K/FZiklfxZvo0Jvq4uGqvp2Vi+7nByzr0uo09y1PIbYpgycrNpAcZofkin5QVUWBtBUu3IgyhHvOubC2cPVZExd3L2bgpkoCJBu664eSzyiL27Uoh5XoRRS/0UyG0wR//F/wwDp7qpTeAt0J/Bq8u6fy/4s1IiOHgZf0mxIjSxODcqtNef9KkTZ3xjPYvn3q8XpOpPTo9Qks+ckr75Y9N2tQnMrWztzrfPv/209rU6SYt+Yiz47Wzb+qvPbHllHa1Y/uN2m9+/qg2dXqElvJe57LHX4zQpk6fo6UWXNRudLx6Q/vsnVXaw9NN2tQnPT+vUfu3n/RSxm5ObpijTZ1u0p7Oudj1c2ZYtNfP9bbvldprj5q0qVGbtJPtn3Vmu/bwdJP2wM/e69wHTdM0xyHtmRkmbeo/HtL+ommapl3U/u0nEdrUGY9qab9r7Fzu6int5SdM2tQZz2n/9nk/n+OtWzXa64+btIe3VA58nVObtAfDX9SO3ej2+rX3tdQ5EdozuR7lbjmhpcU8qqW+7+y2sFP7zao52oM/f19r6bJshPbEzhqt+6Y7NWr/9pMI7Ylf1mmapmk3at7WnomyaGnvN/a5RoeaTO2JGb2VpVH7zc/naA88/bZ2vv043qrUXns0Qkt+p/uymqZdzNGeDu/6m7nxu1XaA3O8+B4ch7Rnwp/Wftnb70fz8hhrTu1Xy+doj26p7DyWbp/lPqc98Ogm7XTfB1SrTNO0J+M17fO+F+mglmjaolBN+92lfhayadryUE07eqH3t61ru31ei6btmKtpO471XPaDlZq2KFXTWj2Wfe1BTcs65bHQCU1b9KCmWT33sUXTNjyoaVmnO1/6MLXbttyqN2vaopU9X/fc1msPatrukz3f+n8LNC0xVNOO1vXc/97258NUTXtyoaZd8PidfLhS055crGkXvuq6rHpG0/7pwW7b6bb/n+dpWuJcTftdH8f6tj51/5Y7qzbt/JsW7YF/fKdrPaVp2o1PtmuPznha+6Xnvrp/j0+/2UvMfn5Ie7q/37imnyd++WSE9syhPuK35X0tJfxR7eX/3f2NRu1XSyO0B1a95/GbH0Ic3HhfS30oQkt9v59Aad9O1HLtV92D5dop7eXHTdrDr1Z2HodPe9YTHbtVsEp74NHt2mnPc18fx11fYQB1ozd1bS9unMnUHp3xqJZ2wtX3Qt7Uoe7z+QNzXtR+4+jxadrJ9XO0B37+vsf+DK0e865sXc8jns6//Yw2NeY2n3VR09aEatqO4/0s04sLuzTtySRN+2v7C7c07d8tmrbuYB8r3NK03Q9r2oaj+r97/XNq2oZQTdt9onO1vx7VtCcf07TaXs5Hles07ck0jxe8rd+EGISWlhatpaVFO3Xq1ID/2teRromD5RPErFBfaLNTXdfZLaL6eBmNPiaenG8mbn4QXCqjtKN7Yivnz10GH3/CZrpb4FQrhUV2MMSTvs7c2RLr48+SlYsIQKXCWtO124LPeAJCgzwa6hWCkzexNkoB+/sU/8m7XQmYqrfCXb06hJm9wi3MN4J6xkqFR78H5ykrtW0Q9iOL3iJtK+LoORVlbiqvLvZo/TOaWbMkQr+j2EeXnEG55aSxCSZOHoZZOCZYiJsLtec6u8o4S4soHbeIlQu7323zY6ElEtVW1THToOtkEaVfRfNCasSAbrKoF/JYsaqI8Wk5vBnfX0sp+p2/gvdoMD1Penz3svizZG0yAReLKKwc6M6Okl6OMfYiCs9MY2mK+06ph2CLheDmGj7pZ3rkvzqByfDDAXz82EngC1zxMhRuXocv/gyF6bDbCk+tg0D3e9c+gKpx8A/xPdczPwE3bfDZMEyvHB2rd1Gs6dbvqPYc3DdbbwXuz9he7jJPToSnpsAfiztfq8qHL0Lgpwk9l//RixB4CY63P7PnL/C70/DEKpg+ruuyY6Pgp2b4uLBnVyaAL34LG/8VFmfD4sGOpw0MIsDHTsPF2y+qPGwh5t7LVNd01j+ukyWUq9GsXNlLzI65k0P5/FloiYBz9Z0zlQ4lDsYYGK+oNF7qZxrTNhuFBTYmJqaxLLDbexPMpK+IxlWST+nA+mN6ZSB1ozd1bU8qFe+9R+PMFNItfd2O8bIObbNRXGInIDGVJT1ujCo9x0kNqR4bvvo9bIGZYFcN1Zf6WegKNAOTJ/ezzDCq2gHzw/r4+z+hahjqx4HWb0KMNOmaOGgKUZGhUFLFeVsdLI4GtYri4w6UiOXEToGABRaCcw5Q+n4V6RHRKG111NSrcHcEs9p7K16q57wLuNfBR/t2U+35EV/VcQNQGx1chY6uNb3zJ2r2FDhr53y9A+be7sJ9mCkR/NjiR0F+JaWnW0lY6Au0cvKkDdUnggSLXh5nXR2NbWBosZG7q+tFgXpRvwBqvOQA7vSMkoOhEDDJCPUuXIAR+Oy/6lAdVSRH5fdcvE1FxYLzlj54+fy5OtTA54kaQNce9S9FrH7hfW6sOMyhpUG3v+Bru0z1uVaM0dG9z2YZMpeoew9w9rwd5vXXR2209TzGal0dDaqNPQmR7OllDVX1Jby3K3lPt7wsxgBqxkOL4FC31wLNehe6H3l0Nbx0Dr68Ahse7mUjbXDzFnypAuN6ed8L98yHsDfAWgGPxrlfbIZaO8yKHuRGfSAsFArr4Uvgnjb4rA5+OLsz0ewiBMIMcMEGxOhj5f4CPDW7982HRQF74TMVoj1+5F+UwsYP4dFfwk+jBlhW1UH54QMc/H0V5y85URnLxEAjN1SIGsj372PE/+/hrNPZUf+cP1eHGvQ8YYPsjjcUxilGcDk76o8hxYGPmRdSo0nMfI74S6msfeFZ4kK6JSTOOmodCrNmm3rdhHF2BAHqB9R+BgkD/U4GaCB1ozd1bU/6DMcBsyP7Po96W4de049XWOTA6tMhfX/DWb9P8icAFw6nHq/9udlf3FyHws1wTwo8NcSu1aE/g7SFfbx5DbJWD237fepev92hjxGiP5KIDYExOoJgnyoaamw0EE1AVQnHryhEpS7QK/uQBcRNO0B2aQkVGdHEXrZx/hoo86Lp6Pbf6sLV5p7FMM/W+wfddC9zm3FRhvF6O5vL5d3w08bPHQBMnDiUu0YKUXELMObnU1FWiWuhBUPzCf5wRoWZFuLcV20trXpzqut8Cbm9TOwBcGM4H4Q5xshEPzj7hRMYegKijB0LN1RuuP/vut4KpuXk/0vXcSUdfMYz0f1du5pbYbwv42/7KSotn1Zy3gkTrzlxYep92124cH0F4w19zSphwOgLrpZv/sTC3Y+xet2F6hPNtt9u7xyL2cVdjO9nMPkPjcBF+OsATrQ3HdAKTBpAO8Dit2FhoHtswU04lApX7oNHu12U3LwOY0PgjSyY0EsMK8A9Q0zCQM8dnpgNWR/Al3H6vt48A5/5QtKMwW92rAFwH5d70KenvqefMR73+MJX7rsmN11wc4x73Fxvy07Qx9N9qXYdi3fFBl+o8OWAn8nWRMG6ZDbY/Fn2wnrWPOzPRB+VxroS9mwtGuieYlDAs/pxufSdvX3M3gGKgoJLnwtcGXocBKfk8aEpn+yDh3kpYS8T5yayJj2NJeHuL+d6Ky34EuzbR7OPwYCBFlwtw7J3XQykbvSmru2hzYXLBcq9/c2642Ud2nqb49XN0L6/YazfFQUFFfq7y2SECe29CfpyHWpK3ePIhpiI+U6G6X1to0nvpXCndK/fhBhpkogNxbS5xBgP0GCv4ayzlYaSEziVCNIt7qs4HxMJC01kZ52g2JpBeHMNDW0Q/HB054nE16BPPBGxHuu7Kbe569U/1zX9jpLB4MWwU7WKj063An5EPTS0REV5OJ7FgfnkWkuocFmIOllGxXWFmEWWjv0a76ufSIJXFVGW3nvL67DymcasBxWOuJPl4X72mcHgC6039VbG2yXKBl/4vJUW952evilMtOwmf24JqWlpJH+VRf4O823XMdwNqquvfkMunK1gGK90LK/4wA31Rh/Lf3MovgYUHKg+/gQMZG6EbqbPBsqg5i8QeJuB5zVWuDkJQgYwS9i902C6R5e5tA3wTxshxwwvmjtfH2vQZ0NkCky+w9M6P/oT2P8yVDXBj/ygoQKYTbfJfrzzpQu4uzNPumecnoz1ufx1uNt9vTjWoN+NbG3tfdKTL5v11+/p9l7kBlj/3/DaRni9DV595jaFvFDE0ZOw5EAe28ydGwsOcVG8vWiAM9Ld1eMVg8EXLg4kZu8Mz8My1DgAMM5NZtvcZNLtZRzJzmLLc5VczH1Xn+BpnC/jaaWlVe39y3K5cDEeQ3u2pACoqMMw7dxA6kZv6tpe1kbpt37E+zq0/Xg193G8um99SN+ft/V7PwZy7O6DkAlQcwaIG8DyI2zsWL0BZziaFbvXb0KMNBkjNhQ+ETwy2xfUGj4pP0HxyVYUcyILPc4kwfHxzPJppfzYCU5W1qDiT0y0R7fBQBPBBqC+ioohDNGizU7paf1B0VEPDrRbokptTiYFV4CQRJJ66zrlDZ8IkuKDwGWluKye4yVVqOOi+XFcZ3mMoaEEAA2nK2kc4scNjC+xCRaMF97h4EkvpvcfoOkh08BRSUV//e3blw2dhmKvo3aArfzGeevJO7AcQ2kaKXtuM+Wwe8xiY00VDb29f9HG2Wt+hIe7rwB8/DAaodExwPF4igJtXpz2xircxU1Ub7sE9vbR00IJxs4nVYMbO3hvHETfDcUH9e4nfbJD4YcQ+LTHjInefE4CpFng99u6jtMKDNHHXJzvZxzbcBlrhicmwO9L9W6P1VUQFjuEGcFUqLXB5HD3zIY+MN0Ef7XBF70tfwFqmyHE3bo91gTBQF1N75uvPavP8ji9l6ug0H+CPeuhZhvsLettbQ9XHDSOmUZkv7PmeS98ZiiKvZKK7lO8D5SPoj/w++bQs5WhxoEnQ5CFtW8dZlv0ZY4cPaXXLcZQwvxVqs/U97qOs8ZGo2IirL3xYYIfE3HS+MXQL4cHUjd6U9f24DOFsBBfGv+rpu/zjrd1qDHSfbz6f/RIuyF9f96WbagUeMICX3wAHw/4rnQvfGBst7vMw+EeI9zjgi+GUjZ6qd+EGAWSiA2JQsz8uSi0Up6VRbnLl7jFj3UdiBu4iIS5Cq6TWeyxtsIkM4/P9NxENEnx/nDdyp6t+T2fYzOQGqytifLM9eTWgxLxHEkD6L+vOm0UbE0heV89qmJi7bZUwoahtT54cSKzFJXy3PUcrFQxzO+amDIzniQTcD6HDQd6JhfqdW9qbJXG8zYabzN43DD/RdLnqRRsXs+R+uE9IxjnxxOj1HMkq6TH8+R6LBubSOwYK9k5A3uOC4AhKo2czHhch1/k5WOOfpZUiFnyLAH175B9vPuJvonirHdomJbI0vZHCOBPVKQRp7WE6oH0Zpnsz0T1IrUDvQgy+GNUnNReGIaJV6ZZiAtRKc/N6TIRzID5wYqfw1+LYPfhPp4bcwX2pkHt30PqC4Mv6qMbIPo65Pxr5+fcGwuRChTv7X1SitsaoydSntPht7/WY+ybAgsToLYAPrND5RUwmxm0zw7A75shwWPq6chkmHwBDn3Qc/k/7oVLgbBwnvuFIHgqGj48oI8D83Tzz1Bghejkvi+CApfDL34KH74Khf09B22SHxNvXabu4vDGt2FhMosnVHHwrbLbxnfvjBgnQ+OnF4feej/UOOjBl/GGsZ3nGJ8Ikp41cbUohyPd47zZyp68KgzxicS1n+AMkcya3krFceuA67O+DKRu9Kau7UkhdvECjLZ32VPWV53kZR3qY2JpcgRXi7LIHch5ZUjfn7f1+9CFroFHfSBrLdQN4QuePBmuXBzm53XNhOlj4OPbNdDcRm/1G2oTtTa7PhxEiBEgXROHyDDPTMy4MsqdTWBMJMHcvTezH4sTotl52orTBcY4M1FdEh6FmLTtrKxKJbdsB5aYw4Q9GMTEcSotX1ym4UoECvp8HwAAIABJREFUb1ozifOsX9scFPzfidQGGlFQuVpvo9apgtHMtjdSena/a7NTuCmFT+5GH3/0hYMGe5N+YTApmvTM3fqMi8Mh8FmWmXN4qcxOI/4sSzJ3TUx9TKx8PY3y5VlU7ElmzjsmwkKM+nPKLtXR4J/Bx3l9jAHoRj25mfjUElTzdj4+2N86/ix56wDOtBfZkmThD/GJPBkdSsC9CqguGu02PvnIwazXc1jpbe/MSYls21hG8pbNJKbYWJpoJmyyAtccVJ+yE7B6PQntjZTGeDa+UkbiphTiLyXzQnw0wX4KatNFqi8ZWbbG0us+GOdvYn/qRRJ3bObIg3ks66OMSlQqb79QSXJGMivOrSJpnj8G10U+KjrMEZs/6Qe7JtuzkpcTU7SD1JUKa58zEz5Z4cZXTpy2Gq52v8CfaSFuUh65r+7GuNJMgKLSeL4KNXo9yyJ6K0wkcfN9WZ29iT1jk3lkkoLrL5VU+yxiY6KXB9knqOM3syLJycpl8cwKMqLcdNLwJyvOyAzS5/c/iiBwObzhgtd2Q8pxWLgIpk/RxzlcOqPPmvXFJHj1IEQO9OHNvZkEqWtg1W44lgRJQXqXxBfXw//YAf/8f8FPnoHASe6JNKwweQ38qL+G7Gn6xBi/3wfBKRDopydcgX8Pf/w11PiD53wBgckQ/WvI2QpXZkP0QCaauAUXPoSP2+CH40BthpoP4NhJiNwEiz26dI6NgvXLYcNG2HIOnoiBe65DVSEcO68/R2y6x+/sqa1QkwyvPA9JS93PEbPB7w5Dcyz8opfZFz2FroPUeti7DiLf6/3uGSGJLH04ny0ZaRjWJvPINAN3odLyRRWNbTBxAIegV+PMbNyVQuKaDJ6+ksjKZ8yEBRjgKyfOczZ9coh++TJ/fjQ7t+/mpYMqSeHu50xdMLIyrfd479NQ4kC1kbvrFMrsSML9jXDDwWeni9hXBjGbOxsPg5fvIP30crYkp3AxNZnHpxtQ/1JJ8aHDlCvJ7E83e3ThCmLJyniOrNtE8jgHKxdEEmCAG9cc1FbaUfFiwqiB1I3e1LW9UMxpvJmYzOp1z/B8YgpJ5lCM41Rc9hpqxy0ifXGQ13VowLIdbKxazpalidQ+l0LCw/5MvBtarl7ko09vguesg0Osx7wt25D5wfpceH01rHsSnngGImfCvQbgK/iiHq5w+9loI5+Am9tg9wPusWTNUPMpLF43hLtQfpD0DLyyG15vhieiwHcMtF6Bqgt6ndmFF/VbdVYyiQcdhGWUUNLfs9aEGCaSiA3VhMd4crZCuVUlIC6x10G4hvmJxE2wUtzsS8z86J59kQ3RbCwsYlZuDrnHK6n9k5VaFAyTggh/LIKJHi0zwZZkEr6qofbCRc6erkd1Lxe7NJG1qcnM6nJmv4uJU4Mw1NtptFXpXTIUBcOEKYTNf4yY+fEkJUQTMKy9eXyJW7IAY1kRTlPvLXRK+Cryi00cyc6j8HQdtdZ6VMUXY2AosbMHfvJWJk8jeIIvrmn+PaYD7sEQwdq8D4g9dojc4jKydxzG6VJRDH5MvC+UWXPNRA1yRHBwUg4f3JdP9sF8crcW6dud4E/Y7KdZ2W3ZgMQsPpiSx56DJWRvzcepjsU4ZRrhj6XQ92gthbDUHaz9YyI7t+cT6/Fw2q58mZWeT8kDe9lz6AAvH3WgKv4Ez3uaNwtTSQjq9l0EJrP/qMKezDyyX8nDeR2Ucb5MDAwlakk8MZ6/JZ8I0vdtR91xgJ1pebjwJSD8MV6I7mt8hC9xm/aybUcmB3ekkf0VGKdFMD9lkTeHtvMIuH8zuVl5FO/LINupwjg/gh+cS8K8AWwACH0RDs+HY3nw8UEodMJNBSZPh+gXYddzcO8wxMLkn8DifCjcB0/t0QeAT34O/iUIfn0A/mMbfHFdn6hiekSP5y/3dB+kroesHMiZDLt+qnf5SdoOl7bB63sh/22P7od+sORpWPsu/GjPAAag3w3mJPj9GcgqgWvX9bFdweGw4pA+IWx3oevhX0Lg0GHY/a5+HIOj4dV34NHuO3QfvPoeHPufUPwGHHLBPYFg/jn8dOkALsZ84Knt8PE/QNYByH6xt4X8WZZ9GDIzOZqVpv8+FAWj3xQC5sXz+NTbfUjfDPPWU1JoIjsnn8LdRTQ4VVB89bhdnMgjf9//+sakHex3bmfnkc2scKoYjCaiFqb2E+99G3QcXFdRm6s4uv0wjc16+QOmzyVu62HWJnrMTKOYWJlbRMDBveQe2USB4yYYg4hZuImiNYmEdatojQu3U8RetuTk8XLRbtQ2UCb4ERAUypIl5i4J+e0MpG70pq7tyY/YHUUUPZhD9m/e5bUiB6rix8T7phHzj+31kpd1qE8Qy/b9luD8HA6+l8XLh5twqaBM8Cf4ATNLLKFdx/kNqR7zsmzDYKwJtv0ePj4MH5bB/nfd9cM4mBwIwc/Bj2b2v417k2DbFfj3fHjFCWONenI21DvEkZtg1wT490LYshdu+uh16n0hkOT5IG0v6zfj1CCM4yB4ylBa5IQYuL/RNE0b7UIIIYQYPl8WQ/JuePUERA/HjIxCCCGE6JXLPZGOzdbH7Oe9iIjQuxPJHTEhxHfSly748ZzRLsXIOfnf7n+ocOwo3JfUmYTNH8L09d80+X+EScM0J4EQoqtfZet/30elf9YnFxFiJEkiJoQQ3wF19XD3dfj4ABSq8MYQJh0RQgghxJ0nXROFEOJbrmYHbHkXbt6tj9X62asQOYBnoQkhhBBiaIbSNVESMSGEEEIIIYQYhKEkYvIcMSGEEEIIIYQYYZKICSGEEEIIIcQIk0RMCCGEEEIIIUaYJGJCCCGEEEIIMcIkERNCCCGEEEKIESaJmBBCCCGEEEKMMEnEhBBCCCGEEGKESSImhBBCCCGEECNMEjEhhBBCCCGEGGGSiAkhhBBCCCHECJNETAghhBBCCCFGmCRiQgghhBBCCDHCJBETQgghhBBCiBEmiZgQQgghhBBCjDBJxIQQQgghhBBihEkiJoQQQgghhBAjTBIxIYQQQgghhBhhkogJIYQQQgghxAiTREwIIYQQQgghRpgkYkIIIYQQQggxwiQRE0IIIYQQQogRJomYEEIIIYQQQowwScSEEEIIIYQQYoRJIiaEEEIIIYQQI0wSMSGEEEIIIYQYYZKICSGEEEIIIcQIk0RMCCGEEEIIIUbYmNEuwLeZqqq0tLTw9ddfo2naaBdHiG+tv/mbv+EHP/gB48ePR1GUEflMiV8hhofErxDfXqMRv6KTJGKDpKoqTqeTv/u7v+OHP/whPj4+o10kIb612tra+Prrr3E6nRiNxjt+MpD4FWL4SPwK8e010vErupKuiYPU0tLChAkTuOeee+QkIMQQ+fj4cM899zBhwgRaWlru+OdJ/AoxfCR+hfj2Gun4FV1JIjZIX3/9NT/4wQ9GuxhCfKf84Ac/4Ouvv77jnyPxK8Twk/gV4ttrpOJXdCWJ2CBpmsbf/q0cPiGG09/+7d+OyHgPiV8hhp/ErxDfXiMVv6IrqcmEEEIIIYQQYoRJIiaEEEIIIYQQI0wSMSGEEEIIIYQYYZKICSGEEEIIIcQIk0RMCCGEEEIIIUaYJGJCCCGEEEIIMcIkERNCCCGEEEKIESaJmBBCCCGEEEKMMEnEhBBCCCGEEGKESSImhBBCCCGEECNMEjEhhBBCCCGEGGGSiAkhhBBCCCHECJNETAghhBBCCCFGmCRiQgghhBBCCDHCJBETQgghhBBCiBEmidi3zeUydqalEB+XTPb50S6MEMIrEr9CfHtJ/AohhpkkYt82zTZKT1RRe6kJ12iXBVCdDhq/CQUR4ttA4leIby+JXyHEMBsz2gUQbm1NVBe9w5HjVqrr7DS6VJS7/QgIjSTGHM/SJAvBhtEupIfmElbHb6bUCXFvVbI/XhnxIqiXrBQcKaLYWkPtlSZUfAkIiiRmcQrpy6Ix+ox4kcT3lcTv0Lls7FyaQm69CiGrKClOI0xiWIwEid9BaKIgxcyG072/G7urikOJviNdKCG+dSQR+ya4VMKGFzdTUK92eVl1NdFQWUZDpZVGQxmHkvxGrYg93HLhuqYCo3UBZyf3xVT21Hu+1kpjvZWCeisnz2XywVvxGEepdOJ7ROJ36NocFGS8qCdhQowkid9BuoGrZRQ/XojvCEnERluzlQ3LMyi4rP/XGBHPkkXRhE0yoLqcNNZVUWqFBMs36CTwjRDEsrRVOM4YecQcSdhkX2iqpzh7O9mnm3Aez+NYWjwrA0e7nOI7TeJ3GKhUv53GlpNNo10Q8X0j8Tt4ba24rgMoxO0q4xfmrm8rBrkbJsRASCI2qlQqsne4TwIKs9bkkZcWQZceEInJrO1t1TYnpRviOXblMs6vwDDJRMziFDamWgjwbCRzWtmzNYfScxdpdLaiomAMjCDm2VReTfHsvuegNOsAxWfrqP3cwVVnK+oYBeMUE1HzE1m7MpGwCb3vQ+m6SO5f5/6vTzRvVOSxpH1Z1UHpwb3kHjtFraMV7g0ibN4i1q5ZTmxgZ0FVexlH3injoxobn/3FifMrFeVuf4LNq9j/ViIBvXyyYX4ab8z3eCHQn/S1VRSfzqexrRVnMyCJmLhjJH47tjKI+O1Yt3I3Lx+sR1WCiIl0UVEpCZkYCRK/HVsZVPy6cLUC+DJxih9G6X4ixKDIZB2j6bqVwmKH/u/wVN5c2+0k0C+Vxgt2nC4V2lRcl22U7ksj8ZUynJ6LjXFSe9JGw5VW1DagTcVpr6I4M4XE7VWdA47b7Hx0tIjSynoa25dVVZx2G6UHNxP/TAbFl73dPxt7liayOquE6kv6NlWnnepjWaxISuOIvXPRqyfz2Hm0hIrzDvc+gepy0HBdYfxAPqtNxXnBSvb+EzQCBFmIM3lZXiG8IfHbYdDxe72KnZvzaWhTmJW2m/SHvkkDccR3msRvh0HF7y0XV12AjwHjvV6WTQjRQRKx0VRfRbW7Jp711NMEezUw3Y/YV/IoKTlBWXEOG+frXSecx7M44jluasJjrH0rh6LiE1itVqzFOaSb9WUbj+VxvLnnloOTsygpO4G1OJ+309wtfJdLeHlTUdeTDAAKsTus/LmqSv+ryHG3xqlUZ2WQbWsFQwQrM/OxnrZSdnA9sZP0LiF79pT0nHlqXDTpR4ooKztBWWEO+9fOvc3J0U52Qij3myKZE5/KHmsThvBk9v/7emZ9Q4a/iO8oid8hxq9KddZ2jlwCZe6LvJli+qaMWBPfBxK/Q4vfZieuW0DbZQo3pbBiTQZb9hVRbm/15kAK8b0nidgoUr9wchUAhYBAf+9W9rmL4IejCQvxJ9hkZuXmFGb56C1r1TWeXXv8mLXQzCyTPwGT/AgwmVmb8bw+G9l1Oxcv9dy0wd9EWKA/AaYIEtZkcWitfmtJrcyn4ELP5ZVxvhgmtP+5L6VcVnKLHO4uH5lsXBxBgNGPYHMKb641owCuKisV3cfmj/En7GETwYH+BEeYiQ33vm++q/4ER9+r+kZMLyy+uyR+hxi/Fw7zWr4dlAjWbkrx8kJYiKGR+B1i/DZddh8/lUZbFeVlJRzJ2syKp58gMUvOv0IMlIwR+66YFMr0e6HaCVedTqCzAnWeLeLI+1U0XHJw9YbC+HtVrrahz3r01e03HRwXz6y366lus1N9rhVCBjAI126j1gWg0nAkFUuBx3vXnagAXzlobAKmDGaH2wWxtriOla4mrv6lhuL9u8kuc1Cx70VeDvyA/YtlkLX4FvjexW8TBZmHqFUhOCWDlSGD2YYQ3xDfu/gFwtdTYktFdbVw9bKd2jNWit8povxyK9X7XuTlaR+wP17Ov0LcjiRio0jxM2IAnKg0XnIAXrbKdd0ahrH6v9SOVi6V2oOpJGcOsXXKaGT8GL1/e4urBRjAicDlon1mW9dlex+fr3qUdWgUgx8B4RbW7vVHTUgk+0Ir5cWncC5OlCnsxR0h8Tv4+FUrc9hnbYVxZl5YZgJVRQV9bAzALfdxGDe47QtxOxK/Qz//KoovitEXg1G/g5aQZGZDfCoFV1opLzqFM17Ov0LcjiRio+kBE+EKlKtQfaKMxhdS+p1dzGvNJezJ1k8CRssm3s5YRJT/WNQLh0l5JovqtgFsA3elfgtAYbxhQFNnwN0GxgMufFmSY+WN+SM0+sPHRFiIAhdU1GtNtICcCMSdIfE7aGdL3ZPqXLeyITaSDd0XsB8gMeIAMVutvJMsreriDpD4HX4GM0/O9aXgWCvqFw6utuExM6QQojcyRmw0TVhAwnx365Ythw0H6xnWx5lecdCoAvixcGkyMYG+KD4KBj9f7vJiM06rldo2wGcKYQ+4y3u3AcMYANXdFaOb6SaCxwG0crLEOnL9xdvqqa3Tj6Ji9GOix1suez21V+SBsWKYSPwO3i3vV5H4FcNK4vcOcNDYeFP/p8GAwSMJk/gVondyR2xU+ZKQlkrhqd1UXG+lIjMZy+lEkiwRBBsVUF1cvWjjo5MXCXs9n/RwLzc/wcjEMdDQ1kRFSRmND1oIGAfcVLnRz2oNf3yXgiALUVMNuOqKeH2PVT9BhSwioX1KeGUawVMAO1Tn76XgwVSifFWuXnBw1zwLsyY8RtICP8qPNeEsySB5zIusfWYuwfcqqNccnD9/kfGWFOIG+5yvNhvZ64pQ55l5JHQaE8eBy1FDef4Bsu0AClHzH+uY8akxP4X4rVW4lCBW5haxca7MzyaGSuJ3sPEbs8PK/7Oj5+u1e+KJP2CHkFWUFKfpkxpI/Io7QuJ30OdfWinfl0WtMZpZ7vOv+kUd5YU5ZJ/Vk62wxx7ruMMo8StE3yQRG21BKby9t4nUdXlUu1QaT+ez53R+j8Uaf19PeriXD8aatICk+TlUHG+ioTANcyHgA9ymS4TrbB4bzuZ1fXGcibWvLe+c2czHRMKSCHJ32VAvlbDhuRL3G74k5JiZNd+XuPU7WFaXxpELKrXHdrP6mOcGFeImJRMXOMgK2VFD6Ykiao8Xkd3L28b5m9i2pL1Lk0ptlU1vFVTtVJy9DHODBve5QniS+PVunwZF4lfcIRK/3u1Tu7Ya/nAkn4LmnscKwBCVxpsp7TEq8StEf6Rr4jeA0byeouP5vLEqnthwfwzj9MpRn4DCTMKqTWxcMpiKy4+EzMPsX2VhVqAvirsSVwx+BASZiLEs4JHJvZRnroXYED8UH33ZsPnJvPHrw6RHda20g1MOkP9KfOe2x/kSEPUYYeNvtu8Y2wqL2J8WT4x7e/goGCYFMcuSyCNTB7FL7QyRJKXox8tocJdrnB/BURZW7srnw5xEj+mwFWKeW84so4IhJJ6V8XISEMNH4vdOk/gVd47E7yDc8ufxZYnEzTURMKHz/BsQYWHZ5jw+/PUqwjom2pH4FaI/f6Npmjbahfg2+vzzz5k6dcSuRO68NisbolMpcMGsjBMUvTCUGaSEGLyRiC2JXyHuDInfQZD4Fd8Q37nYGiEulz4S02azDXidiIgIkDtiQgghhBBCCDHyJBETQgghhBBCiBEmiZgQQgghhBBCjDCZNVHofMy8caaON0a7HEII70n8CvHtJfErxPeW3BETQgghhBBCiBEmiZgQQgghhBBCjDBJxIQQQgghhBBihEki9n10uYydaSnExyWTfX40C9JKRWYycyLMJGZW4RrNogghxKiTOlGIO815fDOW2ZHMScmjVu36nqu+iJ2piZhnR3J/SCj3h0SyoqgV2uwUpC3godkLWF1oH62ii+8gScS+j5ptlJ6oovZS0+ie6NtqKCy04bzeRHVhEWfbRrMwQggxElRclxy4eqvvpE4U4g5r5WRxEQ0uFefpdymu93jrQh4pz20m92Q9jS53huZjJHiaLzhOcfSEA5fLQel7p2gcreKL7xyZNXG0tNnYEpvMkStAxHqshSkEeLHuzieSyb0MyvxM/jMnHsOdLGtzGRuWbufYpSbU9tYjRcEwYQrBoaFEzYsnKcFMsLeF8AklLi6I0sLLBMRZCPe5A2UX4o5xUPxKBtmVF2lsatVjwweUu/2YOGUaYbPNJCx5lrgQ39Eu6LfP5Xyej9tBhQrKvE18nJeMcbTLNBysO5izJh/nrWi2leexbFK396VOHEESv8NKdVCef5ij71s5a3fgUhUM904heGYksXHJLFtkwvCN+D37EmOxYDxVhmp6msdD2l9XKT2YQ/V1wBDByq0ZJEX6oXx1k7sCgTFzSXjYl9o/QczCuQO/XhPiNiQRGy0+0wgNVeCKCvZ6alUIUDzeb7ZRXFLDVfyJSbQQNs7jvWt11F7R/xk8M/TOJmEAqpPGi02onq2zqorrip3qK3aqT5aQmx3Byh2ZbLT4e7FhP+J2lPDf2/QToBDfKm2tNJyz0XDZ8zVQXU00upporK+iNP9dEnbn83a83ygW9Nun9p18KtyNPmplPkfOJ5MePtqlGgZfOXGp/dV3UieOGInf4aPWk7tyOTsrWz1fxOW0U33STvWnCrMWbiLmG/KbDkjM4j8Xd4uxtnqqa/TyByRksDE+ottaJlYeqWJlm8SmGF6SiI0aX8JNU+CkHb66qJ8MgjrfdZZl8fL2KlR8SfAz8/ZCjyztop3P2vRtBJumjGipg5dm8faz/qCqXP2ijmprCQUlNpzNNnJfXIFrXxFvzPeyBVEqNfEtp8zfTtnWx7iLG9xwNVF7poTcrHyqmx0UZ+WxbOF6ZsnvfGBcZeQWeYzBaLNz5EgZKzMtd77R6ZtCfisjSuJ3aJwlWexxJ2HGeSmkJ5sJUFw4rzhoOGOlNjCRGOW2mxlZPb5PFy73WA3j5H4Sb/kdiGEmY8RGUXCo+25Wm53aOs8Ro61UnLKhuv9dbq3C893G+jqc6HfVZoUqXdarPZbF6qQFPDQzlBmzzVhSNpNb2dR7AdpaOLs/jcTYaGaYIpkxL57nN+VR4ey7zAZ/E2EmE2EREcQuTCZ9Vz4fHl3FrHFAm4OC7VlUXPco6+k8dmakkhhn5qGZodxviuQhczwr8uoBleI17gGxKUU4AVdJGjNCQrk/ZAE7bd0+/HIeiSaPwbPtrlSRuykFy7xIffuWZFZnltBwvevqqr2M3O0ZPP/MAubMjuR+UygzZi8gfl2R9PcWQzPOQMAkP4yT/AkIiSAueROvJrrvDjudXPVYtP+YcFMdlB/I4Pk4MzNmhjIjegGJa3ZTcN7jd+8s4vmZodwfEkr8Ac/B463uuIpkRaFnC7Wd7AR9+YfSyvQ6pa2JirzNPB9vZoYplBkR0Zjjklmxq4zu1YDTls+W1EQ9dmZGY05IZUthfbdxpk1UF2axITUZS2w0M9z7N8eSzJ7KbqPi++Asyae0GTCYWZtiAsB1PJ9jV/pYQXVQflDfh87juYD4ZWls2Gf1iG0HpVmbWb0sEbPZXbaQUL3ee6Xves9lK2LnGvfg/ZmRzIlPYcNBK409dkel8eQBXnpuAQ9FhHL/zGjmxMaTuOYAFd0H47ZVscUc6p4MIJT7Ew7Q4N5G9zqxS1kulLBnXTLmeZHMcP9uEtcdoKJ5QIdW9EXi121w8fvZuTq9PD7RrM1czxJLNDFmCwlJKaRn5nFojcmjIFXkbk3j+WfimRMdyQxTKPdHRGN+JpUtR6tw9jou0strm2YbBbvSiI+N1o9LtBlLSgZHzuv70JiXrMdYRAalnp/n/nd15oLO2AyJ5qWT7iEhFv01867uFycqjWUH2LAsvuP4zrEks3qPtcf3IER3ckdsFCkzIwj3KaGiTaW2rh7ab4Vfr6S8qrPSc522clY1u1uUVBrqL+pv+EcS3jFwopXyrc+xOt/embSpTTScLmJn5Slqd/+2l+4VrVSXlXX+12mnonA3Fafr2V+YSdwAB2UYItJ4c7UVy556uPw+R0+lEbPQV08oj+4l96RnBa53aWyh97tmhnlmYpQyylUHFVV2iOi8TeiqrKK2DVAieHyee/0L+axI2UG5R23numSj9KCN8jOXKTq6ijB3rnr1ZB47j3atQFWXg4brCuMHtqtC3J6riQbb++QedwBgmBtNVEcr6gBi4rqN7OWr2GPzuAhTHVSX5VFtLaMmM583FvqBMZrHp0PFeWj4rzpcBLkbduqoPqdv//x/1UCS2V2uOqrtAApR8yJRUKnYuZznj3pcBF5vpdFu4+pUF55NPI3HMnj+lRIaOy5aVBrrrRzZVEXFpzkUbY7u+OzCzAMUdLm6U3E6XHDPQJrE7RQU6A1PRksya1McVOfvoEKtorDIzrI1QV0Xv24j+2er2HO2W5eoKw5qrzio/dTAk6lmAnz0Bq+PjhZR2i0pUp12Kop2U1FzmXd+u4kYj27gjSUZPL/ec7/BeaGKgswqjv8xjfzDnfWL6/hmEteVeFxItuK83IrzugN1GO4GOMs2k7yuiAaPn456xU71aQfquP7WFF6R+PU6fu9S7tL/0XaZixdawdhPr5j/z8rRgrIuMcX1VhrPWzly3srxU5vIP5BMsMcx9+ra5lIRq5duptSz4aa5iYbKOpzcidtyrVTsWc6KA/UeDeYqzks2yj9z3ZFPFN8tkoiNJmMkswKhwg6N5+twEoERUCutlLsAUzQxV6qouHKCP9RsImYuwGVqP9UreMPMCMLclZWrbDsv59tR8SNmzWY2PhuJwVVD4a5NZFc2UZyZRZJle7fuAQphSetZ+w+RBPuqNJTl8Fq2FeflEl7bl0js1ugBVyLBlgWEvV1PbVsrtbaLsLBb/+rwFA79IpFgX3A5LqJO9Qd6aWGb8BiPR0J5JTScrsS5Ksg9SL+VCmuNvobJTOwk/cIqe8Nuyp2ghCSybVsK86eM5bOTe9myq4QGWw6vFT5N0dJu49bGRZOek0HcZF9ottM4ZgTG2YnvNLUkjftLer5unJdGzq7E3iea6CMmqrMy9Is4Hz9iXshgzVPTuOuLSo5k7qXY7qBg83YemZ1FgtGfmHlBcN6OarNxvi1eH4Nx0cboEPDpAAAgAElEQVRZd8OE01ZDQ5tZv6g5V8V5FfAx8Ui0H6hWCov1i7iAxZnsX/8YwYrK1b/UUXvLIyauFLFlq34RF7BwPdvWLCL8bgcVudt5Ob+ehvzt5D5bQrqp6+4FJGbydkoExjGtNF50MbHb+70ex7P5FNYD+LPwWTPKpFaSzFlUlLVSe6yI6lTPLmLuY3W2FdrrvSVzCfBp4ey+FazId/T5OcHJWbydbMIwpona32Xy8gEbLnsR+4pSiVnq17nfm/T9VkLi2bguhajJLhrez+G1g1W4zmbxUraZsnQT0MrxojI9CTMlc+h/phEzCVxXLnL2c4Wo7hWpTwTpvz3QOVmHz9j+6yBnCa9tcidhU8ysTUsh7gED6jUHnzX7f/O6fX3LSPwOLX5nLXqa4CMHaGhzcGTNc1xdmcrapHjC+m3M9SNh1wHSZ/uiNtdTnp/FnmN2nNbdvJQzlxJ3o4t31zYOcjfs0JMwJYiEtDSWzZuGct1Bw6cqYQOogwDC0orIT+68blD6CU7VmslL7iTMODeF9BcshBsVWhx1NPrOlWsLcVuSiI0mnyBmPegL9lb41MZ5NZlYRaXi5ClcwKzFGSw9t5yKkibKy2xsmxsBrhp3qxiEz450J0pNHDuqd0UwWDLYn+YeSzHFQvpWO+VPZ1F7pYo/nIeYKM/PNxLzj8nEuQfBB4fshktPs/pYE87jJVRsjiZ2oP2hpwQRMAZq2+Cqs+fNeGViEFHh7ha/wKDetuDmR2xsBFsqbag1Vk42J7NkAqDWUOrugx72o8f0GYv+lK93NfAJYuUb21ni3g9j8nbSbadYfayV2pNVOJf6dz2RjvEn7GGTfnIL9Cd4gLsohLecZ94huyiat1+I6HFC7jUmXFZyi/QEwrh4B/vTzfr7JhOz/G/SkJBFrauMI8UOEl7wJ2zeXIwH7DivVVJ9EWJCwGmrpKG9tfmijYprEGyE2soavZvMtGhi/IFbro5ZUA1/P41goy8KvgSEm7vMCNZQkEf5dWBSItsyU4hV0C+iNm+m9lQyuZftlFvtpJu6xrVxWgSzQvSLmYAgcNltlDu63Y66O4iYKH93PaZSXvC+3pUw6GmSIgB8iY1/DENZCa5L73Hk1IvMmu/OOq5bOdJ+rOI3d9Z7+BLQX4t8exfrEH/An4CXNlNblki2XeXsmRrUpRYUz/1WIkjfl8myQH3dMFMoypUnWF3SSkNhPuVrtxOrqKg39YOpjJ9CcKAvig8YgyKI67W6UzBM8MUwod9idn4Hv83Tu2v6mEg/kMPajpneTMwa2CbEIEj8DjB+w9M49FYrq7fmU9tspzQrg9Ls7QTPW8TSlOUsmeffs1HX5y4mPmAiINB9Ho6IxHDNwgarSm1BPhWpm4jx8fLa5uy7HD2rAgoxr+TwdkcyFURYVPcC9E1RfDFM6FaH9NplsoljR0r07yUwmbdz1nfeUTcNMOsT33syRmxUKZ3JVHu3A9XGH8qbwCeCuPkmYi2PYQAaT5ZQ3QbU1btbxYKYFeluuVXrqHaPMVPP7CUxLh5L+9/P33FX6k4aG1v7K4x+0WPuLE9D3w3KvRjY+I+BCFhg0Vu91So+Oq2XWa0q08dB+JhIcF/ZNPzZfWJqu0zB//DY57hEdp5yr+ewc1WexSPuMCU+iz+fq+G/z9Xw32eslOVtZ1mUL6hNlGe+yM7TA4yPz2zUugB8mb/Q3PXiL8RCnPsCvLbGPYY00sz8Cfrd4U/ONAEqZyvrUPEjIFCBtjo+OaMCDirOuFvP5z2m30lX5nZ08a09kIwlZQe5ZfXdnm/Vytlz7paf5lNsSfCIs6czOOYeotH4+e0ri4aCDFa8kNr1b0tR50VncxnFJ/W4DV64qONuv2F+PAuNelnKi8o6x7RcsFHtPlYx3Y+VN3yCCJ7mTgWbne7te+y3yUJcoOcKvsRa5rrryfaGMT9iYiNQALVyN/EJaezMt9IwLA9qbOXsn9xlmRlPQsjtlhfekvgdevwGLNxESVkJh7amEBfuh9LWSoM1ny0pi4jf1HPMWk9+LFzo7oXjrKHW4f21TWNNpd6Qo0Tz44XezOA8SG11fGLTyxdgie/SrVmIgZJEbJQZo6P1SrXtMtU1TahnSjjp7Dz5K/PMxBiAy1aK/6R2Jh/GuTzSfkJWXbQ/e1BtdtBgt3v8NblTJBVu3r48isHQ0Trtul3e5unSZRpv6f+cOGmIT/yZYiHhYQVQqSg7hQuVsydO6fs9M77jokhtaS+girPLPttpbB+8fms4U0Qh+mZQFBRFQTH4ETwvkW1709zdZZo4ebz74O4+tLhoAfAZj+HeHp+AwT2YUb3u0hMGJZrH5+oXY2erKnG12fjkTCsYHyM9JRqFVs5W2VCbq/jkPB13nHV+LNl1gI0Lg1BQaTydz841icyJSyX7dPsg+JaOmcRQm2jsEmcOnO31jjr0KHOWFeldsn2CiI024HQ26X+uIL0rFuCyFnG8/YrO1XmsJk4eSt88BaV99RsqN6DLfiv3GnuMIVUmGN1jaly4WvTXglP2sn+NmQAFXBfKyN2aimV+PC8d7T4hgrdacLkr+N7KIoaHxO8wMAQRm7ye/b+18p+/3c6yCF99XHvhJl4u6mNiDc/Vjcau1x9eXtu4rrmvCRQjE0eiT+BXneUz3iuPOBCDI10TR5v/XKICodqucr7qFKXn9IQj7El39zvDY8RFK5SWOTheWsY0h966ZZjtMYD4bqXjQYkBL+Rjzej+/IuBczmd7srNgMGLWehr339fn0gDX2ZFDvWWvD8L4yPYWVmF63QZ5VcMfGJt0rsbLF7U0e1CGe8uoGLmjdM5LJHO2OKb5N5pBBgAJ7ia9bi6bbpwr4HxgKutBde17m+6cLpfUwwGd2u7QoxlLsrx/5+9u4+K6srzf/+ehZfKQqj+gZLGJUqGgNOIuQHNdNn6k7Qm5IeGBDqkcYIPN9hJSzq2ZDTaMW3a2Bq1NWaiP02wEyXjAxnpJgMTotxgdBqXjtUThb4t0KOEDhGXTCC4UiArxU9W7h/nAMWjPJeFn9daWZGq87Cr6nz3Pt9z9t6nEOc5O2f/08qpWrDOjyHuwVoOehVx4UwR5221nHcCgcYYzDb+UTy7K5+F6UXkHs3i0NEiKqqK2Pn8GqwfZbJ04newtsZVfx8838n0dR/z13U9vVtN7u/N2WFbKnlnaQzvdLeY0052fjULU4NhrMX4Plu+wdk4wEL1qP1zO+tr+Ro63N1ou3Pm1X5yDeOZm57B3KXlFOTkcOhIDmevVpK36Wmc/id4O961Qu3PiW/vZZFhovjtoPf47co6LYmN+yx8GbuWAoc5xjspttfv0OlwdDz/6Oe5Tds5gbOWL2+MQKCMtWI1rhlTW18HjMBdOBl1dEfM3bwi+OED5tXec/vYedzolpjQNrDAj7lmF4fa47t591OnOWvSzPYKzSuibRDqlcL8DtPH9081uXnmyVDgVCL7WKfUFm3mF++Z3R9CnmRpzOBHjgfGJTHXavS5z96axfEaYzrr5PntV50mRZgDkp12/i2/X/0oRYbfpXOcN0+8rEHdjJHoTmgUkVaABk4eL+p4J+VSIafMCVMj74tq2541Jpa5PkbXo3d2FXKlxcKMmJlYJsYQdx9Q/Qd2ZhrjTgNjYrud2MEaGsPSdRnkv7/cuEPfVMK/n2swn3do1kV/zievvOu6Q+LSR+T9uW+LXsj9yJjqfXIE4eYdi7P2oS6YHzNaLyiVF1JQ5fpeA6cKzxn1pDWa6Z3HgPlHEPfMeo58lGGOKzNOQsE4cTO+fgfVt75B0FaWtt+gvJCCylstL0NC8Tt4PlYsrReMnY5bXH5o4FTrhFwB9xIW3P9zm7CIqcZ4cGcx/29hnwNs4LxCiQw3y3eykAvqfiMDoETsNjBjnjmzzvVqrjSBJSq+w5gE67x45vq3v99h+nYAgkn8kdkfvSqL557ezMHCEkovVVJ60U5B9j7eKeqmUmr5hitl5nLnC9mTnsaWc0aiF7kwxZjBqRNHTTmlF8u5cN7OqdxMtqQn8fDyLEqdxixFS19NY/pQzOBljSU5drzRPdFs0ALnJRHnMrjdYktiYQjGMluX8dzefM5erKTiUjkXivJ5Z2++eZdOZJg11VJxtZorV6upKC+hIGsHi5bvM8YweAUzf0Ef7xJbY3jWfH5Rbe56ntuZz4XySi6czOSFlRnG8WyNZWmCy1US64PEzbYYzwA6Xw0WG/9rth8QzNyHIqClkgslxsyC8+a7zoRaScG7WRScq+TK9QacjjqufF7XdrLUegIV+dhjxhTtLeXsXJ7KluwiLlyqpKK8hLP5WezJLhl099+2O+peoazIK+Ovlzr/V8yBZPMizKUPybto3B143GZ8morM9byUU8KV2joqSgrJsw/+wkxYUopxMchZws7nX+FgUTkV5Xbytq/kF/nmWLbkJHPyAyjN2cfBwhIqahpwNDVQW1XNl61fjLf5/3vNSYJaKsndk8nZ8koqyu0U5Nt7HUMT+aMko151lrBzeTp78u1mvV1EQXY+pQO++Cag+B1s/Dpy0ol5Ip0N+3IoOGk3zg+OZ7Hl+c3kmcME2i6ctmqp5eyRLArOl1NRWU7B3jX86kPjPGVSrDmDZH/PbWYnkRiKkdRtWs4LmYVcKK+k4mIJp3KzhuEiRjCJT5rlq8wkLW0HR4tKKL1UzoUzhRzNLRlkt2S5E6hr4m3AMjOWudZ88oxO48x47JGO3Qd8YkiYN5681j7W08zp210EJq3n1+eW8UJ+NY6SLDY8n9Xx/ZQono3p3Ie5joL1KRR0ejUwZg1vPtP9zIYVmenEZ3bzRqCNFVt3sHp2P/oz9srC3EVJhOW2NoahJC6N6XhV0hLFim3LOb98Hxcc1cZMTbtc3veysTEpnsigrlsXGUrOk5uJPdndO35MX7Gd1V3mL++Jhenp21lRvJw9JXWc3beWs/tc3w4mYdMrJHQYhunH3PgYrIXGRBYWWyzzzPfbHysBBD3SlrgAUHuOQzs3c7a7ixWBsSQ8aMbylKd5c20xKVuKqK2x8856e8dug1OWMzep/VEa/dZSQl7rGdJ9SSR3e85rYe6PHmNSdiZXWirJ+7CE1dOiWLh2Jf9WsoOzjnKOrkvh6ACL0K2gJDa+aqdiTT5XLuWw4ZmcDm9bZ6Tz5orWrlKVFGTuYs+lbrbjFUxivM3498RHWDpvFxcKG6g9uYNFJ3eYHy+GbbNtxgyx3QlN5Tfr7KRsKqK2qpCdqwrZ2bb9UFZMjSdy2tB87DuR4ncQ8Usdx/OLuHLRycGLhRzs7lsJTeHlpZ0D20lpzmaey+n0ckgSG9PbE85+ndt4RbF6Wzrnn9nFBUc5eVvTyXNZdvq6GOJCh7b7YGDSen59xihf7ZlMXjrjcoLkn8Tdj0X1ffZpuSPpjtjtwGcmc1sTGIuNx2M7J0wWZsU/0jYFe+QPY7v28/YKJuGNHPK3phI3I5hAc/Yei38wkTNjSYxyqfm/G8OShbHMmhZKoL8FvAAfY9rbpa9m8dG+FMJc2x1LIGFTxrcPaAew+GENCmX6vCRWvJpBUWEmq7skeoM0LYklf2/s1BKVwpJuTjSsM9LJysvg5eQYIoOMKaOx+BEYGsXcxJiOn0NkKHn5EXxvMNbOM2X5mMdf8nLezP6InOe7Tn3dK58oVh/K4e30eKaHjsfiBRZrMJGxqWx7P4c353eNM+u8JOYHYVzIeeTB9sc1hMYSZ57/hCUkdezW1BLMD+bbCGuNGy8L1qBQZiWmcyB7k8vdZwthSzL46PB6ls6LYJK/GZM+45k0zUZCbHTbOI4BKck3u/51HAPaRVRS24yBVz42Z5GdksqB7F2smB/BJKsFvCwERsQQF2V+R5bBPax9Uvx28t83Pneg1QIWC4GhNhauziDf5WHO4E3k7Fimh443xoy01r0xKbycmcXGma0Ljidh63tsS7ER1vo9+gcTGRPB3Td7L0tYivkbxLR/VmtgMGF/P5Vg797XlW4ofocmfhnP/Fd2sfGZeGZFtH+fFvOcYmH6dvKz1xu9ejrwY3qs0W7jBZbAUGYlryEna1PHZftzbgNYopYb5wRJNsKCjPMbi3U8kyJsTBvkPGLdcynftGAj/s3fYvrMUL5zi7gW+Ztvv/32W3cXwhN9/vnn3HPPPe4uhsioMxKxpfgdzZycWh/Lsuy6QU9QIP2n+JVeXdxBzI8zuUIwz/7uY17WndzbimJrYBzm9KQlJX2cYRWIijJ6VKhrooiIeCTnxXwOVliZ8XfBBPpbjbE+f8hkS57RjTvywQeVhImIyG1LiZiIiHik0g93syWz+4k5LFNSeXlJ92NdRUREbgdKxERExCNZp8QQN+McpV/U8mV9A84xfgROnMqs2CSefTbenEpcRETk9qRETEREPFJY0nreTnJ3KUSkz6atoah8jbtLIXLb0KyJIiIiIiIiI0yJmIiIiIiIyAhTIiYy5Jw4ne4ug4iIyMCoDRMZGUrEpFdXju/guaVJxD61i9IWd5fmNtdiZ2fyI9x/30zjGUYiIiID4SznndQYvvdAPC8dH6n2pIGCV5OIeSCa+9fmMzy5WANnt6fw/agYkrbbcQzLPkQ8hxIx6VVtSSEF58qpqGsepkr59uCsrebKoFsEBxXl1Th0KVFG2NAcvyJy2yjP59CZOpyOSo7m/WGEEhYnX1aWc8Ux2DbMiaOqGkd3F29bisnOLqG2qY4L2Tmc1wVeucMpEXOnlnJ2xk/lb6f08t/szZxVRTV8rufz3Oxovjf7MbYUKYGSfrgd4lfHr8jAlewgZspU/nZKNEnvVvayYB1H02xGTM/dzIWRaJOnxJAwzQ+8xhMXa8NjnsRQtJnv3xfN/XGvkFvbzfteU4mLC8WChbC4WKZ5uaGMIrcRTV8vd7abDhz1TsDi7pKI9J+OX5EBc16r5kvjX1zIzKAgeTtx3WQ8zvOZ7P1Dg/HH9Vq+vAkMdwLhY2P1B3ZWt4zAvobSjVoczt7KPJ64zfn8ZaOHfS6RYaJE7HYxM52cdTFdT6csgYSpshK5vSl+RTzOl3W17V3uawt5J7uauGeCOy1VR+47WVxpvQvmrOXL60DQCBVytNYfo/VzifSTErHbhMVvIpERET1e1z77agyLsupgynLy89KJbK3ETq7l/rR8HF5RvFyQxbMhxssVuTvYU1BMxWfVXKlpwOF0YrGOJyzqEZa8kM7CaX5d9uEoyWLnniyOf3qV2hZvJkXMJPLm192Uppq8TZs5eKaMiqt1OG5asAROZNa8FFakpzDdv9M2DxZx8VIlV2pqqb3hBMt4wmY+xor0JAKLcziUW8jZ8moc+DEp+hGWpKfz7IzxXfZaW5LFnowcjn9aSa3Tm0mh0cxdlM7q5IgO3TYG8tnBScGqaP52lfmnl41tZzNZ6G9cDf3Frnwu/Fel0Xd+jB+TImaS8OwaVsQG9+lehPNSPjt3ZVLwaSVXHGANDGTSPVEkr93E0mm6m+HpbhW/rfp6DPf/mOvp+K1kT0I8O8shMDmTP262ta1xYesjJGVWQ0gqOQVrmO4FUMeF7CNkn7Rz/r8+40pdA86bFgKDI1i4KZPVM80919h5Z08G2adKqKgHa3AEs2JTWL0injAfl2K11HH24C725vyB85/VgcWPu4PuJezBVH6zLpbAQXznIoPl+NJ15JWTC0fe4+yS9cxyDbDyI7z7B9duvw6q61wTsb63h/1qm1qKeGlWGkevQ2R6PvnPhxp7d2lTK6przW0EE3afjYSU5Syd17F+6O+5Q09Ks9ay5fclXK6spbbJ3KctlmdXrCQhopuar8XOhpipbGj9OyKdwrzlhOEk7/mZvFDohNmb+GNmUod6wFGSw553siiwV3LFCYEhUcxLTOX5JTFMsrgu1825xRg/JoXPJG5pOqsTQ9VPQDyCErFRqYHzBVnknew4ZsTpqKO0KIuXPi2m9v0cVkS0v+c4+Qrx6TlcaVvFyZWSQq50u/1mrhQXcaGyfVlnTSWnsjZztriWnOx0Is0a8OtP8zmYX9Jx9aY6Kk5m8sLJzC7lvnIuhy3FZThzclgxpf2dK7lrWbQuv/2qJE6ulBdxcL2ds/+VQc4rrX3o+//Zb+nrck6dK28fLN3SwJWSQvY8X0zFGx/wdnzXpLGDqzk8l/IKp1zafEdNNaW1UK2m4o7R92N4CI65gWopI3v7Po52mBnASW21A3zNY/VSFstSN3PKZfyHo6qEgndLOPXpVXIOLTfj38nZLU+z6JDL2JumBq5UlvDlPQ4d+eJ2X9aZB/G0GGZdLeLs1RzezU9jVlJrfDVQkJlFRQtYY2KYdKaI0pZaHPWuW+lrezg0bVN3barzejWlRdWUFn1MQfo+sp6PGvL4claVcPZitUu5qyktzOQFexlf52Sy9BaJXF9cyV/LojWudSTUXrJzdLud45+kk/Xe8t7PLVoauHKxkHfWnqO0KYcjKZ3vborcfjRZx23C2XCV0vLyTv9VUjvY8fdRyzmSl09RYT45W1OI9AGaynknI7/9JM9pZ+erZhIWFMPqXVkUFuSQs3c9C7u70kUoCau3cyA7n6KiIv5YmMPbz0RhBZzlWRw6002hfWJ4+f18CgvzydmaRFjrZifG8vIbmeQX5HNkczyTvIxpew9m2dvXrclhw6tG5Txp/hoO5Bfxx1NZvJkSgQUnFVmbeKd8gJ+9jYW5m4v4k91u/Hc2g4XmlUxLdCq/2ZtJfsHH/LHoYwoz1xMXAlBHwcEPe0hW21XkZxlJmE8UKw5+zJ9KivlTUT5H3thEcvgtVhaPcMv47ecx3P9jrufjd6AmJW0nJ/9jigpyOLL7FRIigJZK9ry0g1O1YJmSxLb38/lj0ccceTWeMAs4SzL4VbZ5sua0k51nnJ1OStxO/hk7f/m0iKIPMngz7UHPmXxARiknjuvNAFgmxbM6JRRwcupgDhWticDVDzl0vAG8Qlm6orXdaubLetc2bgDtYb/aph74xPDyB8Y28t9dz9IoP6CBC3vWsuX80E/cE5m0nrczcyg8VcQfi1zacYedd4920wB7RbE6z95eJx16mrDedlCTw4b1Rh1pmRLPxowc8vMyefMZ4wKV4/wuXtjTzX58Ynj5/RwKCz8mP3M9CSEYU+RnvMdZzV8kHkCJ2O3i3C6SEpKI7/BfWvcJRj9YAoKZFhHKpJBQpietYbV5Jd1RXMJFs7Fx2vPJrQEYT8IrO1gxP4qw0Aimx6aQPLP7zkOTZsczNyqUSUHjCQyJIG51OolBAA1cvHy16wpjAgmLCiUsJJTpSWtZMdvMxPynMjfeRmRoKLOS1/LMTOPl2rKytpPNiqOZnGoCgpLYuD2VuVPGEzgxioRXXmHpROPk8FRR1xmv+vLZOyzv44fVv/U/lwTUP4K4WBuRocEEBgUTNjuFX6eaXbwuld/y+WrOb8zWwBJI2L3BWH0sWINCmTXf1p6Qime7Rfz2+xgewDHX4/E7QIH3RjF9SjCTQiOYFWszxrr9ZxYHLzrBK5Rnt21i4YxQAoOCmZWyidXz/QAnpSftGPcZHG0PhbV+917CAv2wWMczaVoMcVHDdEdPpM9q+fJr4wC1+gcSmZLKXB+zK6KZPJX+SxZnnWCZncrS+wL5jhXAydfXO04H2N/2sL9tU7fGBBJmbiMyJoWN724mIRBoqSb3YNGQT3dvmRJD3OwIwiaOJzAolOlJ61k9z6hnrlwq6/biZnt95IfV2nud1FZHWqJYvXc7S+dFEBlhI2Htbn4Tb3TZrMjO4lTn5GpMIGFREYSFBBM5O4VfPx9r3A2sLeZC1dB9fpHhoq6JdxQL0/4uGKiD67XUmjM/XSk3K1FLNHNndzd+qitnVRFHf1/If1yu5st6J3cFWjHbNJyNt7oM5cek0EA4WQ3Xa41njXgBjCcsZDycqQOHw3y9gfN/Nk9Qr/+BDQnxbGnbTjNfm8+5vPJ5NRDa78/eJy0NlB7PIruojCs1tXyNlbsxG9cWJ85bbCvywQcJy6ik4nohL8QncSo5heR/iGfWRGVhd4YBHMODPOaGS8Wfio0kq+UqR1+Mp8DlPed1Y1Y5Z3UlX7ZAoGUmP5ztR8HJBkr3pRB7MYklKUksnBeBVQP1xd1aGnCYEyHe5WPFEhjPkvhdnMquI/dgPqujAnnng0pgPIkp8QRSidUK1ICjvqHDpgbXHg6ibXJljSFhth95uQ04ykqoaIk1x30OEUclBTk5/HvJZ1z50sE3YwO5q7Wn4g3nIJ8z6lJHRsSad/9b+TE3diaW/EKcjmIuVMLcXrpvWv8ulEleUNFSS3UtMKXnZUVuB0rEbhOW2O38aW/8sI+bsFhaOwQ5wZz12vm12aj4WLnFRSsAHOd2kJKWSWnTwMthtXgb/2iGb1xev8tyl/GPltYHSH+No/VSm7OOK5V13W7P2YeHKHf32W+ppZqjK1N4qbD7/fZJ1BoOvOHkhc1ZXKgtJ2/fK+S9u53pSWv5zStJuis2CvQev/08hofimBsmbXUFTmorK+nuMUHcxIzd8Szcug/Hq+vZebySK2ey2HImi50hMax4dTMrZuuumLiToy0urd+xGN17lyYRmbOP0jNZ7NllpaAWCE1iyYMW8PLDak5E83VD+/2foWgPB9Q2dd0Kd48PBBrA4aC7abYGrLaQl1LWcrRquPr6tdeRloBAvtPpXYt/IFagtsWB41YfzHKX+fU5Qc9gFQ+grokeoi1BudE8yCtPXVm+Y94Fa6rly1v2Z6jm6BtmoxOaxLbsIv5SXsZfzmSytLcbUgP2HeMqJEZCU3SpjL92899f3ogdjp3j/MNuthTWAX7MSs+g0F7MX/9sp+jVbqYq78Wk+evJOVlEzhvpJESNh5YGLmS/wrKt9iH/PeV2079jeKiOuTbmVXFH0+A7K7XVFZYYtn3a/ef466k17Vfi/aN4dlc+fyzIYGNqDGE+xt2Dnc+v4WA3PXGvoJEAACAASURBVJhFRo6Dr1tP/n3MAJ2yiCUzLdBSzsFDdpxYmLUoyZxp8C5am2FH25WVkW4Pe/d1W2ZpbUtmhuLc4ULmDiMJ84ng2V05/PHPZfy1pIg3e500qD97a68jnfW1XZJI5/Vao9eOlxVr5yxNxMMpEfMQgUFmhVdXxsVuL0MPXNi0aGP6WKedfzte3fvCLZV8Zva7jnwslYVR47F4gSUwkMBhubPjx7QIs0X7cz55gxwz18VYK9YxAE6+rO36xX5ZVW1225zJkmdiCPO3gMWPSbcYg/ON85uuL1rGMz1+OW9mf8Sb840T2itnim45xkw8Xf+O4X4dc7c4fiGQSXeb14c/q6RikJ9kUsRUY5INp51/y79FXeHCGhrD0nUZ5L+/3DipbSrh38819GFNkWFyw2l0fwfusrTG1njmp7g8VsE/hiUJrTPvWbC0PpqhyWHE6Ii3h71wlvDvduMuumVKRNvzCwd87uBs7W7o5EqVueL/ncSz8yOMz+YznsDuZtwZazUvGJnT/PeJHzOizf6G5YUUdBjb1cCpwnNGWazRTHdDgisynJSIeYhJfx9tVKxOO3te3UdBSSUVl8q5UFk7+DsqM5NYGmExppvemsZz7xZyobySivISLtZ0Sii8ggk2n59S8cmHnK1p7U7lxDlMCUXkY48ZU9a2lLNzeSpbsou4cMko39n8LPZklwz8O7DcS9hE458XsnZz9LzxvZ7NL+TCdbg7KNBoVJzF5OVVtjXc3feEtJqDuaH02PucqjRONB3nc9iTU0RpVR2OJieOms/a7zx6eWsa7ztAf47hfh1ztzh+wY/pttYTnAP8Ynu+EduXSrjcObb7wGJLYmEIZl2xjOf25nP2olkXFeXzzt58lwsLlRS8m0XBuUquXG/A6ajjyud1bZ/TonFi4k5NDmOsJRYs3t5tL1vnpZBonuxPik9lbluy4d2WsDm/NpMUN7SHbW7Yyc7M52x5JRXlRbyzbj0HqzDGVMW3z0rav3MHP77jZ37G4nwOnqvG0WIhMNC8E15WSG5Ja3ZljlXt7F4zCWypJHdPplk+OwX59u67MpvCklKM79pZws7nX+FgUTkV5Xbytq/kF/lGWxqWnMRcNZgyymiMmKeYlsqKRz7kheN11J7cxXMndw3dtr0ieHbHGi6kbuZUbSUF29M7DMLvKJSEhTbeedWO4+I+FsXsM7o+DWejM+Vp3lxbTMqWImpr7Lyz3s47Hd5fztykqPYHVfaHVwQJC6N4Z2sJzqp8Xnoq33zDj4SMGN58MIWFIYUcrKqjYH08Bevp+fN6TeWHs8dzNLcO58VMli1xcKRoE3y4i51ZdezssoKFyB89MrByi2fpxzFs6dcx1/vxO32ehUlJ6SzNSuVgVQMX3l1L0ruD+ByWKFZsW8755fu44KimYNdaClyrIi8bG5PiiQwCas9xaOdmznZX7sBYEh7s28RAIsOiqaGtC5xlrMvZvVcUq9//mCUOuCvI9eHIFnNss7Nt3UB3tIetWqop2L62S1sdGLuWl+e7xFa/zh0szHrQhrWwCMd1OztT03B+kM/qhYuIzNlFqcPOluQYtvT2GSc+wtJ5u7hQ2EDtyR0sOrnD3HQM22bben6sRlASG1+1U7EmnyuXctjwTE6Ht60z0nlzRVQfvhgRz6I7Yh5jPAnbsziQHs/0ED/jarKXBYt/MGFRMSSkxDNjEM8NskxJ4UBuFhuXxBA5sX371qBQImfHsnRhjPGML2BSym6ytqYyd1qwMblHC2DxI3BiKNNjYomL7n7K+0GUjrAlGXx0eD1L50W0ddGy+Ixn0jQbCbHRg5qFLSx1H1nrXL5XHz8mzXiQyO80g4+Nje9lsDrRRligxWyULVj8xxM2zcbceBthbZcz/Ihbv49tyTbC/C1YJkcwycvJd6Y+wtyoYAJbu7X4+DEpKpZnN2eRtbw/T5YWz9WPY7hfx9wtjl8Aq42NWZm8nGRsz9hc97HdF9YZ6WTlZfBycgyRQeY+LX4EhkYxNzGmffKZlmB+MN9GWFDH+mRWYjoHsjcRN8jnnIkMStM35h0hb77T6S6LxT+YSSHBXboXWrzNF5ocbXeqR749bC1MKHPnRxl1iZcFa0gUCaszyHkjiUkdFuzfuUNg8mbeXmsua7mXsBAgYjmZ761n4exQAq0W8zNasAYFEzkjhoSH7nVJWMeTsPU9tqUY7WDr9xkZE8Hd3d1BczEpfjv57xt1ZKDVAhYLgaE2Fq7OIN/lYc4io8nffPvtt9+6uxCe6PPPP+eee+5xdzFERp2RiC3Fr8jwUPwOryvvphCzvQSsSRywb2KuelTIELqTY2swWifwKSkp6fM6UVHGHV7dERMRERERERlhSsRERERERERGmBIxERERERGREaZZE0VEREQ8wKRnsvjrM+4uhYgMFd0RExERERERGWFKxEREREREREaYEjEREREREZERpkRMRERERERkhCkRExERERERGWFKxEREREREREaYEjEREREREZERpkRMRERERERkhOmBzm52qRQOvQWfngHnN+4uzZ3Bchc8MBuW/AymRLq7NOLJFL/upViWwVD8ehbFu4xGSsTc6FIppC+CtLWwbjv4jHV3ie4MTTegMM/47ncdUYUuA6P4dT/FsgyU4tfzKN5lNFIi5kaH3jIagYQUd5fkzuIztv07P/QWbNrr7hKJJ1L8up9iWQZK8et5FO8yGmmMmBt9egZiE9xdijtXbILxG4gMhOL39qFYlv5S/HouxbuMJkrE3Mj5jbpDuJPPWI0LkIFT/N4+FMvSX4pfz6V4l9FEiZiIiIiIiMgIUyImIiIiIiIywpSIiYiIiIiIjDAlYiIiIiIiIiNMiZiIiIiIiMgIUyImIiIiIiIywpSISVdOdxdAREREAHDAtTp3F0JEhoMSMeng9Avw+FKo7+d6Ze/B6h9CXCQ8/gPIvjhMBRQREblTOOG1H8BrWe4uiKkOXv8hLH/D3QURGR2UiHkSJ7z+fXj859Dcx1VyF0HcY1DVx+UbHH3fdqvmQnhtGzTeBys3QdpymDa5nxsRuRN8ASsiYfV77i6IiAxYE9jfgnUL4PFIiLsfUn8Er++Ga6OkR0l9EWRshKqWru81NEFzkztKJTL6jHF3AaQfLDB5MjR/DteAEJe3in8Ldh9Ythi8W19sgS8qwdsGE4axWMUn4NpE2PM6TLUM445ERETc6TpkLIXsyxAeA4nx4H0Dai5DcQEseH5429uRUnMKcgvBtr7juQbjYeN/AF7uK5vIaKJEzMOE32vcgfqiCUJ8zBcdkJsBp33A9mOIbk2GaqDKAZOnuCRnw6CxFrzHQ5CSMBERGcVO/wqyK2HBm/BiXKc3W+6QBOVO+IwiI0SJmIcJiQDvfLhcCXOmGa8126G0yewucRGiZ5gLXzK6FcyMaF//WiEceAvsl4BAiHka0p4GX5d9NP837FoEpReh0QKRD0PaSxBu7b5MTqD5T/Dk98wXfGDrf4DNAs1fwOGt8IkdvgLCYmDJGrBNbF//9GbIPQuXrxrdIickwL4NcGItHPszfPHf0HgTJkyBhOXgXQTHi6DqOoybAj9+FRLvH+IvWsRdmuCTHZBdAFVNMOF7kLAKEm3ti5T9FvZ/CFVXodEJ3v4QnQBpq2CC60nSVTi8A46fha9uGMtNngILN8GciV133XgKdmRAxV+N5bFCZAz8ZA1MHd++XO5z8LvzcO0G+AZBTAqk/aRjPdJohwO7oeiiEb++QRAeBWnbIcQsY/NlOLAVTpw365o4WPmSy0UmkdvJZTh8EibEw8rOSRhdE5S+HN99aSO7U19kxtdlwA+i42HZP0KI6wXRJvjkDbMuuQ6+E2HBelgWY8T6S5vhixpoHgMhNli8Hua4DCtoroPVke2f7cVPYIE/vP4DuPwU7FvTvmzZe7A/C0qvgm8IPLwEFj/VXie01S1fwFcOYCyEzYKfrIdol7pF5E6jRMzDBNwH41qgqgwwE7HiE9AYCtHXwX4S0sxE7NplaPSCMDMRayyEF18AHoBlG4wTpext0OADG5NddlILX0VB8j8C1XD8d7C6Cv73wfYTqC4mw4vp4AfgDeEW447cjhQ4PQYSn4Ggm3D6fdiwFDb+Hmz+RhZn/wCqQmHxPxqVdmMQeN+EslNQEwHLloK3E04fgowXIGAaLFgK84HTB2F3OoQcg2idvImna4HcZ2H3RZjzFMwPhIp82P1TqD8Ay8zY/vwcFDfA4uchyAtqSiB3P7xmgT0rzW3VweuL4MRNWLAYwgKg/lM4XAilNd0nYg3lxsUc20/gxwHQXA3HP4BVxbD19xBtXowZFwEJNhhngcv5kL3DrANijfcbz8LqZ+GrKZC4EgK8jM+RewoSb5r1yFV4bSnY/SB5DQR9Cb/bDy87Yd9vOiZ1IreD+jPGxc0Fj/ahl0lfju++tJHdaDwFq1dAwzSjnfauguOHYHUl/O/fml0jW4wLJrtLwPYEzL/XiGffQGMbvgEw7VFYEGyUI+89eC0d9v2rS1dEKyz7JYSMMRKxsB7KU/YGrPothMRBWgrU2yF3I1xugJ0/NZZprVvmLIfIAGOIxfHfwYbrsO+fR0d3TpGBUCLmacIhzAIV5ebfTrCfgZBkSL4KG07B5VUQ7gUVZdAcBFPMijd3N3wValTU4RYgGXyrIeN9uJbcXhF6T4NfvwkB5t8P3wtPb4S8M7AypvtiefvDzEfb1wEo2wefNMDKf4XEUOO1BbGw6kk4kAm2Ve3LjrNB8tMuK5sDnsdFQeJisxyhkLICYlYaV/QAHh4PKa+AvdzlTqCIh2ouhMPnYc4W2PiE+eJT4PsYZL8BiUfaY8z7u5D4k/a/AxbB7gK4/LwR/2UZcOw6LPsXWNx6V3yyMe7jVh5OgznmhY0F8+Dnz8L+99qTvDkr25d96FH46mE4dwowE7FjO+DyRNhzBKaa27lcC8cq29crexdON8HKo5BoXoUPb4GfH4aiNbBAV8nlNlNTDc1eMPneWy/bl+O7P22kq9zdcC3EuDgabt4Bm3MvLN8KeWchbRY0n4TD9k51iav7Ic2lJ0kksHwfFF+FEPMijbc3RMZDtOsF2M6TkdTAoX+GcU/Azi1mgvk0hL8AG96F0/8Ac1x608Q80163RPvA8v1gr4HEoFt/pyKjkWZN9DRWCJ8MX5UZE3Y0nwf7dZgTC9EPg28VnC43roZdLgPfqRDmZVSWxZUQMte42tXsNP6LfACohIpeZkAKeNQYd1Zq70c5W+CCHbyjjASqlXcExEyDKrtR/v7wvtco+7Wr7a/5ToFxwFe1/dyYyG2o9CzU+8AC125PPvBQLDRfhGJHz+tG3mfEef1N4+8LduOiyoKIntfpC99ZMH8KVNh7eKyFWSc1NpgzrtZA8SUIj2tPwrpoaS+f7bvt9VHIAzDuJlRcGlyZRUZacwGk/hAOl/fx+B5oG2nGV1h8exIGMOFxiB4DxWeMv0tPd1OX9CIkwrjL19hLHdPt5z4PpU6Yk9DxLrYtAQIcUFzS87rh0caFpJqrPS8jMtrpjpgHioyG5nwjeaopMO5yzZkC3iEw0wr247AsyBhzFZ5idqG4Do3A5d9C3G87bdDLmI6Wnk6axoKfBSqu96+c9Q6jUencxWhcADR/Bo3dTIvbKx/js3SYNtcCYzEHSYt4uMbrgL8Rb67GBRrddRsajMSnO94+RhfeZox4qL8O3lM63qUeqHGBRremr1ogwAnHtkHeSaiqM+OyhfZb6teNhC3gFn2N6h3QXAmLuhnf2dDPk0GRkeB/t3Gs11QDnbv2OuFaLTSbz3/py/E9oDbSbMsDOt8xHgvjfKDUbKd7qkta1Z+Ct/dC8WWod0KAv7Hd/mq8btwlDAjs+Lp3IIzzgq96O2/wAYt5YVjkTqVEzANF2sA3B0o/NbofhCWbYy58YM4sOFEIxffBZWDBA+ZKVqOyD18M6Y913ebkHvp+gzEr41c3wLefXYUCrMZg30Y6NjQN9UZXRl8v4Gb/ttmFZm+SUcTX3zjRanB2vDDyVa0xoN7Prx/b8oHm613jbyC+qgdvP+PEqngbvJ5nTNOddj9YWuDYq3CideGxxv4aGm5RPit4T4StLxsnY678/3aQBRYZBhNsxmQ49kJYZut9nFhfju8BtZH+ZnzVdXr9BnzVBH5mW+7rBzRAw81u2smr8NoLUBMFy16HewKg4Q/w2n6XZbz6doHT199ITus7JVzNtcaFm8jezi1ERF0TPZH3DAgH7Huh6DrEJLa/F50A467C4UxotEJ0uPlGEEROhGvl4D8Npt7f8T/fXhKaqvehuAWiZ/ejkF4w3QbNJXDiC5fXy+HERWOGJg3OFekofBYENBkXU9o0wScnjW5O0T3cDevCy+iq2HwRimr6X44OD3W/DEXlMOEB4+7a5TKjO1XaTyHaBlNndbqQMxHCg6Di4+4fBttavugoY8a4+old66MJff2cIiPpfkiIgqrfweGzvSzXl+O7P23kGPg/rQlZEESHQsVxuOxyJ+nav0HxzfZ2OtwGvg449lE35bsEVTeNsZ4LYmHqDLBFd0wsx1qNuqf+FnenvWdApAVO53SsN+x5UG81vgcR6ZnuiHmiILBFQMafjErwYZfpZr1tMCcIsv8EvnFGBQlGpZ+YDp+shRdTYP4jEGCBxmvgHdNxauzmq8YMbEEWqCk2KvJxsZBs61KSXk1dDg8VGg+/rEkxZ4TKgopA2Jg6NF+FiCeqPw+5nV7zu88YC7Z4BuzeCM3lEB0EFXlw7L9h8ab+dTO0pcLUE5CxDGqSIQgozoH6W13lboEDqXDtEfB1GjFbZoVfLjHeDp8KzXmwYwfETDVO3i7XAXeb63tBQioc2wyvPgsJseBdC5980PFELToNbCdgx0IoTYCwQOMOXo0/pD3Vjw8qMoISt0LxUjj8LFyIhZlTjTtUNef6f3z3qY0cAxO+C6c/guwHIDkGElfBJytg3VJInA/e5uzG3rPhx7OM1XzjIPkQHNgI60rANgWoh8YpsPg+YybEE1shIBkmjIXmP3cs/4QHYNxbcPgX0BBjdE0elwwPde6SGQRLFsOq/bDKCQ9Hm7MmFkL0qo4TdYhIV0rEPJQtBg5cNJ4d0uHkzAIPxUH2foiO6XiFK+BReN0HDuw1Zl2qvwkTQuChB9qXuWcmRNcY7zfehIAgiP4ZLFs+gLEmQbDmIEzYBp9kmM9ImQ0bX+p5Wl6RO0FVIezuNHthyGJ4aAYkvgPe2+B3eWB3wIRpkPZ2/y+EMA1+/Ta8vQuO7TaeYxQdatz99u6t5veCyXfD8b1G16IJUfDLl+Ahc1az6BdhpRPyPjC6Mnn7wLjxEB3RXt9MWAw7gQNZcGCz0UUrPMjoEtW278mw8QgcfgM+OQy5N4yptaOTjRPC4XwIvciATTamlj+2F46dMh4HwRjw/S7YYiHyuy7L3er47ksb6QWJa6B0G+QVGImY71zY+Ta8/U/moyOsEP1jWLbK5S6aBRYfgIDXIa8QMnKM7o62NOOu9YuvQ8ZuOLzR7Brpb9Q1rXejvWfBiz8zZlXOOGM8gyx5fvdfydQ18EaA8RyxjAJj2Yc3wDJdUBG5pb/59ttvv3V3ITzR559/zj333DOobcz7Hpz8y5AVSQZAv8HtZyhiayT24YnHTv37kLIZVv6h++nhr70FqXvhl//ZPsX0ULGvhg2VnZ5TNIQ88fcYjRS/MhL0+w2PkYjf0cjhMPrwlpT0Mk1oJ1FRRr9d3RETERmNyiEjD4JCwM8HGj6DE/8CvrEQM8zP6Lr2ERz/DIKCjIkKrpVAbgFErxueJExERMQTKRETERmFmq9D1Rk4kQ2NTqNbVOQTsGbl4GdRvJXGGriQB1/UQfNNGBcKD6+HxeqqJCIi0kaJmIjIKOQ9C7Z+2L91JvwMCn42+H2H/wT2/GTw2xERERnNNH29iIiIiIjICFMiJiIiIiIiMsKUiImIiIiIiIwwJWIiIiIiIiIjTImYiIiIiIjICFMi5kaWu6DphrtLcedqumH8BiIDofi9fSiWpb8Uv55L8S6jiRIxN3pgNhTmubsUd67CPOM3EBkIxe/tQ7Es/aX49VyKdxlN9BwxN1ryM0hfZPw7NgF8xrq7RHeGphtGRZ6xHXYdcXdpxFMpft1PsSwDpfj1PIp3GY2UiLnRlEijMjn0llGxOL9xd4nuDJa7jKtpu44Yv4HIQCh+3U+xLAOl+PU8incZjZSIudmUSNi0192lEJGBUPyKeC7Fr4i4m8aIiYiIiIiIjDAlYiIiIiIiIiNMiZiIiIiIiMgIUyImIiIiIiIywpSIiYiIiIiIjDAlYiIiIiIiIiNMiZiIiIiIiMgI03PE3OxSqfFAyU/P6IGS7tb6sMglP9PDIqVvFL+jh+L/zqP4HR0Uu+LJlIi50aVSSF8EaWth3XbwGevuEt3Zmm5AYZ7xm+w6ogpdeqf4HV0U/3cWxe/oodgVT6ZEzI0OvWU0Agkp7i6JgNEQt/4Wh96CTXvdXSK5nSl+RxfF/51F8Tt6KHbFk2mMmBt9egZiE9xdCuksNsH4bUR6o/gdnRT/dwbF7+ij2BVPpETMjZzfqDvE7chnrMYLyK0pfkcnxf+dQfE7+ih2xRMpERMRERERERlhSsRERERERERGmBIxERERERGREaZETEREREREZIQpERMRERERERlhSsRERERERERGmBIxERHxeM01UN/k8oITrl11Y4FERERuQYmY9Orybnjyf8InNaNzfyKeouw9WP1DiPsezJsOp50Di5fms5D6fdh9ajhLO8LOQupDkP3n9peOLYPUl6HRneUSGYRjy+DJRVDl8tpQ1QMDMSrrDhE3UyLmab6AFZGwYgc0d/N27iKIWwj1Q7U/JzQ2g7NlqDZoKDsMu/eP3P5Ebgtm/K5+r3+rNRfCa9ug8T5YuQV+uQEiLfB/mgYQL05ovgHNzvYyHf4VnB5ld4+6qx9FBmU42t9e4q9DnA51PdCL+iLI2AhVnbfXue4QkUEb4+4CyMCU7YcdU+GXjw7vfsLXQMEqwGtot3shB44FQxrgPQL7E/FkxSfg2kTY8zpMtbS/HvASFKzpX7x4z4Uj/5/LOmWQnQPJT8GciUNedJFRZ0jb317iL/EoJLr8PZT1QG9qTkFuIdjWQ4jL613qDhEZNN0R81C+PvDJRjj2xQjsbKQrXVXyIh001oL3eAiydPPmQOJFMSYyYCPa/roY8npgIFR3iAwpJWIeKvIZSPSDjHXddB9wdRVe/xE8eT/Mi4RFP4LDRcZbjR/A49+DDHvHVeyrYd4PoawFrr0FcZFwuqnjNg+/AIu+b7z3+P+EFcs6dq3Ifc54f14kPP4QvL6/61iN5kKzn/v3IO4xox98t/trMhq95T+AuPshdSHkupa5BY6thhWPwOPm53zyEcjIU/ckuc318dh1As1/gifNeJk3HexOqNrdMV4aT8GGhbDoB8brcd+HFS9AcZ3Lxs5DaiTsLupYjgM/Mrf9PXitoP2tst/C6oeM7S16rL3+6JbTiNVUc/9PPgSv57m83wSfbIbl/9N8/xE4YG7v8vuw4Ul4crr5PfzIqIMAmr+AA8/BoukQN934TPZR1pVSPEef29++Hrs9xN+xZR27Ova1HgCzy+PPzf3eD6lPwmlzDFnZ7vYYjfsBrPsVVDV1LFJzHayONPcTCcdqeqg7WsetPWLG9ALIeL9je1/2W1j9mBHbrecMG3bANdfv7ioc+Gl7eRc9BrmX+/JriHg2dU30VP6Qth1Kl8KOfbDnZz0s5weTZ0BYMng7wX4IDrwAAcdgwSwI94KLdsBmLt8CxechwAZhXvBV5+3VweuL4MRNWLAYwgKg/lM4XAilNe1dK8ZFQIINxlngcj5k7wAmw4ux7ZvyngZrUs2uiX4wgW721wK5z8LuizDnKZgfCBX5sPunUH8Als0AbkLZKagJh8Up4N0CXxyH7JeBQEibNTRfuciQ68+xOxleTAc/jP684RZo6LS5hnKwX4Q5yyEyAJo/h+O/gw3XYd8/GzHWLS94KB1iJhr/DooyXi7bBqveg8hkWDkNKrLhwM/B+/eQHN51M5f3wo4PYM5PYNm90HAVmoPMN1uMCzS7S8D2BMy/F5qrwTfQXLfQOFFMToPJftDohCAvoAZ2pMDpMZD4DATdhNPvw4alsPH3YPMf7I8g0k99bX/7euz2EH/d6kM9QA28lgKngQVPw2Qr1FfBOHN/Y4NhTioE/Q9oLIHsbHjVG/atdxkqYIVlv4SQMUaZwvyNZKmzsjdg1W8hJA7SUqDeDrkb4XID7Pypsczn56C4ARY/b8R0TQnk7ofXLLBnpbFM7lrIvgrJqyDcH74qgwmKbbkDKBHzYN4z4MWn4ef74PBcWBzRzUJWSF7f/ufDUyB1GdjtsCABbFPgwBmoXwkBAJeguBaiYzqO3WpVlgHHrsOyf3HZ32SjP7mrOSvb//3Qo/DVw3DuFOCSiDEB5jza/X5aNRfC4fMwZwtsfMJ88SnwfQyy34DEI2a5gXEPQPLT5h9PQMP/ghP5SsTk9teXY9fbH2Y+2n68QzcnYKaYZ2COj/HvaB9Yvh/sNZAY1MMKQMgcmONah9TAofdhXDJs/bUZp7FG2Y4f7VivtPriIhAOy1Z2TfqaT8Jhe6dY7sR7IiT/tONnLNsHnzTAyn+FxFDjtQWxsOpJOJAJtlU9fyaR4dKX9rc/x26X+Otpv32oB8reNfab9q+QHNp1GyFPwLLWP5LB9yq8fta4uxdudj309obIeIjurStiDRz6Zxj3BOzcAr4AT0P4C7DhXTj9DzDHam7vu5D4k/ZyByyC3QVw+XkIvwkVl2HC47BssbnAMI9/F7ldqGuihwtfCcmTIfsVqOrDTEbeETDZCxrNmtsWC/wFzpldl66dgioLxMzpfv0LduNO1oI+NBhtrBA+2dhnf7sKlp6Feh9YEOfyvHDU2gAAIABJREFUog88FAvNF6HY0cOK/uY+azR9tXiYIT52w6ONk5+afnblaz4PpU6wPWzOluaEZh+I/Fu4Vt79zHBhDwAX4fWNUNZpKu3S093E8q20mHVOFDzsckLpHQEx06DKDtf697FEhkyv7a+7jt0WuHDW2O+CbpKw7twTDt6O/tc3rXXEnAQzCTPZEiDAAcUlPa8beZ+RyNXfBCwwdRpUfQCvvwfXmnpeT2S00R0xT2eBxa+CfSnsfh8650/NlXB4G3xSAtcc4OtvVNThN433Q2IhbC/YT8KCZDh9ErxnQ7S1m321QP118J7S8WpcF01wbBvknYSqOiNx8m6hl35RPWu8bpyY+nUanDwuELxvQkOD8R10x3eseQLZ/92KuNWQHrs+Roj0d8rpxuvG/nN/Crmd3vOOMK7Cd64HQpbD1jGwPxNWZEP4PEj7JUQH9RzLt1LvMPbn2+n1cQHQ/Bk06lEX4i63aH/ddez2tN9WZfth/1G4fNVIvgLGQnNvXVN60Hgdmr0gILDj696BMM4Lvrre87rePsZwidY6bsFOaN4Bv/snOLbbGIqQthIm9LO+EPE0SsRGAe8ZkJYM694C/odxsgNG4pS9ArKdsPgliAwBamH/apeVwyEmAg4XQP0DUFQOtmd6rsB9faD5ulF597RM8TZjgP6C5yHtfrC0wLFX4YRrmTHGx9yKrz9wHRqcxgllq69qoXkM+Pndehsi0ovWrkedTgp9zdha8GtY8Hcd3/u/fHq4ruIF0T+FPf8PlP0O3noDNqyGfUfM7TVAw83+zbwWYDUmDuhc5zTUG920fDWLm7hRj+1vX4/dHuJvMHytPbfTjR/Br3ZAUDKseRjGjYVL78Jul4eh49W38vj6GxdZ6zslXM218FULRPZnjJc/JG6BxFXwSQa8vR9e9YJ96noso5y6Jo4S0f8ID3tDset0ujfgchWEJcHiJyB6BkTPgnGd1n040ehikP0uVPjDgrk97MTL6E7QfBGKanpYBrhcZnSLSPspRNtg6iyY3KlC9rUaSWGXyTk6CZ8FAU1wwnUMWhN8ctLoItntnTsR6TurMfC/prbjy97REOkFl6sh7H6Y6vJfeHjvYzuxwNTFkJ4MjRehwgnhNvB1wLGP+lE2L5hug+YSOOFat5XDiYsQYuuYEDa7nDy2XuzRHXEZbt22v309dnuIvwHzgugoo00/Udn17Wt/NroIL/klzImBqTOMi7Su8TzWarSz9T11/Td5zzAeKH06p2Oc2fOg3mqUo9/Gw0PrIXkaVP2pnw/HFvFAuiM2WliNAfLnfuXSz3sshIeAPQsyfCAy0EjOajpdJQt4FGy7IfsDCFkM0b10BbClwtQTkLEMapIhCCjOgXqXE6DwqdCcBzt2QMxUo4K/XAfc3b5M5P3Ab42xJHPuhfrPYM76rlfvfGNh8QzYvRGay40uThV5cOy/YfGmW3SRFJFbi4CpY6FoBwRVGclSYwQsjoXFybBuP6z6AmKiwHeMEavhz4NtfNdNFb8FxWMgZKJxJ7uoELwnw2QL+MZB8iE4sBHWlRgTBVEPjVNgcS/jxqYuh4cKIWMp1KSYM89lQUUgbEw1Fwo2bkTY94E9EGzhMC4YmgvgwGFjAgDVFTJsumt/+3rs9hJ/AxWdBrZTxn4rnoCpd0NjNYxLAlsE+DbBgZfhqxjwGwNVlR0TqQkPwLi34PAvoCHGmN10XDI81HlHQbBkMazaD6uc8HC0OWtiIUSvap+o45ZaIPcVaJ5qzJTY8Bl8ctmYBERxK6OdErFRJCAJkrPhQOsLXpC8Cxo3w4l/Mroo+lphXKjZTbGVPyQ+DKfzYP7CW+xkGvz6bXh7l9GPu9EC0aFGFwtv82iKfhFWOiHvA3htv9EXfNx4iI5ov+oWkgZpX8Dv8mC3E0KmQfSNbro7ekHiO+C9zVjW7oAJ0yDtbUi2dV5YRPrNCs+9Bo3b4PAOo8uU7XnjregN8EawMZ7kcKHRHXjC92BCD+PNmuvh9EeQfd3oShwSBb9cDyGY42kOQMDrkFcIGTnmvtJuUb4gWHMQJmwzuix9BYTNho0vuUz/PRl+thx2HIZjZUYiZlsOiZ/BiSxIeAoC1IVRhlGX9pc+Hru9xN+ATYaNB+HwG/DJYTjmhICJkDwffBNg41XYnw27PzLi0nc8TI1uT3q8Z8GLPzOeB5ZxBnzNdbszdQ28EQD7syCjwFj24Q2w7Kl+lNdpTE50vMCYqMPXHyIfhRf/cZDfg4gH+Jtvv/32W3cXwhN9/vnn3HPPPYPaxrzvwcm/DFmR3Kb+fUjZDCv/AAu6uUruiUbLb+OJhiK2RmIfOkZGL/22A6f4FXfS7zo4IxG/o5HDYfTjLSnpZarQTqKijL67uiMm/VMOGXkQFAJ+PkYXghP/YnQhjBklSZiIiIiIyHBTIib90nwdqs7AiWxodIJvIEQ+AWtW9jyLooiIiIiIdKRETPrFexZs/dDdpRARERER8Wyavl5ERERERGSEKRETEREREREZYUrERERERERERpgSMRERERERkRGmRExERERERGSEKRFzI8td0HTD3aWQzppuGL+NSG8Uv6OT4v/OoPgdfRS74omUiLnRA7OhMM/dpZDOCvOM30akN4rf0Unxf2dQ/I4+il3xRHqOmBst+RmkLzL+HZsAPmPdXaI7W9MNoyLP2A67jri7NHK7U/yOLor/O4vid/RQ7IonUyLmRlMijUrj0FtGBeL8xt0lurNZ7jKupu06Yvw2Ir1R/I4uiv87i+J39FDsiidTIuZmUyJh0153l0JEBkLxK+K5FL8i4m4aIyYiIiIiIjLClIiJiIiIiIiMMCViIiIiIiIiI0yJmIiIiIiIyAhTIiYiIiIiIjLClIiJiIiIiIiMMCViIiIiIiIiI0zPEXOzS6XGAyU/PaMHSkrftT7AcsnP9ABLd1L8jl6KsdFP8Sso1sXNlIi50aVSSF8EaWth3XbwGevuEomnaLoBhXnG8bPriBoPd1D8jm6KsdFN8SutFOviTkrE3OjQW0YjkJDi7pKIp/EZ237cHHoLNu11d4nuPIrf0U0xNropfqWVYl3cSWPE3OjTMxCb4O5SiCeLTTCOIxl5it87g2JsdFL8SmeKdXEHJWJu5PxG3SFkcHzGamyDuyh+7wyKsdFJ8SudKdbFHZSIiYiIiIiIjDAlYiIiIiIiIiNMiZiIiIiIiMgIUyImIiIiIiIywpSIiYiIiIiIjDAlYiIiIiIiIiNMiZgMnxZ3F0DEQzk9dNsiIsNB5xMySikRk2HRXAhPTofsSneXRMSznP45xC2F+mHYdvZCePzlYdiwiMhwqIMN34d12cafzWch9fuw+5S7CyYyNMa4uwDSTzWw4Umw10Hz/8/e/UdHWd75/3/6CZ3YZMhuEqmZgydjKUMloYeMcjqtNDlVSDcGNSmL6QrRlVgh9Ue0IK2oK2JFtAG2xqLBFfwVZA1Kk081cL4B+W5y4Jjz1Yb9SGK/DPo1HDnJrjDZJZO0mSX1+8d1pzMJ+TEJOJMJr8c5Hsk9949r7rmv67rf131d1w3Y4iF1OmRcC/nLwT092gm0BMB/NtqJEJl42uthxzZo9po8kuqEjOugZA04gK7ur+jAfRDo+or2PYJAPSz/JbT3mL9tSeD8Jrh/BAW3giNh6O28e6D6TWj+I/gBx1WQvRSKCsAeumIfVC6Amsvh5TfNORzMvw/ueAAyn4H1BV/Ft5SLSg80vQI170BLGwSmgGMGZF4Hy1aCIz683fgaoPog3PAoOOO+6kTHqLPg7wZb/9+9EOiGgJ7syyShQCzWBOB0Jzjy4BaPqRA6jkHjHli9B4qegdLcaCdSRIYSaICHH4DTTsi/E9IuhY7/1wRlk1WgE073QPYK8DhMMHiiGfZvgZo3YU0lLJgRskEfHFgN5fsgdQ4svBNSzoK3Eap/CY2HYfMzkNK//llTJgY6YHcDlOUMSkAf1Gw1Txj9nZH73jJJdULl7VDtBVcOFN4Itm7o8ELzPsi/Z+jGgKF0HISaevA8Cs6vONmThe062Pl/AAWuMkkoEItRKVmQf2vw75KfQ+Vd5kYl7dtQmB7N1InIUJproS0eHtkJC5KjnZoIigPXDZA/O7io5ENYdxeU3w/pb4HLeorQ/go8uw8y74aNZSEt4aug+UlYWwXlWbCxv/w7Bb6z5hj7t0NxTkiQBgTeg71esMWB/4tIfWGZrBofM13u838DD+YN+rBPAUJE6BzLJKIxYpNFGpQ+Ca5e2P1ycLF3l+nKuORquD4TlvwYWq1Br74G2LQEbp4LN/8A1j0NbaGP+09CZQks/wHkZULe1bCyBOqOnnv4tlpYmw83Z8LNP4TyatN1MlTgBOz4GSy72uzr3geg6aT1YQeszoSVFSEb9MKm78K9z4cs64ENV8PKcvNn64uw+ibz/fIyre9RDu0jDOw9Z5sfQkUVNFbA6h+FLBviO7S+CKsXmHWW3QRVDSEf9kHdarj3R+acXp8JS34ElbUh+zkFazNh9SsD91t1E+Q9MHyaZXLw95jmL9soXZcC/x889iMrPw11TZ+ETT+GJdZ1tuzHg65FzLVWvRqWfRfy5pq8+/4QT4RGKgcCtXDzVVBxOGSDD2F5JlQ2hSw7DMsyoWJwGkZgvwYevAfwQvV+a2Ev7H4dAi4ouyckCLO410DhdGh6Gbz956PTdF1cUAC2D6Dm3wduU/cKnJ4LC2eYJ2ci4+aFqvfAcSOUDQ7CODdACHhNHbpkLuR9F1Y/Bm09g9Y5Zeq+668yebmu49zdtq6HvB9Ac2gZsM/UQ1X9T9N74cB6WP59s3zJAthUO2g/I9VfHVD1AKz8oVXffxc27BniO54YdF8wF1b+DBrroXKFVb9by5pPjf18+P8dKpaFrLMeBpwSq/wJLWtaK4LfO+/7sHaI/YpMVHoiNpnMgWwn7GgyNymuOPDWQ2MHFJVC+lTw90JaHPgPwup7oWsOFP0cbG2w93VY/Sk896LVtaIDmprAlgel3wHOQNMe2LQMfK9B8VxzWF8trP4lxF8DRUVg95mukgN0QPlSaJwChT+FtLPQuAvW3Q7r3wLPNHA7oeqIuamyYyq9lm5oD132MRzvBbfH7Paz96G5C4rvMd+r4wjUbIcN8fDbsqFP01+3KYO0KXDi91D9JNSlQf7NkJ0Cx9+BmvWQkgHFc8x2rU/DqlcgswjK5sDxathxH9jegiKX6SLVehA6XFC8FGx9cGIvVD8MTIPSa7+qH15iRYYH7Aeh8gGwrxthTGcczMqDhd8AfzNUD76mp0L6NTCzCGy90PQ67HgAUuogP83clO1YDlUnYUERZKZBRxPUDQpERi0HPKYcOXYUsK7f9iMmKPQeBTzBZafjwZ01tvPhWASZW6D5ELDI5PnmL2Dm4mHGzMRDznVQvQuaT4Ir3ZRLfsDx9+A4AnWvQfFmK4g7CnuPwMLNkLEL9ndaY2vHlkwRAHyHoK0P8heFcQ2dhA23Q9NUKFoDaf8Ju7fDw72w7ZmQcY5JUPIIOKeYfD9znE/KvVuhfA9k3wkl34KukxBIC34+av11Eg7UW/W9G2w9ED97iAN9Ye4LEm+E0iygHfa+CusOgisXCspMfb/3ddiwHl55zvqu4ZyPT2HdcmhJhsKVpn5u2WsC0JE6+SReAdnLIe1vwX8EqqvhcRtse1R5XSY+BWKTSRw4rgCOBLvqANimQ9GKgd11qiqg3QnPvRbsEpT9LVi5EWoPDwwaMgug0Bp3UbgUNhRC9RbIfxVSrPEX/tmw+bXgzVP+t+HmXwT30boNDnRB2e+g0BoPkp8Lq5bAjpfBswoy55mB/S294IkH3wfmhi/wEXh7wR0P7R9CezyUhNzw2S6HwjuD3y9lGVTsA+895iZyKLbLofAOa5tF0P5DOLEIylZZK1wP7TfA+w1WINYBr++C1CLY+IRVuOdC19/B3jeh6NHgvlPnQdEd1h+LzTr731EgJuC4Dda0wbO7zNNXV45pJFkwd+B6tnQoXmVdn8Vg7xh0TScNvOYWzoLlJeYGKb/ATE5R4x3Ufeo2sN8E1SHHqRmtHPBYDSQfgH+FuVlq/cAEM94PwH+nWdb8ATAbMpPGeEKmgSMRWjqsxpZ2ON0HM781/CZpV5pGDl87kG6NQQPs02DhUqjZAvs7TEDa9Dq0TYcHc6HjXcBnjpMy/O5FhtXxOQTiIH2E67Nf60vQ2ANlbwaHCrj64L4qaFgD+ZeZZTYbZN4I7vPsbnfiKOCCkrIhxqiNof4Kre9HMmtRcL3MAKzcBUUbYIFVBjg7Ye3BYH0ezvlofgmagQdfg3yrkarwZvAtGDktzsVQ0v9HEdhPwqbDJmge7h5AZKJQ18SLUQc0H4OZNwZvvgAcN4N7itU6PZzL4Md5ptWppcfsq+UkzMwdYdanPvhDE9iyTPegfrbZkDMH2pqgHcjMhpQz0PJH83lzEzhyIaMnOJlB8/tA1sg3fJnfMenyhTtrYxI4L4fTJ0OWTQdnEnRaY0oCH1oVykJr1qZeCCRA5jeh/eMRphpPNq32futGUy5ycZC9Dt74v+DB20w3mw0/gdXlI18fo13TttmQHgd+a1ZEbxP4kyD7uhF2Gk45EAdXXwtYjSH0QstHkJ03cFnrUZg5PzoBTuCM+b89AVJuhpx4qKs2XTPr6iFzqbkZsyWYp2dRmDhSLgKBfbD8h1D1cUidNwc8l1v1RS8450HqWTh+7MIff+Y88wR403poHdS9cdz1V5ics8B2Ftr/I7gsfZaZxOR0V5jnow+aj5j7hJzznP35ShfYzqjOldigJ2KTSR+0fW6CpZSRfllrTEXKZYOWJ0JqArSMMo4i+Rum0D19Jtgt6Jx9DeI7Y24W7YOWp6ZA4BPw95luUJnx8IdDUHKVKZTdT0HKZ/D+YSiZYZZl3jPyDZ8twXTXGjy+a1hxYEu0KoeQbku2eOi1xsr4rS5NNSugZvDxZpubu+HSZE+0Kr9w0yOTni0d8h+C/Luh5gGo2A5VOeYJ1JDrD7qmA59C1dNw4Ai0nwF7ssn/LitQ83eZ7otTL0A5MDMHUndB01ErQOuB4pWmW2PzH8HdDc3dsCCMVvRzdEB7N9jTrLLBAalx0P7JCJt8Zp5KpFjN/l1WZBWfACSYbmOraqEOaJoCjyw2n09NMGNMuzWhgoxT8jfM09iOz01j3QC90P4FBKxM6jtj8umyuefup+vMhU+bcyVsnALbX4Z7q8F1PZQ+Au6086u/wmFLMPVm6JTyU63XUgSsMimc8+Ef5j5hNK3bYfub4D1plWmJEFCfRIkRCsQmk6PQ1GbGSoz4TpJkU9B1DRpIS7eZZnrqKH3U/T7z3pSp1lMpO+AbYoBxqJQkMyj5r2O9LF0+sCWD3epulTMPyg9Be5bpF17qgVQPVB2Cdhc090JRFKbnt081/89/wnS7DPW1hPCnK8ZmKqwuDSQWzDVfuAb2LoGjHwbHXI2oD6rvhepeKH4IMp1m3Mb21cFV7Mkm0Drda4KTIYVZDtjmgTsJmv8NvFPg9HfAPQtOz4AD/wbf64HTafC9ocaTjKJ9H7T0QfZ8a4EL3MlQdxDa7hmiHOuFhgZzE9w/vs7vN2PH7Na6GT+BmbtMcJtaAB6rnPpavAnE9PohGS+HBxxx0FQPJZ6Rxx/Zk8ywgI0Pw+C5eZK/af0jzpppcRRfi4dAjxXUDFe3x4F7Bfz2H6F1Nzy/Bdathm07IfVC1V/nIZzz0X+f4BtDYOh/Fx4rh7QiWLMQUhPh2EtQ8dGF/gYiXw11TZwsTkHlo+CNh1vuGGWAahq4Z8DxvVbXIkv7/4bms+CeP8K2PXDgPbBdBRkJwX1534Hm4Vr54uBqDwSOwP4TIcs/hv1HwekJVgSehWA7Cjt2Qdc14E6wWuSPmGX+2ZAdhan5bW7IjAPv5zBzLmSE/OdyjWFAcCI4psGJD86/O4jEoCFuugJfmCfC8WG+BJZu8LbBzL+H4sXgvgbc10JqyCquayGlB+qGmvWsX7jlQAJk50DbPqiuN+PaUuLMMdvq4XfvgeM6yBjjUyb/h7Bpqwm+ihZaC+Oh4HZTNlRsPfcpcnM51JwAz/Lg2I//6YJAPNj6mxVdkD/P3LTecGvIE27riZheNC/jNhcKsqBtN1QdHmG9ODNxTeAE+KYPrC8y5oLDahxITDLXpG+UJ2QOp3ki3jzEjMXniIeMYri/CPxHzeRWF6z+Gq9wzkf/fcIHUPdx+Ltu/wh8CXDbI6acyrjGNE7pgZjECj0Ri1G+I1C3y7QQdxyDpn3gBQqfCk6GMZLCVXDgXlh7OxTeALbPYe9usM2HW0InleiDuvVAAaQnmpu2upNQuDYYPBWugQM/g3X/AIWFkJYAvqaBN1EZK2FBvXkRZsdSa9bEN+D4NFi/PLiePRfcT5vZm7Kfsp6eecAzFWoazPTVkWi9O0c6FBfB2u2w6gTkZIF9Cvg+Adc94Bmla+ZfxcGCRWZmx8dWw0K3qWBbTgFhDACX2FZ3F9QCnizT+uv/HN5/F9qTYNlQ02EPJRFcTmh6AyoTIHOaCc46Qp4223Oh2AMVG2F1K2RnmBu+wdNJh1sOuBdBai0ciAu+MN51AzhfgQNA8U2jpLkPvHuh7oh5oXNHM+xvAH8alD07cIya805Y8xGUPw/LD8GC+eZ7eRug8aiZaXFNyDsUe3vNzWdoHLtwHUxtA3fIUzpbopnZNGCtLzIehRuh+Xaougv+kAvfyzDXZ8f7A+s8dyl49kP5T6ClAGZOMxPLdCRDqXX9OuZB6vNQ9UvoyoHA52ZCjQWD6nB7Lnj+GWpWm8ko0pPMbKqhmp+H5ingnG6ehjfUmy7Q6fEXsP46D+Gcj/77hB0l0LEYMq6AQBt0jDBromM22Htgx8NwOsd0x277VEMBJHYoEIs1NkhNhtZ9sGmfGceUOh0yFkPp8hGmwx7Efh1sfgFe+GeoLjddpNy3QMmqQYFOHDidcKzaTH2dOsNMDV0SMgmAPQc274AdFVC31UwoYE+CjPlmwgswre9rXgPH03Cg0sxyNnM+rH8IPKFdIZMh/zpoPGimqQZz05SdAzXvmiAmWtzrYMsVpi96Vb3pnum4Chxj7OvkWgWP9EFVLVS+a544OKZD9hin/pbY48qF9HfgQFVwbFf6PFhfBtnhDlCPg6Jnwf8k7P9n00XRnmTyZqYzuE7hC5BaAW/ug8o9Jh+lToccd3BX4ZYDtvkmfTWXhTyRnm1el9EWd+6sj6FsyWbMWeOL0Gg9mXK4IOd+KCgG5+Cuk3Gw4DlI3wXVb0Pddmt6ehcUPWG9IiNk9UCPKRe/FnrMGZA96Ga2/4ljV5f5niLjkm5euVK31XShrao3d1L2y8GTC5mXh6y3E6q2mPxe021m9nQXBcci266FB++Gyl1QeQjs06HohiGOeRms+ReofMoc1w+kTIPM+eCy6s+ADxrfhepOU6c4s+CRR6G/SLhQ9dd5nbdRzgdp8Mib4CyHA7uh7gzYksA513SHHoq9ANafhO3VUPGu1U35Mshwa3ZUiQ2XfPnll19GOxGx6LPPPuPKK688r31cfxW898cLlqQL70NYfju4X4Cy8QzEl4iY8NfRGF2IvBWJY0y28y7D028dPuVfiWUX+3URifw7GZ05Y/oXHzlyJOxtsrJM67vGiImIiIiIiESYAjEREREREZEI0xgxGd418HJLtBMhIiIiIjL56ImYiIiIiIhIhCkQExERERERiTAFYiIiIiIiIhGmQExERERERCTCFIiJiIiIiIhEmAKxKIq/FHq6o50KiWU93eY6kshT/r04KI9NTsq/MpjyukSDArEomjcf6mujnQqJZfW15jqSyFP+vTgoj01Oyr8ymPK6RIPeIxZFt90N9y8z/84tgITEaKdIYkVPt6k0Kn8Nz+6MdmouTsq/k5vy2OSm/Cv9lNclmhSIRdGsTJPpX3/eFAC9f452iiRWxF9qWu6e3WmuI4k85d/JTXlsclP+lX7K6xJNCsSibFYm/GprtFMhIuOh/CsSu5R/RSTaNEZMREREREQkwhSIiYiIiIiIRJgCMRERERERkQhTICYiIiIiIhJhCsREREREREQiTIGYiIiIiIhIhCkQExERERERiTC9RyzKjrWYF0p+cEgvlJyo+l/2eNvdetmjDKT8Oz6j5Smd1/CobDo/us4uPsozMtEoEIuiYy1w/zIo/QWs/TUkJEY7RTKUnm6orzW/1bM7VXiLofw7fiPlKZ3X8KlsGj9dZxcn5RmZaBSIRdHrz5tKoGBptFMiI0lIDP5Grz8Pv9oa7RTJRKD8O34j5Smd1/CpbBo/XWcXJ+UZmWg0RiyKPjgEuQXRToWEK7fA/GYiKP9eEEPlKZ3XsVPZNHa6zi5uyjMyUSgQi6LeP6s7RCxJSNQ4AglS/j1/Q+UpndexU9k0drrOLm7KMzJRKBATERERERGJMAViIiIiIiIiEaZATEREREREJMIUiImIiIiIiESYAjEREREREZEIUyAmIiIiIiISYQrEREQmsUAneD+GQLQTIiIjCnSAryfy24pI9CgQExGZxPavhvseB/8wnwcOw/LvQsXBCCdMRIIOw/IFUP3R6Kuek2fHsK2ITCwKxGJQ431w/XfhwKlhVjgJa6+GJQ9HOGEiEp4eaKqA1flwcybkXQ3LfwKVu4YPmL4yvRDohkBvpA98YfmrIe8quH6I/zbsi3bqZLKIZP3bWgUV24f4YJLkWRGBKdFOgIzdaR9wBqpfhgVrzv289SVo6gFbp+mOZItGIkVkaJ1QeTtUe8GVA4U3gv3PcOJDaGyA4lsjmxzbdbDz/wBxkT3uVyX7TvA4Bi5zfCdaqZHJJpL17x/ehroroHTQfiZbnhW5mCkQizV94Os0BbB3DzSuhOykkM9PwZu1VgHtM63rKVFMrogM1PgYVH8Khc9BWe6gD/uilKjJckMXB64bIX92tBMik9JEqn981pnuAAAgAElEQVQnS54Vucipa2IM8neCMw88vVCze+Bnba9B0xQozAW64HTojV0PHFgPK78PeXNNV6iapoHbV/0Y8u4bOLC/+THI+yG0WvvyN8GGHwe7VK38R2gN6SIR8EJlCSyZC3nfhdWPQdsog4hbX4HVP4K8TFiSP7CLVvMvTVeQxtB99EHlArh5dTCtrS/C6gVmH8tugqqGgcdofNLqCjbX+v6PaQIDiTAvVL0HjgIoHRyEMfDmKnACdvwMll1t8tm9D0DTyUHrh5GnB/PVwrJMWLfLWvAhLM+EitD8cgbqHoPl1n5XlkDjiZDPe81xl3/fyrMLYFPtmM9GZHVA1QOw8ocmzXnfhQ17zEc1P4Nl34XrM+HmBbBp+8Auoq0vwuqbYMnVZtubfwgVVdBYESy3bv4hVFSfW6aMVi55q4Kf3/x9WP1kFLqnStjGVf/uM/Vl1cchK3fA2kxYWzXy8QL1wS63eTdBG8Pk2UFaK4L5M+/7sHZQPew/COt+Asu+H8wP9z4AzYO7XJ40+WbZd61r9Adwbwk09pdFYX630dIT1rEIo2wSiTF6IhZrzkJXD6RkQGE8rHsDWoshI97clNXuAcfNcEMS1DWFVOh9UHMXVByF7Fvhhmlw/B2oWAG+HVByTZjH74Rn74Pmb0LJryAVaPsckuOtz0/ChtuhaSoUrYG0/4Td2+HhXtj2DNiH2GXrFlj1oqncSpeCrwlq1oO3CzavgMwcsL8DLR9BtsfaqA2OdoB7vumy0fo0rHoFMougbA4cr4Yd94HtLShymRvHpj3QNgOKf27S4U9Tt02JLN8haOuD/BtHufY6oHwpNE6Bwp9C2llo3AXrbof1b4EneXx5OvAhPPYY2G+DNcN1geyD6rug0gv5d8AtSdD4Emz4KWz5vSlrvFuhfI/pBljyLeg6CYG0C3SSzpO/E3whN5M2G9iTTNl0oB5seVDqBlsPxFtPzlJnQ4EHUuPB+w5UlwPp8KAVLH/2PjR3QXEZpE2BE7+H6iehLg3yb4bsFHPua9absrl4jtlutHIp0ACPb4TkG2FNjilf22xDl5MyAYy3/j0PtjmwZrlVXkwFx+ibAJB4BWQvh7S/Bf8RqK6Gx22w7VGzr66PoekoZK+EzBQIfAZ7d8O6Ttj2qnWcU7BpGew/C/nFMDMFfB9AVT20dED29PC/x2jpCetYYZRNIrFGgVis6QTfWbBPBc9t4KyFuoOQkQf+d2B/F5TcDqnvmYrBf9a0sgfqoepDyH4K1i+29nUr2G+C6i1QuDPMLhQn4Hg3fO+nVqsfkB3ycetL5slV2ZtQmG6WufrgvipoWAP5lw3aXwe8/iqkLobNT1k3IHeA6wFY9xI0/oMJvjKnQHMDYAVivgY4Diy81trHLkgtgo1PWIV6LnT9Hex9E4oeDR4u1QNFd4z35Iucn47PIRAH6c6R12vdBge6oOx3UDjDLMvPhVVLYMfL4Fk19jzd64Xye6HzOnhuzfA3+/59UP3vsOAZeLDALFs4A5b/DOoaICMXThwFXFBSFv6NYUT0QXUJVIcssnngrVeD3zezAApzBm6WXRb894JFcHohvH/QlCN/3c/lUHiHdU4XQfsP4cQiKFtlrXA9tN8A7zdYgVgY5dLpP8JpYNlDsCD5qzopcsGMs/49Lw7IXjT2RkPnYijp/6MI7Cdh02HTEOQKSVPOTyE7wfzbnQArt0NTBxSmQWsl1HVCyb9CcX9333SoqR/71xgtPeEcK5yySSTWqGtirOmCXsCWBFituA27wNcHddVADixMt1qAz0JXl9ms5TD4EiA/L2RfCbAgFwJHoflMmMf/JmQmw/5yqK4Hf2jXxz74Q5NpwfNcbmZ0CvSCcx6knoXjx87dXeBDaOmF7IKBN4aeAkg5A81HgMsgOwvaDlvdMjA3O2RBTlpwH56F1mxSvRBIgMxvQvvH4BvzSRaJov58lGVuMvrZZkPOHGhrgvYx5unAKdh0F3hnwFPPQMoIN4feQ2a/OTnBPEwWzJwCXmt67JnzgKOwaT20dnwF5+A8LHgUNr8Q/G/jCEHnkJLAlQ7+rhG6LieB83I4Hdplajo4k6DzC/NnOOVS6jUmkN25GhqPjv87S4SMs/6dCK50ge3MyE/pXG7T0NBhXdf99flXMeZycHrCOVY4ZZNIrNETsVjTA93AVKsFa+GtsOMBqHsbDnwMC1dZNx0JpgXNb/XB9ncCyTB10KP71Glg668wkqxWt7MjHD8Jyv4F7E9D1X2wIw0Ky6BksdnWdwYCn8Kyuedu2jVEsOfvNE8IUqYNXG6bBqlxcLrT/P29PKh4Epo+BWcyNB2BzDJTafis2alqVkDNoP3bZkOXJiyRCSLZAbY+82SMEbr1+M6Ya3dwAJGaAoFPTANIuHkaTEu+txemzho9jf4uU86s+/65nzmsG0vnStg4Bba/DPdWg+t6KH0E3NHunhgHzmvAPZYbxx6oexpq34O2U1bZ2cfIj/riwJZo3QyGzGhni4dea7ysP5xy6Rp4ajNUVsC6JZAyB4r/CQqHKD9lAhhn/RuNiTVat8P2N8F70po0JBECoz1WS4B4rADHmpjENmuU+jPM7zZiesI8Vjhlk0isUSAWa7pNBW6zbr5sObAwDao2ADPg8f4xVPFWRWAFP/ZkczPW1WsK236nv4DAFJg61VoQZwq6kabdtc2G0leh2As1G6HqYQhcBmXzTUugbTpsfNgU6KGSv3nuvuzJ5qbH1zlweeALM9A50+quk5ILnnJo2A8L/xaa+6DUehJgt9Ke/wTkf3vgfr6WMMG6TslFzTEPHHHQtA9KPMPnsZQk8xTLz8BgrMsHtmSwx40hTwM2Fzx9O5T/Ah5+EJ57bvgbHvtUq8HlOZh16cDPvtbftTgO3Cvgt/8Irbvh+S2wbjVs2xl7+a35aTPRSP49UDoX4vug7nHYf577DbdccuTB+jxoPwg7NkLFXTC1DhYM7sYt0TfO+pcpgwKzMI3aMDoM/7vwWDmkFcGahZCaCMdegooxPjWyJ0Cg89xyaIAwvls46QnnWGGVTSIxRl0TY023FSQlWn/Hww1/b7q+ZP49OPtbp/pbtrrNn65rIaUH9of27e6BA++Z7gBuq+Xc6YTAMWgJo8Kwu6D4N+CJg5Yj1s1ZlpntzTcdMuYO/M+RdO4+bNdAZjw0vj2wG1BTLfiSzP7AdE9cmAPHfw/VtcC1plsigM0NmXHg/RxmDjqmy6UJOWQCmQsFWdC2B6oOD7NOHFztgcAR2B86G9jHsP8oOD3mJj7cPN0vbRE8tQ6oh8cqhu925/KAvRtO9J6bh12Dn+LFQ0Yx3F8E/qNwPAZfMOttNd1AS1eA2wMZ10L6BRivNdZyyXEdrFkLKd3g/eT8jy9fgXHWvzghDTj64eiHCIR097cnAV+YcYTh6N+2/SPThe+2RyA7BzKugUznGOvCOMj8junm3DBS9+Mwvtuo6QnzWGMqm0RihJ6IxZhA/9OqkMdNzmLYOANSQgegXzqwlcqeC8XXQMV6CHxsuhAdr4W6/4DiXwVbx90F4HgXypdD4Y8gJR6Ot4bctJ2AypcgLct0HWxvMk+nPFaXJ3cpePZD+U+gpQBmTjOtXB3JUDrULG1pcFsxrNoOq3phoduaNbEe3KsGvqPFsxhSV5iB+PnPhbSapUNxEazdDqtOQE4W2KeA7xNw3QMetZTJBFK4EZpvh6q74A/Xw/dmW916j0FTJzz1KmSshAX15sXPHUutWRPfgOPTYP1ys59w83QoRxE8eBTWboOq+UPPrGjPg6LXTZer04vBfSXYeuGEDwrWmCCw+XlongLO6eapXEM92NIhPQZnLXNlQKAWysshJ8P8Ft5TwDfOc8dhlEv+fbDjI5g5C6b2Qcvb4Jsy+mQuEh3jrX+ZAQvnQMVWWOcD9xXAf0KHqQKNKyAZaNoGTdPA44LMucCLZixm9rfMtZP9KLgGJ2zQtpmzwd4DOx6G0zkwdQq0fTr217V4lkPGfvM6mo4ik9bmt82YuL8K47s5wkhPOMcKp2wSiTUKxGJMoD+wCr3hSQJ33qAVrT7qfx2XFQeF/wK2p2F3LTSdAcccKH0BijzBzWw58NQTJtiq2mKukNTLwZMDyXGmRfD0R6ZPvB9ISYOcVcFugqTD+p1m2wNVUNMN9mngLhq+u2PGGtiSAtvfgMp9YJ8OC9dByaDAzTYfFqRDVR/kD5r1zL0Otlxh+qBX1ZuuWY6rwBGDLfQyyaWbKejrtpoZ16reM/nMMQPcuVaX3jRY8xo4noYDlaZFfOZ8WP+QNXU94efpwdwPQeEhqH4cst8a4qYuHop3QMomqN0HlZ2mjJk5D27os2Zh9UHju1DdacoaZxY88ijEYvzgfhDKes3U4xu2gy0BUi8z48zO92n6aOVSVy+07YO6V0z56JgFJb+B/GiPtZMhjbv+BQqfBf8G2FsNjb3maZdjDrj7M2A63L0SyqugrtUEYs5SKD1h8ndFLzjngLubcw3etgDWn4Tt1VDxrsnT9ssgwz3G8dJz4IkX4IVnoa4C/PHgnmG6RttC7h5H+272cNITzrHCKJtEYs0lX3755ZfRTkQs+uyzz7jyyivPax/XXwXv/fGCJUkiQL/ZV+9C5K1IHEPXwoUx+DzqvI7PRDlvyr+Tm28XLH0Syv5tiNfRxNixdA2cKxL5dzI6c8a0uhw5ciTsbbKyzNgbPRETERERkYE+hspaSHOamSK7PoH9/2q6Redc6MAokscSmUAUiImIiIjIAIFOaDsE+6vB32uGGWQuhjVlY3w33wQ7lshEokBMRERERAawXQsbfz/5jiUykWj6ehERERERkQhTICYiIiIiIhJhCsREREREREQiTIGYiIiIiIhIhCkQExERERERiTAFYlEUfyn0dEc7FRKunm7zm4mg/HtBDJWndF7HTmXT2Ok6u7gpz8hEoUAsiubNh/raaKdCwlVfa34zEZR/L4ih8pTO69ipbBo7XWcXN+UZmSj0HrEouu1uuH+Z+XduASQkRjtFMpSeblNoV/4ant0Z7dTIRKH8O34j5Smd1/CpbBo/XWcXJ+UZmWgUiEXRrExTELz+vCkUev8c7RTJUOIvNS1nz+40v5kIyr/nZaQ8pfMaPpVN46fr7OKkPCMTjQKxKJuVCb/aGu1UiMh4KP9+NXReJRJ0nYlItGmMmIiIiIiISIQpEBMREREREYkwBWIiIiIiIiIRpkBMREREREQkwhSIiYiIiIiIRJgCMRERERERkQhTICYiIiIiIhJheo9YlB1rMS+U/OCQXih5seh/oeRtd+uFkrFO+XfsdP3LRKH8G/tUnkisUyAWRcda4P5lUPoLWPtrSEiMdookEnq6ob7W/PbP7lTlEauUf8dH179MBMq/k4PKE4l1CsSi6PXnTSVQsDTaKZFISkgM/uavPw+/2hrtFMl4KP+Oj65/mQiUfycHlScS6zRGLIo+OAS5BdFOhURLboG5BiQ2Kf+eH13/Ek3Kv5OLyhOJVQrEoqj3z+oOcTFLSNS4hFim/Ht+dP1LNCn/Ti4qTyRWKRATERERERGJMAViIiIiIiIiEaZATEREREREJMIUiImIiIiIiESYAjEREREREZEIUyAmIiIiIiISYQrEJHb0RWgbERGRSSLQAb6e6O9DRM6lQExiQqAellwN1Z9+tduIiIhMGodh+QKo/ijK+xCRIU2JdgJkjDpg3RJoOgUBwBYPqdMh41rIXw7u6dFO4FckAP6zEdhG5Kt0Au69AeLXwOY7zBPbHT+CqpPnrmqbDdt+B85opFNEhtcDTS9B9T7wtkEgHhwu8BRC8a1gj3b6RCRmKBCLNQE43QmOPLjFYyqEjmPQuAdW74GiZ6A0N9qJFJGxsLmg9CdgC114GaRGL0kiMpROqLwdqr3gyoHCG8H+ZzjxITQ2mEBMRCRcCsRiVEoW5IcU+CU/h8q7oPqXkPZtKEyPZupEZEyuhPziQYGYiEw4jY+Z7u6Fz0HZ4EZPjUkWkTFSIDZZpEHpk9C8FHa/DIXrzGLvLqh6G1o+BV8vpMyCJ96C9AZ46Ek40QGBKeD0QPGjkB0awPVA41Z4sxaOdwKJ4PwmZJdC8XVDJ6PmZ7D7Q2jvBnsa5CyF0jutrhp9UPcLqPsITvyH6TaYMh0W3gMlBQNvQttqoXIbtLQB08DjNF0xRzLqNh1Q9TQ0HoG2L8z3yX4IHllsPm59Bba/AS0nwe6EhbcN7GbS+iJs/z20nQR/r/l+7gIoWQmO+LH+YCLhGXcePgGVj0PTMWjvNKW981ooXgwtu6HxAzjdZ5aV/grclwWPGfDCjo2w/0Pwx0NmHpQ9BM4Ea4WTsGM9HLD2kZoOt2yBQlc0zpBIhHih6j1wFAzT8yQu+M/ACajaCAea4DQwMwduWwOe/uEDQ+RPx1VQ8DAUzg05ZBVUvgwtHWBLAtciWP9osF7yNcCOCmjwAlPBfaNpmHWOUie1vgjb3zT7TZ0BN6yB4pyxnY7R6kwwZUVVOew9DKe7wZYM6bPgJ7+C7OlALxx4Gqr2QfsZU69+rwweLBhbWkRilQKxyWQOZDthRxN4+8AVB956aOyAolJIn2oCiLQ4sKfAnEWQf4UJUGpfgQ33h4xJ6YO6e2HTh+BZDKXfgkA77H0F3v94+EAsdTYUeCA1HrzvQHU5kA4P5gJnofUgdLigeCnY+uDEXqh+2AROpdeaffhqYfUvIf4aKCoCu890vRxJWNuchAP1YMuDUjfYeiB+tvmodQusehGceVC6FHxNULMevF2weYVZ57P3obnTnMs0G/iOQN3z8OCn8NxvIOU8fz65iPXC6VMQeu9kTwbb+eThL6CpCRJvhNIsoB32vgrrDoIrFwrKzHZ7X4cN6+GV56wbqJOw4XZomgpFayDtP2H3dni4F7Y9Y9ap+QVUn4SiVeBKhtOt4EiO2tkTiQjfIWjrg/wbR3l63QHlS6FxChT+FNLOQuMuWHc7rH8LPMkh+dOqjzgDTdVQUQqpdZCdDIEGeHwjJN8Ia3JMt8g2WzDQ8R+E1fdC1xwo+jnY2kx+Xv0pPPciOIZJXuvTsOoVyCyCsjlwvBp23Ae2t6AozMaUcOpMTsGmZbD/rHniPzMFfB9AVb0JALOng3crlO+B7Duh5FvQdRICaWP4UURinAKxySQOHFcAR8B3Ntg6Z5sORSsGBQpzoTSk1S0TWLkNmk+CczoE3oMdh8GzDjb2d4HsgZZXTOvecLLLgv9esAhOL4T3DwIhrYep86DoDuuPxdD1d7D/HSsQ64OareCfDZtfA6f1HfK/DTf/YpiDjnGbzAIoDG3564DXX4XUxbD5KauSuwNcD8C6l6DxHyA7aehzmV0B922D6iYo9YxwYkRGEGiAZT8YuKzo1eA1NZ483G/WouD1nhmAlbugaAMssK5pZyesPQgtveCJh9aXoLEHyt4MdnF29cF9VdCwBvKnwnEvOG6GkmLrIIsu+CkRmXA6PodAHKSPMoNO6zY40AVlv4PCGWZZfi6sWgI7XgbPquC6s0Lqo/w5sHwFNByG7EVw+o+mvl32ECwYoqGjpgLanfDca+CyWnGyvwUrN0Lt4WDj5sAvAa/vgtQi2PiEFVDmmnp475tQ9Gg4JyK8OrO1Euo6oeRfodhq9CQdauqDuzpxFHBBSdnwgaPIZKbp6wUA52xTIPvPmL9bGsGXAPnn0z0gCVzp4O8aoVthsrVOB/gxBXzLSZiZGwyoRjWebUIEPjQ3odkFA7tUeAog5Qw0Hxl+W9dScAPNh8Z+XJF+trmw8QXY3P/fi3DD7DA2DDE4Dw+5ziywnYX2/wguS58Ftm443WUaNf7QBLY54LkcAr3mP+c8SD0Lx48B8ZAxB9r2wKZXoF3vFhIJ6s9DWbBwRnCxbTbkzIG2JmgfZlNbFsyMg/Y283fqNSY42bkaGo8OWrkDmo/BzBuDQRiYBhL3lOHrpP76zrPQPIkP9EIgATK/Ce0fgy+MrxhundlfluSPUJbNnAcchU3robUjjIOLTDJ6IjaZ9EHb52a2tZRRflnfQXhhKzR7rXEnyVYgZPF3miApdSxjn3qg7mmofQ/aTgEJpvvhaM1c9kSrQsB0z/ADKZeNvM0A49kmhL/TtHKmTBu43DYNUuPMLJXDSobURDhxanzHFgHgG+C+bmyTdYyWh4diSzDHCPQGl021xn0FrFc9+M5A4FNYNvfc7busIC9/MwTKYfc/Q10FZN8KpWUaKymTW7LD1GkdnwMjvCrGd8YEXoOnsU9NgcAn4B9uUo94sE2B//mz+dN2DTy1GSorzGtrUuZA8T9ZY8g6h6n3EiE1AVqGqbf8naaurVkBNYM+s82GLkbvZh9WndkHvk6wzRp5f86VsHEKbH8Z7q0G1/VQ+gi41T1RLhIKxCaTo9DUBo6/H+XJ0EnY8AB0ZEHJJrgyBbr+DTZsD65iTwC6oOvswAHII2l+GjbVQv49pstUfB/UPQ77x/Idkk3l5RtLy9h4tglhTzaVq29QxRX4wkxEkDnS2Jdu6Oo1+xCJmDDy8HjZk0xXyI0PDxyzBpD8zf5/QOFTULgKDlTCC9vh8TjYtmqIHYpMEo554IiDpn1Q4hm+4SQlCQKnTKAUGox1+cxkFfYx9Nxw5MH6PGg/aCbQqbgLptaZrop2oGtwI2A3nO6BqcPUSfap5v/5T5ju+6G+lhBe98Bw60x7AgQ6zz0PA8SBewX89h+hdTc8vwXWrYZtO9VVUS4O6po4WZyCykfBGw+33DFKy/oxaDtrxnPl50LGNeBxD9zGmQW2M+a9KOHytpquFaUrwO0xL5lOH2uAkgbuGWaij+YRulid9zYhbNdAZjw0vj2wC2VTLfiSwJ01/La+d6G5FzI1PkwiKYw8PC5x5noPnADfdMiYO/A/R9Kg9S+DBY9C0Rxo+/fwujWJxKy5UJBluuVWHR5mnTi42gOBI7D/RMjyj2H/UTO76XgCDMd1sGYtpHSD95NgvXd8L3hDnnC3/29oPgvu+QO3D1hP4WxuyIwD7+cwc1D+drlGLkP+uo9w6sw4yPwOBI5CQziNpPGQUQz3F4H/KBzvDWMbkUlAT8RilO8I1O0yXfo6jpkWOi9WK/WMUTaeBc4psH8jpBSBIxECHw0sUFMKoPBlqH7EVCDuaeBtgOY+GO4VZa4MCNRCeTnkZJgC3XvKdLsai8I1cOBnsO4foLAQ0hLMjEwjTV8/nm3+Kg1uK4ZV22FVLyx0WzNA1YN7VXCiDjCVymMPQM484DPYu9uqnOePdACRCyyMPDxe7lLw7Ifyn0BLAcycZlq1O5Kh9FZrcpx/gkCGmSmx6xM44DUD9zVzqEx2hRuh+Xaougv+cD18zxqb6TsGTZ3w1KuQsRIW1JsXP3cstWZNfAOOT4P1y8M/ln8f7PgIZs6CqX3Q8jb4pgQnCylcBQfuhbW3Q+ENYPvc1Em2+XBL/0QdV0Ay0LQNmqaBxwXFRbB2O6w6ATlZYJ8Cvk/AdQ94huriP8Q+wqkzPcshYz9UlkBHEaQBzW+DL6RrZvPz0DzFmmCoExrqwZYO6ermLBcJBWKxxgapydC6DzbtA1s8pE6HjMVQuhzcI/Rb/6vp8OAm0++8ar3VbSAZHHNCWrwToPQlsG000+7u7zWDalPjIH6YAtL9IJT1Qu0e00XKlgCpl4F79tha6u05sHmHeTdK3VYzA6Q9CTLmg3Nwi/x5bBMqYw1sSTHvRKncB/bpsHAdlNw6aMVpkPqFmZa///1Kax4a3yQhIuMWTh4er3RYvxOqtsCBKqjpBvs0cBeZQM/WaybX2bvPTNRhT4bMRfDgzy/QdxOZyNLNFPR1W6HuoHmvGFPAMQPcuVZ33jRY8xo4njZdd08DM+fD+oesqevD1NULbfug7hWT9xyzoOQ3kG+Nn7JfZyb3eeGfrVfFJIH7FihZFfLULR3uXgnlVVDXaoIo9zrYcoV5j1hVvXkPoeMqcAz3FGqIfYRVZ86BJ16AF541Y0n98eYpnj3OjIUDCPig8V2o7jT3Hc4seORR6xUcIheBS7788ssvo52IWPTZZ59x5ZVXntc+rr8K3vvjBUvSV88L9xaCYzM8khftxEReXQlUdMMbb164lv+YuwYi4ELkrUgcQ7/d+dM5nHyUf2Ukvl2w9Eko+zfIH+cEW8PRb3r+IpF/J6MzZ8y4mCNHRphme5CsLDPuRU/EZGi9UPM0BJzmCVzvKWh6E46nwZ05YWwvIiIiF6+PobIW0pxmdtauT2D/v4I9F3IucBAmEqsUiMnQOs3Ys8Z9cPqM6fKQ6YH1q8CdEO3EiYiIyEQW6IS2Q7C/Gvy9potz5mJYUzbCLIoiFxkFYjK0NCjdCaXRTscEkr8D8qOdCBERkRhguxY2/j7aqRCZ2DR9vYiIiIiISIQpEBMREREREYkwBWIiIiIiIiIRpkBMREREREQkwhSIiYiIiIiIRJgCsSiKvxR6uqOdComWnm5zDUhsUv49P7r+JZqUfycXlScSqxSIRdG8+VBfG+1USLTU15prQGKT8u/50fUv0aT8O7moPJFYpfeIRdFtd8P9y8y/cwsgITHaKZJI6Ok2lUblr+HZndFOjYyX8u/46PqXiUD5d3JQeSKxToFYFM3KNAXH68+bQqT3z9FOkURC/KWm5e7ZneYakNik/Ds+uv5lIlD+nRxUnkisUyAWZbMy4Vdbo50KERkP5V+R2KX8KyLRpjFiIiIiIiIiEaZATEREREREJMIUiImIiIiIiESYAjEREREREZEIUyAmIiIiIiISYQrEREREREREIkyBmIiIiIiISITpPWJRdqzFvFDyg0N6oeTFqP9llLfdrZdRxiLl38lB+VBERKJBgVgUHWuB+5dB6S9g7a8hITHaKZJI6+mG+lpzHTy7UzeBsUT5d/JQPhQRkWhQIBZFrz9vbuIKlkY7JRItCYnB3//15+FXW6OdIgmX8u/koXwoIiLRoDFiUfTBISn34twAACAASURBVMgtiHYqZCLILTDXg8QO5d/JR/lQREQiSYFYFPX+Wd2ZxEhI1BijWKP8O/koH4qISCQpEBMREREREYkwBWIiIiIiIiIRpkBMREREREQkwhSIiYiIiIiIRJgCMRERERERkQhTICYiIiIiIhJhCsRERCYR3wnwR+pgvZE6kIiIyOSjQEy+Et4KWPIDONAR7ZSIxK66EliyDNrCXL9tCyy9CZojECA1PgA33w6+r/5QIiIik9KUaCdAxqgD1i2BplMQAGzxkDodMq6F/OXgnh7tBFp6wR+A3r5oJ0RkAhlj/g10Q2CC5qGuM+Y7iETaJZdcwl/+8hf+1/9SW7LIhfKXv/yFSy65JNrJuOgoEIs1ATjdCY48uMUD9EDHMWjcA6v3QNEzUJob7USCaw3sWwXERTslIhPIGPNv4ZtQGM30ikxAX//61/nTn/5EYmJitJMiMmn86U9/4utf/3q0k3HRUSAWo1KyIP/W4N8lP4fKu6D6l5D2bShMj2bqLArCRIYUE/lXZIL6m7/5G7744gsALr30UuLiVNmIjFdfXx9/+tOf+K//+i+mTZsW7eRcdBSITRZpUPokNC+F3S9D4Tqz2LsLqt6Glk/B1wsps+CJtyC9AR56Ek50QGAKOD1Q/Chkp0OgFpb8EhbugLJrrf1/CMtvB88OKPVYyw7DsrvA8wKU5QxMTvvzsHwrPPL/QHYCcAIqH4emY9Deaa48x1VQ8DAUzh3he52AqnLYewhO94HDBSW/hew0aK2A8l3QfgZIAnculD4EzgSzaeuLsP330HYS/L1gSwZ3AZSuAkccNP8SVh+E9f+3lUaAPqj8EdRlwVubIXBw+PMEpgvmgaehap9Jhz0NvlcGDxZcuJ9WLgLD5N+6EqjohjfehBTAP9r1OIzWV2D7G9ByEuxOWHgbFN8K9pB1/E2wowIajoL/rLmWXVlQ+mtwDnOfG/gPeHYZtBwFfzxkLjR50JUUslIPHCiH6n3Q1mPl+1VQaJUjrU/Dql1Q8hYUucwybznctxvKfgf504EzULcJdtdDew84r4Hix5UPL1bx8fFMmzaN//7v/+bUqVN8+eWX0U6SSMy65JJL+PrXv860adOIj4+PdnIuOgrEJpM5kO2EHU3g7QNXHHjrobEDikohfaoJSNLiwJ4CcxZB/hVm3ErtK7Dhftj2O3Nz54qDY0cBKxBrPwLtfeA9CniCy07HgzsrjLR9AU1NkJgHpW5zY9VUDRWlkFoH2clDbNMBG5ZCI5B/B6Qnga8NUq11E6+A7OWQ9rfgPwLV1fC4DbY9Cjbgs/ehuQuK7zHfueMI1GyHDfHw2zLIzAH7O9DyEWT3B5dtcLQD3PPNPmwjnSfAuxXK90D2nVDyLeg6CYG0C/NzykVmiPw72Ij5dpjdtm6BVS+CMw9Kl4KvCWrWg7cLNq8w6/gPw+q74PQsKCyDlDg4/g7UHITCs8MHYnwBp7Og6OfA57B3N6xug+des7bpg5q7oOIoZN8KN0wz+61YAb4dUHINZJRB4XtQ9Thk7wTHx/BsFbjXWEFYH1TfBZVeUw7ckgSNL8GGn8KW30NGvPLhxSg+Pp5vfOMb0U6GiMh5USA2mcSB4wrgCPjOBrsG2qZD0QrTov5Xc6E05ElUJrByGzSfBGcauJ1Q9QH4V5hW89YPzMB87wfgv9Msa/4AmA2ZSYMTMrxZBVBoPT3LnwPLV0DDYchedO66rS/BgS4o/R0UzTj3c+diKOn/owjsJ2HTYWgLuYm1XQ6Fdwa/e8oyqNgH3nvA5YHMKdDcEAwufQ1wHFjY/yRwpPM0HU4cBVxQUgaO8E+DyLmGyb8DjHI9nqMDXn8VUhfD5qesJ2B3gOsBWPcSNP4DZCdBXTl4p8Nvd0KG9XTY+wXUfTpykm1z4InfBPPXwm/BHeuh9pB5Sh6oh6oPIfspWL/YWulWsN8E1VugcCekJEDJo9D0M6isgszfw4k5sM3quunfB9X/DgueCT7hWjgDlv8M6hogI1f5UEREYpOmHBIAnLPNEyD/GXMDePW1wEfg7TXdflo+guy8gctaj8LM+YMCvDGwZcHMOGgfam7uPvjDYbNO/hBB2FCudIHtzMjvUMr8jrk59Z0FLoPsLGg7HJwe/P0GIAtyhmlNH3CegJnzgKOwaT20aqp+ibDB1+NggQ+hpReyCwZ2Q/QUQMoZaD5i8kPzMXDlBYOw8UpZBO54aGkyf7ccBl8C5OeFrJQAC3IhcBSarXTbcqC0ABo3wg6v6XbosAJR7yGzj5wcCPSa/8iCmVPA+5FZR/lQRERikZ6ITSZ90Pa5CTBSRvllfQfhha3Q7LXGjiUPDGBm5kDqLmg6Cu4p0NwDxSvNGJXmP4K7G5q7YUHOCAcZTTzYpsD//HmYNJ4B2+yBN5ChWrfD9jfBe9KkPSURAraRD2lLAFtvcNrt7+VBxZPQ9Ck4k6HpCGSWBYPL0c6TcyVsnALbX4Z7q8F1PZQ+Am51i5KxCiP/jnY9DubvhEAcpAwaf22bBqlxZgZHOs27wFIuxKOkRJgaD8c7g8cn2SwLlToNbGehq8uM7wTIvA5S9oAvmf+fvXuPquq+8///tDicqIAjSorLCykBG8D8CprvYM1PUpOQUUOKv9jBX7xNsLWS6GhGoo2pqbGaxHpJg9UEayIZLzjSkoEpUVZItCFLvtJvuLQRaZXwCwJLJgelHhCzWRJ/f+xDOCDo4XYO4Ouxlks4Z18+e7Pfe3/ee38+n02ww9O9hnqzn9nG79+8urH15v+KQxERGYiUiA0mZyC/AsbOu0WfDoBqeOU5qAmHpTvgHl+o/xheead1Es8HIMIHij6G80Ph0v0QMQkuBcJHH8O0RrjkD9NC+m5zvHygqc6saLZPxhreh19sB/84WPsojB4B596GXZ91bR2+0RC5HXI/hEf/EYqaIaHl7r0T+wkPiPgp7P5XOPs7ePN12JgIew+riZR00e3i15njsR2vUeDZDJfr2n7eZDUHvwkbZSZPXtiTop6ywaWr4DWmdf3UQb1hPglrcclqDjbi7d063/6tYImE0M9g13bYu9F82uflbSZrq34Dk+5qu7p/sK9HcSgiIgORmiYOFrWQvAHOW+BfnjYrMJ06BxXXYcYqmBMNoVMhMqLdPMNhRhRUZENaDgRHmR34I6ZDRQ781wkYOxNC+2rUYA9zEJCmAviwg34qFz8zmyst/rlZztCpEBZwm+3uyBh4NArK/gBpmebgJN80S3RmP7WwQOgiWB0HDWegzOj6JssdzJn4deZ4bLm1Zn8JtOdUCLPAJ+ltX76cnwmXfewD7YyDYH8o+8DsX9kTFUfMmxkRD5q/B08H30b4MMdhokb46ITZvyzC/jSs6NdwzIBVb8DPV8ClNHPQEjD7cnpdhQsGhH6v7b/g9v3iFIciIjKA6InYAHW5GI4dMftq1ZyD/Gw4D8x9Feberk/VJAgYCh++Br5xMHYENH3WtqIGEPE4jM6EjzxaXzIbPBsC3oWPgEVP9NXW2defAJEnIXkJlD0JoXdDQxWMngeRIeDVCPtfhEtR4D0UKspv3gZnRD4Jo38KacCc3zg8fXNiPxW9CUVD7QMl1EFuDnhOhIkaAVZuoVvx68TxONrfXGbGdvD/dzPBWrwI1rwDawx4NMI+amIORKwxB+oAiI2HY1vg5WUQGw2eVvjovdvHU1O1ORKpvwVqiuDY+zA6GuLsg994RcOiqbBrEzSVmk0FyzLh2P/Aos1mE+CmP0NyGkRuhshR5mAicVlwaAs88nuz71rcQdj/HFx6EiLuMZsXX7gMsWvNJ16KQxERGYiUiA00nubw7WezYUc2eFpg9DgIfRIS4iGio5HT2hsHz++A5F1waJO96d8oGDsZxjqMgOj5IMwYBxljHN7XE2IOsV3hAY/c6v1fvWEibDoAh16Hjw6Zd8x9x0HcbPCKhU3V8E4a7HrfvBPuNQZCI7o+eIjng/DIRDjUDHMc+7w5sZ+aLsMn70NanfkUMSAcfr6h86HE5Q7Xk/h14nj0ioGET+BQJpT8xHyfV+haeN3XfI9YcjZ4jYNHN8JShxdKj10EO4H9qbB/iznSarC/2RzSs5OrxD3TIKIGMnaZ7x3z9YeIZ2HpcocY9IC5+8BzK/wuE/JtZnkT3mpN1j58HSomwYuxrfPErYWPlpnbsSkOFu0H3x2QmQ3JdWZTxaAHYHazOb3iUEREBqIhN/QmxG754osvuOeee3q0jIfvgxN/7bUiyQCn48HUG7HlinUM9r9XfiJsLL/1O8oGo8H+d+1rrohfEZH+xGYzhwAuLi52ep7wcPMlvHoiJiJyh7v4Phz/HPz9wWJ/WXtGNkSsv7OSMBEREVdSIiYicodrqIHCTLhQC03XYXQgPLoBFj3lxMwiIiLSLUrERETucME/ht0/dncpRERE7iwavl5ERERERMTFlIiJiIiIiIi4mBIxERERERERF1MiJiIiIiIi4mJKxERERERERFxMiZgbWe6CxqvuLoX0B41XzeNBBg7F7+CjOBQREVdSIuZGDzwIOZnuLoX0BzmZ5vEgA4fid/BRHIqIiCvpPWJutPhZWL3Q/Dk6FoaPcHeJxNUar5qVv+RtkHTY3aWRrlD8Dh6KQxERcQclYm40Kcy86B9806wAGF+5u0Tiapa7zDvwSYfN40EGDsXv4KE4FBERd1Ai5maTwmDzHneXQkS6Q/ErIiIiAOHh4V2eR33EREREREREXEyJmIiIiIiIiIspERMREREREXExJWIiIiIiIiIupkRMRERERETExZSIiYiIiIiIuJgSMRERERERERfTe8Tc7FyJ+ULYT0/phbDSquUFs4uf1Qtm+zPF78CnWBMREXdRIuZG50pg9UJIWAfrt8HwEe4ukfQXjVchJ9M8PpIOq4LYHyl+BwfFmoiIuIsSMTc6+KZZiYtd4O6SSH8zfETrcXHwTdi8x90lkvYUv4ODYk1ERNxFfcTc6NNTEB3r7lJIfxYdax4n0v8ofgcXxZqIiLiaEjE3Mr5Scya5teEj1Peov1L8Di6KNRERcTUlYiIiIiIiIi6mRExERERERMTFlIiJiIiIiIi4mBIxERERERERF1MiJiIiIiIi4mJKxERERERERFxMiZh0neHuAohIpxSfIiIiA4ISMemStPnwwxftv9TCjh/A8tf7fr3HlsKPFkJF369KZMD65Dn44RK47O6CiIiIyG0pERtoLsDKMEh81w3rboam+rYf1TdCU2Pfr7rpKjTpTr8MZAbs+Cf44b9Bk5OzZCyEWU84fwOi3ub8sp1xOReSN0FFcy8uVERERAAY6u4CyAA2Bjb9b8Cj71c19yjM7fvViPQdC0ycCE1fwEUgwOGrot9C/nBYugg8Wz5shgvl4BkJY91TYmpOQkYORG5oW14RERHpOT0Rk55xQRImMlgE3wtN1XDB8SmyDTKSIS0ZShyf+tZAhQ0mTnJIzkRERGTQ0BOxwagRPtoOadlQ0Qhj74PYNTA3snWShpPwwha4UANNQyEgEhZtgBkTHZZTC2mvQeYncMmAgHD4hzqH7w3Y8X04/xTsXWt+dPa38M4foKIaGgzwHAURsZCwBsY6JG0N+bB/F+SegYbr4OUPweGQsA0COkjuji2FXVch9Sj4drQeP3j0JxBxGTKyoKTa/tmzkBDXWpE9uwu2H4GLNsAHIqIh4QUIGO6wsmo4tB2O58Glq+Y2TJwE8zfDjHH2aWxwbAf8LgcuNkLAVFj0ssP+q4b9m+CjT+FSM4yeCP/yOswN7uHfVga0gBDwzILz5TBjsvlZUz6UNJpxm38GIqbaJz5nNgmcFtI6/8Uc2P8m5J8D/CDqaUh4Grwc1tH0P5C0EErOQIMFwh41j/Fgn47L1JAPSVvNZTZZIOB+WP1bCLXYl1cLiWH2iT3g+Y9gjr9z55lPtkBGHpyvNptMjo2Fvb+EJmfOP43wyR44mglldcAICPgOzEiARTNbJzv7W3jnKJTUwOhAmL0WFkX16M8kIiLiEkrEBptmyFgGu87AjKdgth+UZcGun8Ll/bDUXsnz8oXJj8Oc8ead98x34ZXVsPe/7E2QDNgfD4eq4ZE4CPOHmnw4Vnfr1X9xGorqYdEK8PeAmmLIeAdescDuVeY0DXmQuAwuTYK5q8DXwyxjxkmYe73jRKzT9awC/6Fw4Q+QtgWO+cOcH8IMX/syN4FvKCyyV3pHjIcZ8eD/j9BQDGlp8LIn7N1gT9ZqYcdC+PA6zFkEQb5w+VM4lGNW9GaMM/dx2jJIPg9znoZ/8YFP3oZXfgKv/8GswGasg7RqiFsDwaPg0lkYO6pnf1oZ+Hzvh9HNUHEWsB+TRR9CQyBE1EH+CUiwx+jF89DgAUH2RKwhB55/DngAlm40E6i0rVA/HDbFOazECpfCIe7fgSo4/jtIrIDfHOggtuog6d+g6DuwdDOMBiqqYJTFYRofWPpzCBhqJmJBo5w8zxiQ/x5UBMKifzeTxQZ/M848b3f+aYZjK2FHAUQ+CQn3QtNFOP4unC5tTcTOboU170JYHKyaDGVpsP/fwPP3EKebHiIi0s8pERtkmnLgUAHMeBU2PWn/8CnwegLSXoe5h80nSnwPEr7XOl8YsHwvFFVDwDhoyIaM8zDnDXh+ln2ixfbl3KYMnt+GuT+2rwfwXQi7suH8Cgj2gGPb4fw42H0YQu1Pos5b4Vh517bV89sw92n7eh6Hiz+AC4/DqjX2CR6Gi7PhdG5rIhbwJCxtWUAceFXDjjzzyUOwB5xNNpPNpf8Ji1qeREw0+8m0aMiGtD/DI7+C52PNzx4NhPhn4FguhEZB2XkY+0Ozzw/28okQDEEWKCu1/25A/ikIiIO4ath4Es6vMY/FsrPQ5A+T/MxJM3bBpUD4zW8h2GI/fqsg+QhcjGvtR+Y5GX75Rmv8PXovPL0JMk/BqvZPii5A2VWY9hOYG21+NKPdJJ6eEBYDEQ5JXFO2k+cZYHQkxD3dbqG3Of80nYD9eRC5EV57yj5RI5S8C5daZqqBg0dgdBy89kv7jZRoqP9nOH4U4jZ06S8jIiLicuojNsiU5MHl4TBnlsOHw+GRaGg6A0W2jucLCDErMg3278/nQ4MPzJjZ8fRdEXa/WWm6fN38v+gcBM9qTcJ6hQ8EfBsuVTt8Ng4CfKDO2vls9wSDpw0a7L8X5psV2Tkhnc9z/pS5j6OizJEcmwwgHIKGwvnPzEEZQidDxXuw412z6aIImMdp8ETzCelFoKkA8utgRjREPApeFfBJqflE6PxZ8AqFIA973JRDwEzziVHLcRf2AFAOZbc4xnwfhwgLlOR38OV3IGwUfLgd0nKgwcnREbt7nulM+/NPySf25cd2Pk9TgdmnLvJRM6FtMqBpOIR9By6Wagh/ERHp//REbJBpqANGgbel7eej/cDzOtTXm5XByyfhrT1QdB4uG+A7qjUZAWioB7zBuxeOEM/h4GnYh9WuMytIvr09DJwHeI6wV8Zo7RPmaQHDYQCEs++Y/UnOV5vb6zsCmlombobLdeA5qfVufkca6s278xu/f/N3Y+3D+8/ZCU3b4Xe/hmO7zOZbCatgrOXmeeTOEhYBTVlm8lSTbT7lmjEJPANgmg/kH4el/uYxGrzAfizXmcfr+d/CrN+2W6CH+RoJOruxMcI8H5R11KzYB1btA6+tcOjfYL+/2Vx46ZO3HiDEqfPMLY71255/7MsffYtlNNSZsZ7xU8ho951nCNRz6zgWERFxNyVig4zXKLPSVm+0rZhdspqd4r29zYEkXnkOasJh6Q64xxfqP4ZX3rl5OZeMW1TwumOE2Vekvt6JaXtZw/vwi+3gHwdrH4XRI+Dc27Drs9ZpvIZDk73S69XJcry87RXY38Cku9p+9w9j7D+Mgrmvwtw18FEyvPUOvOwBe9d0tES5k4RFglc6lHxqNsELirP33RoOM6bDhzlQdD+cB+Y8YJ/JxzwegxfB6iduXubEW/U/tJmDzniN6fhrzxBI+A9YdB4yXoNDL0LTGHszRg/zBkV7Tp1nOuPM+Wc4UA/11zsfmdXLvo45v4Q532373T8Md9+Q/yIiIs5S08RBJng6+DaalblvNMJHJ8wmdxE+9tHYrsOMVTAnGkKnQmRE2zvgLcs59l4vF3AcBPtD2Qeuf0nsxc/M5k6Lfw4zosztDgtw2G4Psxll0xnIrel8OcGR4HUVLhgQ+r22/4LHtZt4DDyyAeImQ8Wf1VxKwHMqBAP5eyC3DqIcXpAXEQujq+FQitk0OKJlwAl/CBtnNrkbNfnm487rFgPcVByBomaIePDW5fIKhkVvQKQHlBSbn43wMc8fl9s1NXTqPNMZJ84/AeFmk+FPcjtfjGcEhHnA+SoIah+HwRryX0RE+j89ERugLhfc3BzH+36zj8aiqbBrEzSVQoQ/lGXCsf+BRZvtTXUmmSOgffga+MbB2BHQ9Jm96aCdVzQsioRdr0HiWZgRala0imp7WHAPiI2HY1vg5WUQGw2eVvjovbbr7wtjQ8CrEfa/CJeizGaXFeVt1xsZD6EfQvJSqIkDf6AoHS47JI1esyDuIOx/Di49CRH3mE0vL1yG2LUwthkyXoKmUHOkxPrP4aPzMPpJNZUSM6mKDIHkP5tJ2aMOQ7Z7RsIMf3MwGK9ZENbSNM8D5q6Gj9bB8wtg9mPga4GGi+AZ1XbI+KZqc6RSfwvUFMGx92F0NMRF3lQSuADJb4N/OIz2gIv5ZtIWOcn8euwDMPpNOPQzqI+CpipzcAynzjOdceL84xsLc1Mg7edAKUT4wflcs2zf7K6JsCgO1r8Day5AVDh4DYXLn0PwCojs5AmgiIhIf6FEbICqyIFdOW0/C1gEj0yFufvAcyv8LhPybTB2MiS85VARGwfP74DkXXBok70Z3ihzurEtd7I9YO5bMHoXHM2G5PfMPh+jx0FURM/KPnYR7AT2p8L+LeBpf0pGNXj24RHpFQubquGdNNj1vrk9XmMgNMKh4jgZfvkWvJVk9u1qsEBEoPnE4ZuyWWDRfvDdAZnZkFxnNh0LegBmN5sDBzTUwPFsc6AOr1EQ9jg8/+99t20ysERGwf4zEBHTLmmxwCOzIO0diIhq+1TH93HYMRz27zFHULx8HcYGwCMPtE5zzzSIqDG/b7gOvv4Q8SwsXd5JcnQVLn0Gx9LtfSb9IWoNJNgH4fCcDs8/a47MmHwKvMZB3Gz7+eF255nOOHP+GQ4Jb4Pna/DJEfjQMONrtAdYHPqNRWyE18eb/T4P5ZjNIsfeB2ONzlYuIiLSfwy5cePGDXcXYiD64osvuOeee3q0jIfvgxN/7bUiDWj5ibCx3OE9Qv3I5SOwYAus+hjmuOEu+512nPRGbLliHXfa38XtzsPKuTB2J/x8lhPTd4P+pj3nivgVEelPbLYuDhXsQE/ExOUuvg/HPwd/f3NgtYvFkJENEev7QRJWCsmZ4B8A3sPNZoUf/qfZVDNKTZ1EXMOAjK3QFACjR4FRC/lHocwfftz+XWgiIiIDlBIxcbmGGijMhAu10HQdRgfCoxtg0VNOzNzHmuqg4hR8mAYNBnj5QdiTsHZV56Moikgvq4Oac/BJNlyymU1/wyJh0xqI6M1RXEVERNxIiZi4XPCPYfeP3V2KjnlOh9f+4O5SiNzh/CHhMCS4uxwiIiJ9SMPXi4iIiIiIuJgSMRERERERERdTIiYiIiIiIuJiSsRERERERERcTImYiIiIiIiIiykRcyPLXdB41d2lkP6s8ap5nEj/o/gdXBRrIiLiakrE3OiBByEn092lkP4sJ9M8TqT/UfwOLoo1ERFxNb1HzI0WPwurF5o/R8fC8BHuLpH0F41XzYph8jZIOuzu0khHFL+Dg2JNRETcRYmYG00KMy/8B980KwHGV+4ukfQXlrvMu/NJh83jRPofxe/goFgTERF3USLmZpPCYPMed5dCRLpD8SsiIiLdpT5iIiIiIiIiLqZETERERERExMWUiImIiIiIiLiYEjEREREREREXUyImIiIiIiLiYkrEREREREREXEyJmIiIiIiIiIvpPWJudq7EfCHsp6f0Qtg7WctLZRc/q5fKioiIiNwJlIi50bkSWL0QEtbB+m0wfIS7SyTu0ngVcjLN4yHpsJIxERERkcFOiZgbHXzTTMJiF7i7JOJuw0e0HgcH34TNe9xdIhERERHpS+oj5kafnoLoWHeXQvqT6FjzuBARERGRwU2JmBsZX6k5orQ1fIT6CoqIiIjcCZSIiYiIiIiIuJgSMRERERERERdTIiYiIiIiIuJiSsRERERERERcTImYiIiIiIiIiykRExERERERcTElYoORARer3V2IrmuqgcuN/X+ZIiIiIiI9pURsEDq2FOJfhAZ3F6Qr8iD+EUj7rJ8vU0RERESkFwx1dwGk6y7mwP69UHQeGq7D6AAInQlL18JYoMndBRzALudC2kmYvQECPNxdGukrQ4YM4euvv+Zb39K9KJHe8vXXXzNkyBB3F0NEZMBQLWSAacqFF5+D/EZ49MeQsBpmhMCF8+4u2eBQcxIycuCyuwsifWrYsGFcu3bN3cUQGVSuXbvGsGHD3F0MEZEBQ0/EBpiiTKiwwM8PwyOj3F0akYFp5MiRWK1WAO666y48PPT4U6S7mpubuXbtGn//+9/x8/Nzd3FERAYMJWIDTEOj+VfztHRxxkb4aDukZUNFI4y9D2LXwNxIoAYSH4GG5bB3lX16A3bMgC+eht3Pti7jlf8bLjwFe9d2vJrzh2D/ASiqBs9RELYEXvspUA07VsLpcrh8HcZOgtn/Douibl3sy3mwPwlO/xUaLBA0Hda+AVc3wZoceO1jiGipQ2fDrERYlAGLgjvZfyfhhS1woQaahkJAJCzaADMmtk7TVAuJYfZfPOD5j2CO/232Ycv2H4FD6VBSDpcN8J0Ev/w9hKqe369YLBb8/Py4cuUKtbW13Lhxw91FEhmwhgwZwrBhw/DzVl6i0AAAIABJREFU88Ni6erFSUTkzqVEbIAJjQSvk5D8HHhthIhxTszUDBnLYNcZmPEUzPaDsizY9VO4vB+WhkNEABwqNgf48AI4DyVX4aLjZ6VQZkBEZMerOb8LEt+EsTNh6QLwtEFDS/m8YeJUCIoDTwPyD8L+58D3mD3J6UBDLiQ+A/WTYM4q8G2GmuswGrjazf3n5QuTH4c5480ENPNdeGU17P0vCGiZyAeW/hwChpqJWNAoJ/bhVPs+yIFPaiAuASZ6Q4MB/krC+iWLxcLdd9/t7mKIiIjIHUqJ2AAzdjGsrYCkI5D4GARHmZX+R77X+TxNOXCoAGa8CpuetH/4FHg9AWmvw9zDEPaAOV2JAZEWuPwpXGyGps/gvAERFrhYABctZuJ2kxrY/w54x8LOX9kTN0c+ELeh9ddHJ0H8UsjPhzmxHZf72K/hYgD85j8huLdusn4PEhz2VRiwfK/5BC/AnjR6ekJYjMOTNqAp+/b70Nf+sec4iPtp6+8iIiIiIu1psI6BxgNmbITUD+D5xUABvDIfErd3Plx9SR5cHg5zZjl8OBweiYamM1Bkg7AZ4GuDkr+aXxflw9hoCG00R2cEKDoNhEOYz83raCowk7gZT3aQhHXAMwQmekBDfScT1ED+OQiK6cUkrAMBIeAJNNhuPZ0z+1BERERExFlKxAYoz4kw5wXY+yGsmg5F78Ch/I6nbagDRoF3u4RmtB94Xof6evCMhDALFJ4y+4cVFUPEkzBtIhTmmf2jiooh7MGOn/Q01EGTB/h20k+7qRz2/xQW/hM8fB/8cA6UNAPXO9nAOjOx9B7Ttf1yO5dPwis/gh99zyzHj37h3PvWnNmHIiIiIiLOUiI20PnA3LUQ7AFnCjqexGuUmdjUG20/v2Q1B6zw9jaXE/UAlJ0ymyAWNZt9waZE2j/LhyIDIqM7WYe32Y/qcl0HXzZD2kpI+xxmvwA7D8OmjeYTsVttlxdQX9vx1/9ggaZGaOosketINbzyHJwdAUt3wO7DsPZf2j3B8zDLe9P2ObMPRUREREScpERsoOkgSWiyQkMztAxW5Yn5pKnlxc7B08G3ET7McZipET46AZ6TIcLe1DDyUfA8A/uPQP1UiBgOQVEwutj8rCGk7eiCjjwjIMwD8tM7eMJ0Fc5XQNA8WPQkREyFiOnmoBs3bUvL9vlD2DgoO272UWtvbIA56EfRmVvvrjbLPAcV12HGKpgTDaFTITLCvr/sRviY++Zyu6aGzu5DERERERFnaLCOAebYMsgEIsPB1wcaquD0+3DRBxba+y+NHm8OLrH/ECxdBL7RsGgq7NoETaUQ4Q9lmXDsf2DR5tamhl7RELEVPsoxB6XwAoiESG/IyIWItTC2s4JNhEVxsP4IJNbBI5Hg1QwXmmHpjyE4APJTIXk4hPmZyVkNDk+jxsMoIH8v5PtBZDDMXQMfJcL6/xfmzAb/4VDzBcxYD8HREPlryEgE4mCiDzQUtStT+2VOMkdC/PA18I2DsSPMwUiaHGYZ+wCMfhMO/Qzqo6CpCkbHmX3BnNmHIiIiIiLOUCI2wARHw8Qs+OgQXLSZTeYmPgCbVsEM+6h/kcth7ufwYSrEPgW+HjB3H3huhd9lQr4Nxk6GhLcgznEo+lEwZyZ8chKiZto/s8CMKMh4Hx55/NZli9gIr4+Hd47C/lxgBAQ9Cg0eEJcEDVvgw19DmgFePjA6EMJaxoyfCM8uh+2H4NhZMxHznQU7LLB/D2TsMZ+0BdwHEVeBMbB2HyS/Csfs3/n6mX3Ygkd1ssxYeH4HJO+CQ5vsw/KPMvfFWPsTLc/p8PyzkHwEkk+B1ziIm202WXRqH4qIiIiIOGHIDb3JtFu++OIL7rnnnh4t4+H74MRfe61IMkjc6cdFb8SWiIiIiCvYbN0fOlt9xERERERERFxMiZiIiIiIiIiLKRETERERERFxMSViIiIiIiIiLqZETERERERExMWUiImIiIiIiLiYEjEREREREREXUyImIiIiIiLiYkrE3MhyFzRedXcppD9pvGoeFyIiIiIyuCkRc6MHHoScTHeXQvqTnEzzuBARERGRwW2ouwtwJ1v8LKxeaP4cHQvDR7i7ROIujVfNJCx5GyQddndpRERERKSvKRFzo0lhZqX74JtmBdz4yt0lEnex3GU+CUs6bB4XIiIiIjK4KRFzs0lhsHmPu0shIiIiIiKupD5iIiIiIiIiLqZETERERERExMWUiImIiIiIiLiYEjEREREREREXUyImIiIiIiLiYkrEREREREREXEyJmIiIiIiIiIspERMREREREXExJWIiIiIiIiIupkRMRERERETExZSIiYiIiIiIuJgSMRERERERERdTIiYiIiIiIuJiSsRERERERERcTImYiIiIiIiIiykRExERERERcTElYiIiIiIiIi6mRExERERERMTFlIiJiIiIiIi4mBIxERERERERF1Mi1k1Dhgzh66+/dncxRAaVr7/+miFDhri7GCIiIiJ9TolYNw0bNoxr1665uxgig8q1a9cYNmyYu4shIiIi0ueUiHXTyJEjqaur4+rVqzQ3N7u7OCIDWnNzMw0NDdTV1TFy5Eh3F0dERESkzw25cePGDXcXYqAyDIMrV65w7do1tBtFum/IkCEMGzaMkSNHYrFY3F0cEREREafYbLZuz6tETEREREREpBt6koipaaKIiIiIiIiLKRETERERERFxMSViIiIiIiIiLqZETERERERExMWUiImIiIiIiLiYEjEREREREREXUyImIiIiIiLiYkrEREREREREXEyJmIiIiIiIiIspERMREREREXExJWIiIiIiIiIupkRMRERERETExZSIiYiIiIiIuJgSMRERERERERdTIiYiIiIiIuJiQ91dgIHMMAyuXLnCtWvXuHHjhruLIzJgDRkyhGHDhjFy5EgsFotL1qn4Fekdil+Rgcsd8SuthtzQGaxbDMPAarXyj//4jwwbNgwPDw93F0lkwGpububatWv8/e9/x8/Pr88vBopfkd6j+BUZuFwdv4ORzWbr9rxKxLrpyy+/ZMSIEYwYMcLdRREZNK5evcrVq1e5++67+3Q9il+R3qf4FRm4XBW/g1FPEjH1Eeuma9euMWzYMHcXQ2RQGTZsGNeuXevz9Sh+RXqf4ldk4HJV/EpbSsS66caNG3zrW9p9Ir3pW9/6lkv6eyh+RXqf4ldk4HJV/EpbOpOJiIiIiIi4mBIxERERERERF1MiJiIiIiIi4mJKxERERERERFxMiZiIiIiIiIiLKRETERERERFxMSViIiIiIiIiLqZETERERERExMWUiImIiIiIiLiYEjEREREREREXUyImIiIiIiLiYkrEREREREREXEyJmIiIiIiIiIspERMREREREXExJWIiIiIiIiIupkRsoKnO4dXV8cTMWsDuM+4uzJ3OoDBlHUufiiFqXRY2dxdH+j/F753LKGVffBT3PRDDC8dr3V0a6Q7Fbz/Sxetvb8efUcy+NQnMi3mM57Lqe748uWMpERto6orJ/iCfkoraflHxN6xVVPaHgrhFE+fzczhZUM6XNsPdhZGBQPE7yBnYKqqwNXfwVWkWB0/VYtjKOZr5cb/4+0sXKX77kS5ef3s7/ozP+d/Hcyk8V4Uu/9ITQ91dALFrrqUw/TAHjudSeLacSpuBZcQYJoRGMD0qhsVx0QT5uLuQDuqyeCbmJbKtMOv107wVY3Ht+s8kEf0veynrqMLTwiOSrXkpzB/l3CLL9swjOqnUqWknLE4l96V7nVuwDH6K3+6pzmXf7hTScoupvGyAbyBTo+bxk5XxzBzXtUV1PX7Du1fmzuRu4Z9WpGK9Hsmmkyks8W/3/aQoYif/nt2lFmZFR9KfDoc7nuK3W2yl6exOSiXj03Kshid+40KZ/v/Ek/h0FBO6WKQ+v/4q/qSfUiLWH1Rk8cKqlzha2va2imGrpex0DmWnc6n0yWF/3Bi3FfEm123YLhuAmypwTunPZZNBQ/HbPedSWLh4O3l1Dp9Zy8lL305ebj5bU5OZH+C+4nXZVat5Z9yjk++HR5L4Xj6JzbeYRlxP8dsttlPbmZeQQtk3u83AWp5P5s58Tp7eQPrbCwjqT8e54k/6KSVi7laXywtPr+NotfmrX3gM85+IJMzfB8NmpfJsPtm5EBvdjy4C/UHIUlI/nMdX7T+vTOeZZXspMSBoQTyznXwaBjBh3hbSp7VejL86m8Jzm3OwYmF6YjKJD7Re9Cz+IUBTL2yIDGiK326q5ei2XWYSNi6aTb9ey9xJI/nyVDI/W59CoTWXnftymbslyumqZtfj101UCew/FL/dYxSz+2UzCbMExrBpxzpmf9tGwYHNPLc3H9up7Ww8GsXhBeOdXqTLrr+KP+lnlIi5lUHe7i32i4CFKStSSFkd3vaR+bwFrOxo1mYr2S/EkFFTjfUq+PiHMH1uPC8mRLdtEmDNZefLyWR/9jmV1noMLPgFhDP9Rwn8PD4Sv29OSlVkJ+0ls+AsJV9U8aW1HmOoBb9xIUx9eB4rl80jrMOkxiB7TQTfWWP/tX1zQKOK7Ld3sS/jY0qq6sE3kLAHn2DliqeZGdBaUKM8hwOHc/hjUTHnL1ixXjWwjBhPUNRy3np9HhPar9bDG79x3u0+rOXo5lRKDCAwnl8ldq35gcU/hCltmhP5tf4UGMmUqe3naL0QGEUpLIhOoqymFsNjDEERj7E4cTVLJrcvI1CTz77dyaSdLKbsMviMD2F69AISV8YQNLwLBRY3U/x+s5Suxm/zWYo+MytdU5asZUm4WWHziV5L4sd/YGFaLdZzn/MlUTfP24mux6/z20dzLXkHktiT/jEFn9eCxZu7/e8l6KF4frU+2mFNQHM+G6NC2djye8hqcjKXE9ScywvTEzhaB2Grs8haEQiArTiVnQdyOXOunMoac98x1JsJwdOYtWQ1iXMDb05GjSpOHtzL2xkfc6aiFtt1Cz5+fky4J4TJkfNYscL5/XbnUvx+s5Suxm9RFhkVAGOY+9Jm5k+2AGOYmbiZxE+fYGOBQV5GDpUL4vswfrt4/e0k/pzadqOK7ORd7Mtq3Y9TI/2odHLbRG5FiZg7NeaSllll/jw5gV+tDO9C4mBQea78m99s1cVk71lNQUUS77/uUDEYaqXkRLFDXyp784Ft+RRWpZD1sj1ZaS7njwfTyXbswdpsYC0vJru8mOzj+bxxaBuxXem30VjMzqeXs7vYYUQhazmFGUks/biITUeSWWKeC/nyRAqvHixuu4W2KsoaLYx0do+cSmbPiXpgDLHrEpjiyqSmrpySb5pY1VJ2KpWNRUXYDqWycrLDlflcKkvjt3DS2vqRraKY7LeLOflpNekHlxOmFpUDg+K3B/FrwWI/zis/r8ZgvD3ZqMdaZ67PZ+x4p2O/W5zePoO8V59m4cFyh3nrqSwv5st7bD1uHHbl0ywOZLXddzTXU3kmh33rTlPSmN72yUJjMbt/vJydBY4jtRnYaqooqami5G8+/HNCFBN05//WFL/djl9bTZU52IXHvURMcoyA8UyfNg4KyuFcKSUGXe4r1i3OXn87cNttby5n37KnePV02/2Yl1V+07JEukOjJrpTaT6F9hPvlDmPd7E99Rhmrk8hK+sDcjKTefFhs+mE9XgSBxz7u456iJWvJ5Oe+QG5ubnkZiaTGGVOW5mRwvG6m5cctCCJrJwPyM1M5Y3V9jt81Vn8bEM61pumtjBzSy5/zs83/+Ul2+/GGRQmrTMvAj7hLNuWSu6pXHLeXstMf7NJyM6dHQw5OzySxAPp5OR8QE5aMm+tnObkxbGKo2+nUwlYpiaQ+HAHT6L6UsgC3kpLJycni/RtCwgbDjSWsm9fTus2Npez+4XtnLSCZdI8th7J4k+5H3D45RiCLGAUJ/OLtCrXllu6T/Hb/fj1CCd2tlkLtKav5Zk9uVQ2GpSlb2bnCQOGh7BsWVQfdqjvwvYZ+aRlmpWuCXO3kXUqn79+mkvue8m8kfDQzWX0CCcxM791nx58miBnijQ8ihePmPsuK2UDsQEA9eQlv0ueQz+cwqR19iRsDNNXJJGVm8+fT33A/i40AxPFb0/i1zKi5VMrVe1Ggh/pZ09DDStXXDWiozPX39vpZNsrUzez83Q9YCEsbjOHM7PIeS+ZN1ZEtX0SLtJNSsTcyLho5UsALEwI6OJF1OMugv5XJGGTxhMUEsWyl+KZ4mFW9guLHM+MY5gyO4opIeOZ4D+GCSFRrFy3kDAPoLGczytuXrTP+BDCAsYzISSc2BVJ7F9p9qcwTqdy9NzN01uGe+MzquWf/e6TLZd96VX2Jh/beHFuOBP8xhAUFc+vVpr9Pmz5uQ4VDLuh4wn7XyEEBYwnKDyKmZOdbJt/Jp2Dpw1gDLOWPeHyZjmWsSFMDw8hKCCQKXPXkhhjlttWVMyZlruh/yeVA2cM8Ahk2dbNzJ8aiJ//eKYv2EzibG/AoOREfgcXW+mPFL89iV8LU9bsYuvs8dBcy8mkBKKmRhC9PovKoYEs2bX3tneye6RL22fDsG+nz7fvJcjPG4vPGCZMjmJWeEfbZ3HYn974+Di5HUP9CAo3913Ygwv45Ypo82mbtYjClr9zYy4H0s2bNX4xL/HW6mjC/L3x8RvPBD8X33wa4BS/3Y9fS3gk04eb23vgtSROVtRDs4GtppyCc61XMFeN6u7U9fd2Otz2KrL/kG9ux+QE3tg0j+khgQRNjiI2PprJ7ZJ3W3kxJ3Nz2/4rqHLZfpCBSU0TBwv/UIJ9odAKX1qtQOsJ1FqQzoE/5FNWUcWXX1kY6WvwZTPAV9iu3n7RQbNimPJGKYXN5RR+Vg+TnLjglxdTYt5OpuxAAtFHHb5rtJonpqtVVNYCXRym+mYGeb9PN5t/BDzBkofcXSGxMPm744FaqLNivW52EC77c5GZZDVXc/T5GLId5jDszbGMqnK+bMah74DcEe7E+LVVcfaLKwD4TApngq2UkhoDjHIy3kjhByFrmdlXt5y7tH3T+MGD3mSfqKdk7wKiz8xj8YJ5zH84BJ8+jFOf7wYywQPKmq1UWYFJwLli+1Mcb6bP7ssnhtIld1r8+sWQ+Ew6BTuLsZ3ey9LovTdPY/HhbrccoB1ff7uluZQSe/Ib9GDUbZ+alh1dx9KUdq1aJi0nK3O1mXyLdECJmBtZxvjhA1gxqKyoAnrStMSCj6f5k+HQjKXk7QQWbMvv2csL/fwYOdRss37FdgVw4kJgs3Gl5cfq8k7WbziUtQeMfP47x7wLGRQTY96ZdDOLpeUKZJi3BS1gXKn/5jNreXnHT76uu+4uovSM4rcn8VvFvsTVHCg18Ht4M+l75jHBw6Ds+C5+9nIKhWdSeGbdOHJSFvTN0+0ubd8Y5r+2F9vLG9h5vJzKU6m8eiqVnQFRrHx5Cysf7KMR9Sx32fufGdByV7+l3B4juXusOpP2hOK3J/FrIWx5CukTk9l54H0KSq3Y8OTugFB86vIpqQECQgly0yHa0fW3W64a37yc3cfX3Td4ZbBSIuZO3w1hsgVOGlD4QQ6VP3F+hCGn1GWxc7d5EfCL3sAb655g6nhPjHPvEv9kEoXOPrK32bhyHcDCSB8nu8+P8GEkYMOb+cm5bH24787Ixqc5nLACHoHMesSNw1LfhmWk/URuiWLrqWTm63b2wKb47b4z6aT9H7OZ7vyV8+wDS1gImr2W5PrPmbEhF+N0DidrFtz8YuTe0NXtGxXOsqQs5q/OJeNoKgeP5lJWkcvOFWvxeT+FJW2eKvThrZQRFrNO2fwVRkPfreaOoPjtIQtBs1fz1uzVrR/VZfHMrHxKWp4g9cFaXcpiwcdihrS1pva2yfqU9R/w/613WelkkFAfMXca9RixLYNKFCfzwtulvXsJr6mi0n5Hd/biBUwP8MbiYcFnjDd3dWEx1txcSpoBj3GEfdde3hE++AwFMOxNMdoJDrEPxV7Piazcnt0RvI2SXHu/Kv9pzLxFHmYrtzd9cpMJIaFmUyIjn//O0qAcA57it/uu1HKlGXP0RM+2X/l4+3zzJMjxjn2vxm83t88nMIol65PJOrLc3s+nmD+2jKY2oqXctpsGMOg1E0MItgDUkpdfevvppXOK397VWM6B9dvIrjMHvli8sO3F2N3X326xRDAl1Izqyg+yyGt0d4FkMFIi5lbexK5OMDu9Uk/etgVEx29hd2oW2Tk5ZGelcyDpJZbGLmDnmW4sfpQfdw/FvGhn5VDZchJpMm5+EbKDso+OcPREMWXl5RRmbSdhZ655gZr0BLEt51bLvQTZ7wIXpu7iaEE5ZedKycvKobAO8HmIuMfsI0llrWPBuhSyT5dSdq6cktO5HH07hewOOip3XRUFfzGTGsv/FdlpO+zK1HhmzJpHTPQ8Xj3tnouBJXIe8wMw+7S9tpRn9mSRd8bcb4W5Wezbk2VecGWAUPx226RwJg83+2Ds25JE9rlajMZ6rMXpbNxjH+lsfART7Tegez1+u7R95WS/nUr26XIq6+oxbLVUflH7TaXd0nLOuTfE7EPSXE7G7hTySsspK80nO6sXB+Dxe4gfRpoVw7KUDbyQXkyltZay4hwy83Vzp2sUvz1i1GOtqaKsOJeje19i4ePz2HiiFvBm5rqX2jwl7g/X3+4Zw9ynos0bqNWpPPfj7RzNLaWsvJyS4nL7YC8iPaOmie4WGM8bu2pJWJNCoc2g8lQqO0+l3jRZ5bFSEid3sdmd/2PEPZxM3vFaytJWE5Vm77R6m8q+rSCFFwpS2n44PISVv3i6tbOqRwix88PZ91oxRkUWLzyVZf/Cm9jkKKY87M2stVtYcnY1B84ZlGRs55kMxwVamOW/gFkBPWwyYZRSct78MSj03k6aghuU5Bfbh6IuJ6+gGqYF9my93WEJZ+XW5RQs30uhrYrspHVkJzl87xHJpnkxhPVFUyzpG4rfrm1TC795vLg6i4LX8rGd3sszMe06+3uMZ/46+0h0fRK/Xdg+62kO7txCXkf73S+a2JbBgcY9xpKHkyjMqcd6YjsLT2y3LyqKrQ9G9lJT5DHMX7eK/y7eTp6tlKPrF3DUibmkE4rfrm2Tg8rU5US91u79dz6BzF+/i03zHOOzn1x/u8ln9jreyD/LM6nlWAtSeOEnKU7MJeI8PRHrB/yi1pJ+PJWty2OYOXk8PsPNk2PLEMmxyzfw4vzunLjGELvtXd5aHs2UAO9v7txafMYwITCE6dGP8f2xHZRnWjQzJ43B4mFOG/bwArYeepfEqW1P2kHxe0ldH9O67OHeTJj6EGEjm1o2jE1p6by1Oobp9uXhYcHHP5Ap0fP4/j3d2KT2aquovApg4e5vdzb8k4XpTz3NFD8LPpNiWBbjvouAz9TVpGYm82JcFGH+9v1m8cYvMJyZc6Pc1rlZuk/x2z1B8clkJa8mdlogfvaXr1v8ApkyO56tv0tna3TLIBh9FL/Obl/zeL4/O5Kglni1TzN97mr2p21m1qiWBY4h9rV32bogkiD7MOKWUeMJiwrh7uu9U2QAJsWzPy2JlbNDmOBjAQ8LfiEOQ+lbOnuJtnRE8ds9I0dYzKaW/oFMiYph2fokcnKy2DovsN0N0f5z/e2eMcx8OZ2sJPu5yv46CsvwMUyYFM7MufHE3q+BPKT7hty4ceOGuwsxEH3xxRfcc09vZBL9RHMuL0QmcNQGU9Z9QPpP9HJQcQ9XxJbiVwYXg5MbolmaVgvha8lN6+WBJ7pA8dsNil/pJwZdbLmIzdb9nphqmigiIjJAGGeyOFDmw9TvjsdvlA80Win7OIVXM80RQsIeeshtSZiIiHSNEjEREZEBouQPu3i1/Utj7SyT4nlx8UBr+iUicudSIiYiIjJA+EyKYtbU05RcsPLl5XqMod74jQtlevQ8li2LIUzvJxQRGTDUR6yb1I5WpG+oj4nIwKX4FRm4FFvd05M+Yho1UURERERExMWUiImIiIiIiLiYEjERcZ5huLsEIgAY1np0NIqIyECmREz6AYPClHUsfSqGqHVZ3L6lbT0nX5vH98KjmLcz34np73Dn0nkhYQExsxI4UN29RVSmryM6KpL7Ht5OXnNvF1DEedb01UQ9EMp9s7fpWBSRHqonb9sC/ik8innbVJ8Q11MiJv1AE+fzczhZUM6XNifucRunSUstxdZYS2FaFgV9XRlrrqeyonbg3n2vyuf4iWJKKmwY17u3CKPqLGU1egIh7vdVnZVK1ZZkwDOwVVRh69c3EwZCGZ1xi+1oLiItrRhrYy2Fael9X58QaUeJmFtVcWDFY3zv/lC+M8n+LySU+yKjiH4qgRf2ZFFS5+4ydp2tNIfdGxKIiY7ivvtDuS88kqgne3F7LBHEzh6PBQtBs6OZ6tELy+xESdI87pscSdSKw5Q5fYKu5+hP7H/PqJc4eYtKo1G8negQc9qFafW9VGpxieZSdsY4xG5H/x7coqc2Iv2SG6+/uVv4p/sj+N6sl8iw9v7i8zZEmdsT+RInu3v+6eMyuszttsMjlFmzAs36xKxoJvdhfUKkI0rE3Km5HmtFFW0eAjWDUVdLWUEuR5PWETNrATsLBkoFvZa8nfHMiF3NzrRcSipqMQwwGuupPOOwPadqe7ieMcza9gF/LS0i5+Uo+vK1OVfqrBhdvpBZsdbYf6zJYueR8k6mqyVjd+o3Cd4V60C+2omIDCDuvP5eteJM4w+3GghldMZtt2MMs7ZkmfWJLdH4ua5kIqAXOvcj01aTviEaHwxs1irO5Kay+0A+1rpidj+fxMzsDUyxuLuQt2JQkrScpXtLzeZrfuHMXzCPH4T4YWmsojA3nQN/KMVWV8zuFauwHElhZUgPN6i/3rlqtlL1zZ1Ug5IDKZxcvJmZw9tNV5zCnlOtV4gvL1qBQFeWVHrLtNWkr4/ipiPa4kdQfz1ORcQ04K+/0mM6T4ubKBHrJyze4wibFGhW5CaFMOXBaKZ6xhCztxyF97IUAAAY/klEQVSqc8kuhSnhUJK6jld/X8z5civWRgOLz3iCIqNZtnIVsR0kNrYz6ezel0726VIqbQYWizd3j7+XoNAI/nnJKuZPdpynnpKM/exOfZ+80ioMyxgm3P8QcctXs2zamFtvQHkqv3jbnoQFLmD/wQ3MdLi1NDNmAUuiX2LeqnQqG4vZ/ctUYo/EM6HdYozPc/hFfAp5ReVYm72ZEDKN2CWrWRkT6FDJredoQhQvnDCwPLyZPyXPa/NUzFqcyu7kdI5/Wo7V8GRCYAQzF64mMS7k5qdndcUcTU7h4AenKaupB58xTAidxuLEzSxx3Dfn9hITsvebXycsTiX3pfCO94Vh5UvH5ojWLN5OX87MxePb7OvMlN9T6fC0zVZrxYC2lXmjipPv7uLt/zpNQXUtDB9P2APRxD2TwPzJ3jevuyaffUnJpOUWU3YZfMaHMP1eW+d9u2ry2bc7mbSTDtNHLyBxZQxB7RNH6ZTFexxhISE3J2J2RnkOBw7n8MeiYs5fsGK9amAZMZ6gqOW89fo8Jlhz2flyMtmffU6ltR4DC34B4Uz/UQI/j4/Ez6GSUJaxnd3ZRZR9XkVlTS02AyyjApk6O57E+Hs5//tU0nJOU1JRCyPGE/bgPFauW87Mce1L5US8W9NZ+PBL5BkQlphF1vLAb+bNXBHFczkwc0su++NajsVydsfGsLMUfGYn8aekaPs+qacsaz87D7xP3rkqbHgzIeQhYpcksHJ2YJv9VnkqhYOZ+RT85Sxl1bXYrlvw8RvH1Pjt7I8P6XgHN1dxdMU8XjhRDz6RvHgwmWU9vdEjd4xev/7aSsk8mE52fhElfzP7PhsWbyYEPsGL72xgVst0zflsjAplY8vvIavJeS+cgzPjOVADPnOT+dM2xxs8VeyLe4xXi8ESvY0/7YnpQouQKrKT9pJZcJaSL6r4sq4ewwCLXyBTo+axYk080zt6HNRRGTOXE9Tye5euIQZlx5PZfSSHvL9UYzXA4uPNhIB7CQqNYvHqeKaPAqilMO0waSfyKfjb51TW1mNct+A3PoT5m1NInGbBKEjhZ0lZFP6tnEqbAUPt9YVla1kZPf7mc3Gn22GQuWIaz+UY8OBm/pQyr81TMVtxOrv3pZKdX06lAX4B4Tw8N54Vi6OY4LgSaz779qTyx798zvnqamw2AwMLPuNDmDk3gcSftJu+uZa8A0nsSf+Ygs9rweLN3f73EvRQPL9arydzA92//uu/dvrdf/zHf7T5XYlYPxb03XuxUI7BFb68bH5mVBSTd6bqm2kMWxUlOSk8l3+WK+kpLAlond+atY55a7PaVPaNxnoqzxVTea6YKyFPMX9yS3JQz8mXn+KZ1PLWSrtRS9mpdF49/TEl29/jjZjOk7HC3x+h0AAYz5KX17ZJwlr4RW9g09yPWZpei1GcTlppPInt61UVuWRWtPxST2VxDruLT5NX/S6pyzuv6LaozFjHwvWO22xQWZrLgQ355P0tmfSXIlsvXBXpPLP4JbJrHBZQV0vZ6bNYb7umW6izcuU6wBimR/mRl1tK3oEjFC5Yy5SWCnV5Kvs+qAePQGZOs3HyVC3GZStfQmty2ljM7qeXs7PYoWmMUUVhTgqFuTkUbUtl62yHv0l1Os881XZ7bBXFZFfQsXOpLI3fwklru+nfLubkp9WkH1xOmOqyveLLEym8erC4zWeGrYqyRgsjAYZaKTlR7NAP0cBank/mtnwKq1LIernluK2nIDuVzBNtU2ujrpy81JfIS223YlsVhceTWPo3G+mZax3u6jsZ736R/CAY8s5A2V/OYiPQLEfzWQo/M+c885ciiIuyr+8sheUAFqY+GPFNEnZy81M8c9BhXdRTWZDF7oIcThYnk7q+dfvyDu5iX5vtM7DVlHOFDm48tMzzagIbT9SDJZAlr+9SEiY91qPr74Usdu5ObXPtpbGeymoDy+0yJ49wfjDNmwMZ9diK8ilpjmq9btiK+d+l2ONrWtea5TeX88eD6WS367NsWMvJS99OXlE1h9/bwPSu3ID7/9s7/9imsiuPf6SM5iHYPBQU00jjKJVJWZkwqxC2Cg2S07A1Dd3QsOMRUT0CEQQCNBFBzZL5sckChQWaiFmMQASBJm3QeJSono133I2bpyXFKzLxDEk8AuMVDVYjG5WNLaI8C8QbjaX94z0nTuL8MGS6zNZfKZLzfN97917fe8753nvOuWnpkBh9J/dw6Hpg2sKgMq4wMh5l5E6Ewjc1Iha/R1fLFTqn1VUhEpbhr7QHTgToGwhMZTmMa/bC28OMfPAJl+exVxaLkKuRt2bYUJH7XjpbvPT8Zz32XyW17388XO+Upv/mKMijPpy2g/Q/sPHbDxIES6H/9B7eup4UtvA0RijoY+y78otYHxm8JPj1r3+dkozNJGFkYsReZij47yQE1kpWr1KvFlmauNzuQOrz8LnHheOMhUIBkL1c6wxM3f7IwTvHVQEirLVw9uNePvd6+dx1lLIUs1yWTvKOPYhCLmVv23D1efA4bdRtyoZ4FGeLjf45t1XCDN7WlNNrJqq/P5cYEajYVq4KoniQoeEUsWJ5Jupa2nC4XLjaT1JjFIAYQxdb6Fwo9fojB8e0NudvO8qHLg+f99k5bzUioDBiP8nVyS4Kc/XdUyppEQxUN9pwOF24Pm7jfHM91TMJoqGWj255+dKr/rka59gNAxiXVeWQpaNkXy2VIjD6G5V4gSqEOxz44yBuOUjdJo21ynJSVieFIVujSsKycik70MJHTgeOtqNUGwRQwnQ2n8Q5qQBjOFtatPboqXyvDZfbhaujhfe36WdVkXiQi++20hdJjA8Xn3t6+eh4FYUCKL42/rkrPPu+DFJCiT3EHwjM+AsSmTlnlpfS0OFAknqRutq4XKcZUznl1H3QhsPZi8fjweNso8GkGhKh7nZ6UiUNKD7AR04XHreDy7XFk8pbt/kA5685kFyJsa8Rf2mK0C9+vusp26zugik+H3cT4/OBj0Ft7EV8w1ME8o6XuwqQZeQHpblT79JIWL65nstdDlwf22jYkqvKufajnPakEC7ra/nwExceyYWr3cY/bU0xjlEYaT+skbxcKprbOGGai7BlkMFi8YL6dxK5VDbbcbl7kZx2PmytnZ5cKquYBueUXvny+h4KEdho2qTO2/BN+h4k1cqXmF8GfrCQl8o8KLTacLl68bjtXD5QrMqgoINLjhQ6OWUd09chqhwIaHLgKB+6PXzp9SCdmX/3J9/SgsPVi8ft4KMLzZO6WdhQyy8vteNy9/K5pxepvYnKAoAo7o5PCS22HXPhkYNjTQkbqooTbQ5cznbO71MXjeRBG0cuzvGbn7IjuXuRPmnT5BxEemx0JIorXrqcKgnL39GC65aX/77twfNJG+cPln+jce8Z/Pkwk3SlImFkdsReHiixh/jvBhC+Vhj70wOG+ux0fKoJsQIzla+rH4W1JirXJu7KRWdposHj4lCPQuj+PWRU97sRh13N1pdlpO6Dk9Qk7hH109ycVETpvi4RAURzI5frzaogeM1Mw/EgfX9vw//Iy+/uQtnGFJWPR5nMM5FvIH8+X+sC9ftIPBETNV2ZCOvM7N+hJeBYa+Dsv0a5+/c2/IoXZ2+Y3bWpjDEVI53t9D0F8iycaKmlQlD7qLq5Gf9NK1cfBunzBGkwGmDwY64Pqo6AZe+1cd6aeK6BolRtfOVVVq7KRlyMH/njKGNxIEtE910zFRY97vYwfR2/IbStlvyIxHVXGNCzY6+Z/AcO9b7xKGNAEYDs4apD/f11O05xuUHrE6OREv1XjFTb8MsSHc4w1fv0IN/EeUM1tPOtLZxPGOYGA0VPPVzsCU8/H+ULOx13FcgysP/sSWrWq5d11pM0+G5yqDuG/4aXyC59xkViMRiwYam2zbioZ39XL+8nc/ZX9BR936jGjRXokwyBXEq2mabK5Zmoa3wL9y0b/qdBHowCOdOfLqzSs96o7lDl//wgO7oP0jkOy9aWU21SrZXCxoO4XfW4ZQX/vTBUGdOe70WbN6G7EiTyeIChB1C2FiK+gSny9cBH/2Mo1IF/YJgIwJpSyvRMexeGA1y+cICiLAAjRetFIlW1dIxG6ba7eN803cVYWG1g43ptB64gVeykQqi7mWMtXmSyKWm4wuWdc8uHDDKYC0utfyeRtYz8DcUUGQD0FM7yrBUQc7IRZ8xtcbOZiuUS7qdB+jxhGtaq43rkC21+FZioKJj5rMVD1BspWqsH9OQfacYvWbgYVBi8PYyyyzxjRyZ1HdPTIVF67JocKLBy/oPayd158bvzaxjdmmJKtPbnJ4uBHCOV5qRyeVZ+USvhPu6F+wH8cWbYInO0Yw5M2hNCMQ2XWiZ3O4uM6xAe/YhDrhgjXXb66k5qtoaGrGXkryumUPvN65pr6bvZylBi8dmYC8go2tqT+J01FOqyEcgmf71pVrhGBt9uJHbG5iJhZIjYS4QBG5Y3ZhpyQE4xDa0Hk1wTgrgdDn7ve0BoTObZCh3LEotOTxRtBS/G4LC25W3cmqQ45oByj6F76p3K7QtYKtuSvpS1rfYIoVAMNr74anNaiZgKTFQU2PAHYSQQBOYytGIM3tHaPH6TY9VVnJ787ismtIW+0B/DgIHQ8IC6YiaU8tNUO0YvAEXWYrJeEVi5XKDE+jNK7K0M+T7mus/KztvtqntI8c/Yt1FA/JOIAChPZeSvtaDhP/jwywDZbNk2IzPkWjOVa234A+Af9qGgR/hDgBFFLV9mKl7QtWHkS02hxx/S+Y9VuJPrP64SOiUcZCxOCuKewTeByKCDjk+9jIyGGXsmsHKVohJ6niE/WeBmwcCaAmAcxpKzbwp6CvMAWc0ACsb05/sGE1ty7HSOB/nsdpS6tdkMDtxDIZf8ghih0Xt8dlth97YI/be1Vd7N5SrhUoYn35W/ZatGwhJ1K+XHm3PpGI2i3PFxN26hLJ2x9kTidJOCEhcotLbSvgjX5QwySIkl1b9LgJxyKsuzcffE8PdKhPbVkk+Yfq82v2bOpRdBloHCNQIEFZTxCDIsavEtLR3CPT67k5ADVUuT+CQew99jp8tzj9CjCBOIrEZzm4kr6pmZz91HSfaE0azttCWQTYV5E4JLQpGHGQpCxRyhqwDkreN7q2AokpDNuSBs4oebs3HfiOG/YsV818Iuq4WaLcbFLfZm8K3CfCSMDBF7OSHk5JJfsI6N5VXsslZRlFjBiUi8a22kc3QhcT+BrOVrFVa/xuqFXqjIk+ldlfEwIynPTlHgqznuz8pFlwc8BEJBQvMZ76PBSR/q1asXIe6zshE1FqI8kWcns5jEBHJiy0eJEgqmTpGvaMtQ8mPNTUvQsXqJ/QDkBBHLEhFWAOKb7N7SxlBPmM6rFxi7FwCyqbS+qa5+LRdUIva1zERCC07ITABkrURcNfMNIuJKrT1PVTdI3ZOk8isXrqMyMeUmGQkGSZk4/+s0SfNfMARzC19eqnpOIqDgv3YQa4uX5z+neBnCMu1jnKl5kpWN+OrUdfV1ac53oZQfbsqmsyfGoHcAuUbHZ7djoNtKQ22Ed457GPT6UDaF+ewuQC4VFcWz3qXTzV7EWZ0jAlHVLTfdJscThq/C2OgDQk9NFGUSzGTwgnhx/bsUyKaichNij4R8R8I9Wsv+5V5+HwDQU/F381n+6UJASAiuZwrPFnlXWjrkSbIcePHYLeJhOg9beVd60aNw5sKUPSGs0jFTpQo5OkQgEpeRJxZ6ljApg5XJoZNLzZkryMebONcTJHTLzulbds4VmKg7foq6zUvQRxl8a5AhYi8JFmPIDbW3qkpguZH9Z06xf4sRXTyKs+kNjriSBdIyxBXqJ+XpPBnzElghTK7C5O+z45kv/ikl9GzcoIfBMDz04PxCoWRTqpYo9PXc1OKnDJRsWISwiUeJaIaisEKcp39WThI2io/i6ZqdkTEZwkrNKFQijD2BOZ2yE4Ty64WrmsBETJPgKwTtsdlU7t5Ofo+dkNSOEyBvO7u2aXVYnmiXjBzTiNgqkZWAHJ9AfjzzDTIR7Zogiuo7VkyVHxubm67Oar9g4uytNmoyTun/dxh3ce6iSsJ05ibON25no/5VlPu/ovYNG0Npn2O3wIxPe74LlJk3IfRIKANe+r8Q6YuAuM1EZXmEjiwPQ7c8DJZGGFQAXTk/3JC4VYcoqFWKRGafxzQ2rs0VUZd+XIRopq5WpsPmRb7VSu3PRRyXLPO7RmeQQQosrf5NB3PPVbHcwjadRGfEh9MdZMd3POr8es1Edboq+oWQuo5p6RBhSubIT178XDbl5gVOS1HVA6S+lRPWUgqXf0XIcRTzcc8cNU6HQE/ZE8rjCBMzTITEziFZ4qIWPlMip5j9Nhc19R66O+1c7/QwMurh3NtHEX/bzu5ZWW4z+P+KTLKObw0UQqPamtPfWNi/zYhOAJbnopslAHP5nkEjOfe89Kdc8U5ClpEibYEtJLnof5p+7UretGjZg8J0nmqlL8U7I9IpjnWrCkt43UL1+oWfqwy4tKx/AuuL181TMpv1Rs2B/I4LZ6oY2iQUGtep7hfKML+bZ1Vt5XKtc8ejjC2SjE2uFL4qkNikEDZa2ZnU3qIa61TSlGWJcrGpXT1DMUWieu1Gj2f6bsF9aTKAu+h1zQ3xe8bJ8n1OacHdhXzjOlWxKF7+3bWIpByvaJVVltD9JgMVj8KEFIBctu2yUlaQjZAlIOZmT46fJcVzzHfRZFbPwRu/yVWbRCiuJRR4zaTGz4Rvcq5dXWTRmcxTY1tYR8nr6j+hG734k0ml4uV3NxPywMj6tAmUSMnBNuz16hyI3DjFofO+zPjM4BtAOvp3EVgxtfgWnkv9LDexs1p1m/f/m52rbpVg5G+tmnKV/CaxQB3T0iHCGgo1977Q4PDsRBppYmxUi3kWNrFrn4nCHAGEbPJzUlDpxfT1LGSzcYMmJAPSjMzDMfqkAVXOiBsoecGjP0WDid3vteH6WIufferj9wPfwCHiGby0yBCxbw2EKdeeexLdvoRE0XyhZ6DoJ9vVHSFZ4l+OXqEvGCXyMEi/Q8I/y1LRs+MftDikUTuH9pyiQ/Lhvx/Ef9eLu+sKVz0LSDDDHn6xR43RUO7b2Vtl5d1LdpySB3e3nXONFn502KG6JQpG9r9vTZmxSHkcZvBukJH7Afq6WrH+3K4KbZ2ZXQukoy3avl0lg/EA5w7UcrrLw9D9ICMBH/0uOxe7koy0zRZ2GNBS6h7gSLvEUCDIyF0ffd123Jp7eP5fr1GF+Hgv19o8+INB/IMSTs/cimfiqebcIWQnrbAaqHlLOw9muYldliTpLbyKkAXEk2KBRBP7LaoSjnQ3ceici6FAkKEb7Rw53KYatKKZ3ZqiRjSzS/ss95zE2mSnz6f249AfIrOMU6HUQk0BagbHM3s5dMlFv9bvQx4XVy+5phnNK0WtJfJNujp9RJ6DrGcwB3J0rH4FIEq/SyKU6NuvFu8mlB6eY76L5VRuFtTzfQbDWnxX9pSbVDzIkC8G5LJlW2nSuM9lh1XLiha8wqHD7bh9AfyDEhfrm+l4mCiTznlIyRAoevsCv6zSMjBea+T0rYwRk8FSIz39uyDWaAl74kG6L7bTHwgyEvDidnmnufiVvPkz1TgP2tUjHbIMVG//M22HLVDH9HSIgcqfqMRGGbBxpEXC/yhKJOjD+elw2m7Jq/N0qoxRhnE6g5PZhpVUqzCL7OuZKLRYqRABxce5t5vp8AQYCXhxthzmHZcqYwp3WqYn6lg0griv2XEPBAmNx1DkKKE/Rif1tJDZ1f+LQsY18VuEspq3KHLY8MteTu80cTorKe5jBoSNBzmxU2JvV5iIx8ZeT4pA5CToLE38YmAvR1xhZJ+dY29PP5BIZy1mv2k+IiRQcuQKl786zJF2H3LER6fNR+fMYmIx+1su0FA8h/TyXWHvG1emX1tuYPeZZjUN/HxYu4fzjcNYT3uIPPJytcnL1WnfH6DCUqwqtqxiGs7WM7jPxpAcwHmmXnUZ1FDynolKgx7RZGFHnkTnoxj9lw5SdUkrUHyUElNq90dZTsSfLZsmUHU7Wvmvv53gmbCS/Lzk9i2bPG/p2STBESipb6Fu+AAXfVH6rzTSn9wtgp7qk81U66bKl9W3UHfnABd9Mfxdp9jbNU9fCcXUnT3A4IErDMlh3LZG3MlDJKuUE5YqirR66jaXUyT48CtR3MetyHEPH+3K+LEvCfK2snNLG/09UUa66jF1aS6xabskLh7pz/dsKqpMiJK62yqUmtmijb1C81aKzqtZysjbyk9Lp89t0dzML3fd49D1ICGplUNS8rcCRbWtvG96kej9XKqPn+Kz4YN0PgzT0WTjx84myjLuthksIdLRvwvita3s3mJjSIoRudHKWzda1euCibObS6lJxKUZ3mT/ljaOJI6eWLt9UZ4kS4IF65ieDinc1Uzdf9RyMRBj6Fo9VddSvHORBEQot1JTINExGsXdVIW7aR6Zudi+nok8CyeOexk56iJ038GxfY5pX4sb6zlf95ykODLA9XOn6E9VX52Z6vLMERx/SfhfPemtMVYwiUUAAAAASUVORK5CYII=
]]></system-out>
  </testcase>
</testsuite>